<?xml version="1.0" encoding="UTF-8"?>
<testsuite name="com.hresource.app.server.service.appbasicsetup.userrolemanagement.UserRoleBridgeTestCase" tests="7" skipped="0" failures="0" errors="0" timestamp="2016-06-06T13:32:13" hostname="9873ee8edf99" time="0.93">
  <properties/>
  <testcase name="test1Save" classname="com.hresource.app.server.service.appbasicsetup.userrolemanagement.UserRoleBridgeTestCase" time="0.544"/>
  <testcase name="test2Update" classname="com.hresource.app.server.service.appbasicsetup.userrolemanagement.UserRoleBridgeTestCase" time="0.014"/>
  <testcase name="test3FindById" classname="com.hresource.app.server.service.appbasicsetup.userrolemanagement.UserRoleBridgeTestCase" time="0.008"/>
  <testcase name="test3findByroleId" classname="com.hresource.app.server.service.appbasicsetup.userrolemanagement.UserRoleBridgeTestCase" time="0.009"/>
  <testcase name="test3findByuserId" classname="com.hresource.app.server.service.appbasicsetup.userrolemanagement.UserRoleBridgeTestCase" time="0.011"/>
  <testcase name="test5NegativeTesting" classname="com.hresource.app.server.service.appbasicsetup.userrolemanagement.UserRoleBridgeTestCase" time="0.006"/>
  <testcase name="test6Delete" classname="com.hresource.app.server.service.appbasicsetup.userrolemanagement.UserRoleBridgeTestCase" time="0.335"/>
  <system-out><![CDATA[Mon Jun 06 13:32:13 UTC 2016|Log Manager Factory|Initialization Process started.....
Mon Jun 06 13:32:13 UTC 2016|Log Manager|Initialized with Path = [/home/applifire/workspace/hresource/src/main/webapp/WEB-INF/conf]
Mon Jun 06 13:32:13 UTC 2016|Alarm Manager|Initialized with Path = [/home/applifire/workspace/hresource/src/main/webapp/WEB-INF/conf]
Mon Jun 06 13:32:13 UTC 2016|Alarm Manager|Loading Alarms ......
Mon Jun 06 13:32:13 UTC 2016|Alarm XML Parser|FWA|XML Parsing Complete........ 
Mon Jun 06 13:32:13 UTC 2016|Alarm File Manager|FWA|Alarm File Status.. [ApplicationFrameworkAlarms.xml]|Version=15|Status=Done 
Mon Jun 06 13:32:13 UTC 2016|Alarm File Manager|FWA|Alarm Stats = ( BC/AL=4/564 SYS=4/10 [564/0]  TPL=0/0 [0/0]  APP= A.Map=[645]  E.Map EC/RC=[238/66] )
Mon Jun 06 13:32:13 UTC 2016|Alarm XML Parser|APP|XML Parsing Complete........ 
Mon Jun 06 13:32:13 UTC 2016|Alarm File Manager|APP|Alarm File Status.. [ApplicationAlarms.xml]|Version=1|Status=Done 
Mon Jun 06 13:32:13 UTC 2016|Alarm File Manager|APP|Alarm Stats = ( BC/AL=7/1212 SYS=4/10 [564/0]  TPL=0/0 [0/0]  APP=3/8 [648/0]  A.Map=[1137]  E.Map EC/RC=[474/110] )
Mon Jun 06 13:32:13 UTC 2016|ApplicationAlarmContext| <><><><><> Create App Alarms ....  <><><><><> 
Mon Jun 06 13:32:13 UTC 2016|ApplicationAlarmContext|Alarms are generated ONLY in Development Mode.. 
Mon Jun 06 13:32:13 UTC 2016|Alarm Manager|APP|Alarm Stats = ( BC/AL=7/1212 SYS=4/10 [564/0]  TPL=0/0 [0/0]  APP=3/8 [648/0]  A.Map=[1137]  E.Map EC/RC=[474/110] )
Mon Jun 06 13:32:13 UTC 2016|Alarm Manager|Initialized Exception Lookup...
Mon Jun 06 13:32:13 UTC 2016|Log Manager|Initialize Log Config File ......
Mon Jun 06 13:32:13 UTC 2016|Pluggable Connectors|Adding Connectors : StandardOutputConnector isEnabled=true isDefault=false isFallBack=true
Mon Jun 06 13:32:13 UTC 2016|Pluggable Connectors|Adding Connectors : StandardFileConnector isEnabled=true isDefault=false isFallBack=false
Mon Jun 06 13:32:13 UTC 2016|Pluggable Connectors|Adding Connectors : Sprinkler isEnabled=true isDefault=true isFallBack=false
Mon Jun 06 13:32:13 UTC 2016|Pluggable Connectors|Default Connector Name : com.spartan.logger.core.LogMessenger
Mon Jun 06 13:32:13 UTC 2016|Log Config Parser|Connector Least Log Level =[4]  FallBack Log Level =[3]
Mon Jun 06 13:32:13 UTC 2016|Log Manager|Loading Default Connector for Logging ......
Mon Jun 06 13:32:13 UTC 2016|Log Manager|Loading class .. com.spartan.logger.core.LogMessenger
Mon Jun 06 13:32:13 UTC 2016|Plugggable Connector|Connector class com.spartan.logger.core.LogMessenger Initialized... @ Log Level = 3
Mon Jun 06 13:32:13 UTC 2016|Log Manager|Starting the Default Connector [com.spartan.logger.core.LogMessenger@429d1755] ....
Mon Jun 06 13:32:13 UTC 2016|Scheduler|Starting the Scheduler ......
Mon Jun 06 13:32:13 UTC 2016|Scheduler|Adding [LMID=[7918462d-8802-4997-81a1-df4c252630b1]] Delay=5 Time Unit=MINUTES
Mon Jun 06 13:32:13 UTC 2016|Scheduler|Adding [App Alarm Manager File=[ApplicationAlarms.xml]] Delay=30 Time Unit=MINUTES
Mon Jun 06 13:32:13 UTC 2016|Scheduler|Adding [FW Alarm Manager File=[ApplicationFrameworkAlarms.xml]] Delay=3 Time Unit=MINUTES
Mon Jun 06 13:32:13 UTC 2016|Scheduler|Startup Completed..
Mon Jun 06 13:32:13 UTC 2016|Log Manager|Initialization Process Complete ......
Mon Jun 06 13:32:13 UTC 2016|Log Manager Factory|Log Manager READY! ID = 7918462d-8802-4997-81a1-df4c252630b1
[EL Fine]: sql: 2016-06-06 13:32:13.275--ClientSession(637333088)--Connection(1562858407)--Thread(Thread[Test worker,5,main])--INSERT INTO ast_UserAccessLevel_M (userAccessLevelId, levelDescription, levelHelp, levelIcon, levelName, userAccessLevel, versionId, createdBy, createdDate, updatedBy, updatedDate, activeStatus, txnAccessCode) VALUES (?, ?, ?, ?, ?, ?, ?, ?, ?, ?, ?, ?, ?)
	bind => [B632C14D-00CF-4200-8179-F72AD065E517, qnMEwxi0MOKgxWBMlNsI2cDr7O8pmsewIW25gK4v5Ybq7kAy5D, fn7CK3aTiXO0gfSewj2xeMF6rf48tx155WqTem4kbChBuA8mtT, njOtrmrGzC80vCrlKu86GuJkgD0BYe2oB702huXyo5yz2Ap75o, dOZQeEjOqjOjICg4QUiiFsy2MeBL3sAGtFrNU34edrw0aSEtlQ, 46432, 1, AAAAA, 2016-06-06 13:32:13.272, AAAAA, 2016-06-06 13:32:13.272, 1, 51000]
[EL Fine]: sql: 2016-06-06 13:32:13.35--ClientSession(1388421313)--Connection(1562858407)--Thread(Thread[Test worker,5,main])--INSERT INTO ast_UserAccessDomain_M (userAccessDomainId, domainDescription, domainHelp, domainIcon, domainName, userAccessDomain, versionId, createdBy, createdDate, updatedBy, updatedDate, activeStatus, txnAccessCode) VALUES (?, ?, ?, ?, ?, ?, ?, ?, ?, ?, ?, ?, ?)
	bind => [E804A3BF-2CAC-4E97-B431-15DC1EEEC440, gglugZrMCcrbmHiV8iRtxJg93Z8vOAiJI1OcUh9ogPber0gc97, 70ipDuXoyFVIoKBNJ6xSvBDk3GDhYELdye5mjJo2n6y2ptGtfM, A55vwBFSelPL3HJySXNbLTSgmoycqFsJm8lHP37hOzNb0GBxtu, uhvlIWG7rj9FkVs9BV9pDhHyJ1BM4lbbFcP5ENt4ewqdCyAmfq, 99295, 1, AAAAA, 2016-06-06 13:32:13.348, AAAAA, 2016-06-06 13:32:13.348, 1, 51000]
[EL Fine]: sql: 2016-06-06 13:32:13.433--ClientSession(461782564)--Connection(1562858407)--Thread(Thread[Test worker,5,main])--INSERT INTO ast_Question_M (questionId, levelid, question, questionDetails, questionIcon, versionId, createdBy, createdDate, updatedBy, updatedDate, activeStatus, txnAccessCode) VALUES (?, ?, ?, ?, ?, ?, ?, ?, ?, ?, ?, ?)
	bind => [E0547F9D-977F-4D22-B368-948E26189D5E, 5, aI0Hw76w25JUiah3UDr936sSI6eusvxn6148Nr3yYIAhatkRPf, N7BuBakCmX, 0XUM88H5mbaw1XiF40TOeHl1ihi4etZeEnLQlTLLvD65CudLOi, 1, AAAAA, 2016-06-06 13:32:13.429, AAAAA, 2016-06-06 13:32:13.429, 1, 51000]
[EL Fine]: sql: 2016-06-06 13:32:13.512--ClientSession(1801598840)--Connection(1562858407)--Thread(Thread[Test worker,5,main])--INSERT INTO ast_User_T (userId, allowMultipleLogin, changePasswordNextLogin, genTempOneTimePassword, isDeleted, isLocked, lastPasswordChangeDate, multiFactorAuthEnabled, passwordAlgo, passwordExpiryDate, sessionTimeout, userAccessCode, userAccessDomainId, userAccessLevelId, versionId, createdBy, createdDate, updatedBy, updatedDate, activeStatus, txnAccessCode) VALUES (?, ?, ?, ?, ?, ?, ?, ?, ?, ?, ?, ?, ?, ?, ?, ?, ?, ?, ?, ?, ?)
	bind => [BB825063-E081-4AD7-80EF-B7AA483FEA07, 1, 1, 1, 1, 1, 2016-06-06 13:12:42.161, 1, 8Xqx0DKyy0eaDbKoP1iYL6WRqtLPFHjh0JuwtZKiBMEYNxc3qO, 2016-06-06 13:12:42.206, 2473, 44565, E804A3BF-2CAC-4E97-B431-15DC1EEEC440, B632C14D-00CF-4200-8179-F72AD065E517, 1, AAAAA, 2016-06-06 13:32:13.272, AAAAA, 2016-06-06 13:32:13.272, 1, 51000]
[EL Fine]: sql: 2016-06-06 13:32:13.514--ClientSession(1801598840)--Connection(1562858407)--Thread(Thread[Test worker,5,main])--INSERT INTO ast_PassRecovery_TP (passRecoveryId, answer, questionId, versionId, createdBy, createdDate, updatedBy, updatedDate, activeStatus, txnAccessCode, userId) VALUES (?, ?, ?, ?, ?, ?, ?, ?, ?, ?, ?)
	bind => [EB9073BA-3C24-4FE9-BDBD-BB9A0E930123, AJrSkFipnzLsqRwUhbUc6GbVXCAPcTsyZ8wMjLkjhEsSXXXdon, E0547F9D-977F-4D22-B368-948E26189D5E, 1, AAAAA, 2016-06-06 13:32:13.429, AAAAA, 2016-06-06 13:32:13.429, 1, 51000, BB825063-E081-4AD7-80EF-B7AA483FEA07]
[EL Fine]: sql: 2016-06-06 13:32:13.515--ClientSession(1801598840)--Connection(1562858407)--Thread(Thread[Test worker,5,main])--INSERT INTO ast_UserData_TP (userDataId, last5Passwords, oneTimePassword, oneTimePasswordExpiry, oneTimePasswordGenDate, password, versionId, createdBy, createdDate, updatedBy, updatedDate, activeStatus, txnAccessCode, userId) VALUES (?, ?, ?, ?, ?, ?, ?, ?, ?, ?, ?, ?, ?, ?)
	bind => [889B0D03-8BEC-49D5-8B9B-ECBDE79C27B9, 9p6upORi1mNtJPY2tHfIZnf5DSvmfvoYRgDcaVpwAGMr7Q075t, RicZoeL3FG24ruvGbIc9Lin7oMuuc7Uu, 6, 2016-06-06 13:12:42.549, g6fJ0zgNXIQsE6HcU1UXxAaIaNKFE0LleVBLAGldxdrZ3OAAaR, 1, AAAAA, 2016-06-06 13:32:13.508, AAAAA, 2016-06-06 13:32:13.508, 1, 51000, BB825063-E081-4AD7-80EF-B7AA483FEA07]
[EL Fine]: sql: 2016-06-06 13:32:13.588--ClientSession(1369802023)--Connection(1562858407)--Thread(Thread[Test worker,5,main])--INSERT INTO ast_Roles_T (roleId, RoleDescription, roleHelp, RoleIcon, RoleName, versionId, createdBy, createdDate, updatedBy, updatedDate, activeStatus, txnAccessCode) VALUES (?, ?, ?, ?, ?, ?, ?, ?, ?, ?, ?, ?)
	bind => [2840947E-3008-494B-B64D-ED6FBEC4F6FF, YuBYb71A1tGirUNY5oYigygU0NmkJkzFxoJ0nBosTkDdo7kH0M, Wvpb1C6bGE2ytThGGZ3Ph0t1lQkhYzauJ5LufrKLrLv1esyK9H, 0V8xE5dpHZAIR9d3CimzTsHc7jqI4CFnmNJ2SFn5xthQyApV87, EjdGOkbL9edMhUyV8TLL2DXIPXnNw9jMRu9fZol4vr9lazCApN, 1, AAAAA, 2016-06-06 13:32:13.581, AAAAA, 2016-06-06 13:32:13.581, 1, 51000]
Setting logged in user info for ADD
[EL Fine]: sql: 2016-06-06 13:32:13.652--ClientSession(2000639499)--Connection(1562858407)--Thread(Thread[Test worker,5,main])--INSERT INTO ast_UserRoleBridge_T (roleUserMapId, roleId, userId, versionId, createdBy, createdDate, updatedBy, updatedDate, activeStatus, txnAccessCode) VALUES (?, ?, ?, ?, ?, ?, ?, ?, ?, ?)
	bind => [D11EFE50-D14E-4206-98C9-3E5F66A6D373, 2840947E-3008-494B-B64D-ED6FBEC4F6FF, BB825063-E081-4AD7-80EF-B7AA483FEA07, 1, AAAAA, 2016-06-06 13:32:13.647, AAAAA, 2016-06-06 13:32:13.647, 1, 51000]
[EL Fine]: sql: 2016-06-06 13:32:13.783--ClientSession(1104778524)--Connection(1562858407)--Thread(Thread[Test worker,5,main])--SELECT roleUserMapId, roleId, userId, versionId, createdBy, createdDate, updatedBy, updatedDate, activeStatus, txnAccessCode FROM ast_UserRoleBridge_T WHERE ((activeStatus = ?) AND (roleUserMapId = ?))
	bind => [1, D11EFE50-D14E-4206-98C9-3E5F66A6D373]
Setting logged in user info for UPDATE
[EL Fine]: sql: 2016-06-06 13:32:13.788--ClientSession(1622070713)--Connection(1562858407)--Thread(Thread[Test worker,5,main])--SELECT roleUserMapId, roleId, userId, versionId, createdBy, createdDate, updatedBy, updatedDate, activeStatus, txnAccessCode FROM ast_UserRoleBridge_T WHERE (roleUserMapId = ?)
	bind => [D11EFE50-D14E-4206-98C9-3E5F66A6D373]
[EL Fine]: sql: 2016-06-06 13:32:13.797--ClientSession(2113425297)--Connection(1562858407)--Thread(Thread[Test worker,5,main])--SELECT roleUserMapId, roleId, userId, versionId, createdBy, createdDate, updatedBy, updatedDate, activeStatus, txnAccessCode FROM ast_UserRoleBridge_T WHERE ((activeStatus = ?) AND (roleUserMapId = ?))
	bind => [1, D11EFE50-D14E-4206-98C9-3E5F66A6D373]
[EL Fine]: sql: 2016-06-06 13:32:13.806--ClientSession(1271260712)--Connection(1562858407)--Thread(Thread[Test worker,5,main])--SELECT roleUserMapId, roleId, userId, versionId, createdBy, createdDate, updatedBy, updatedDate, activeStatus, txnAccessCode FROM ast_UserRoleBridge_T WHERE ((activeStatus = ?) AND (roleId = ?))
	bind => [1, 2840947E-3008-494B-B64D-ED6FBEC4F6FF]
[EL Fine]: sql: 2016-06-06 13:32:13.818--ClientSession(639038279)--Connection(1562858407)--Thread(Thread[Test worker,5,main])--SELECT roleUserMapId, roleId, userId, versionId, createdBy, createdDate, updatedBy, updatedDate, activeStatus, txnAccessCode FROM ast_UserRoleBridge_T WHERE ((activeStatus = ?) AND (userId = ?))
	bind => [1, BB825063-E081-4AD7-80EF-B7AA483FEA07]
[EL Fine]: sql: 2016-06-06 13:32:13.834--ClientSession(539833316)--Connection(1562858407)--Thread(Thread[Test worker,5,main])--SELECT roleUserMapId, roleId, userId, versionId, createdBy, createdDate, updatedBy, updatedDate, activeStatus, txnAccessCode FROM ast_UserRoleBridge_T WHERE (roleUserMapId = ?)
	bind => [D11EFE50-D14E-4206-98C9-3E5F66A6D373]
[EL Fine]: sql: 2016-06-06 13:32:13.836--ClientSession(539833316)--Connection(1562858407)--Thread(Thread[Test worker,5,main])--DELETE FROM ast_UserRoleBridge_T WHERE ((roleUserMapId = ?) AND (versionId = ?))
	bind => [D11EFE50-D14E-4206-98C9-3E5F66A6D373, 1]
[EL Fine]: sql: 2016-06-06 13:32:13.909--ClientSession(1564451490)--Connection(1562858407)--Thread(Thread[Test worker,5,main])--SELECT roleId, RoleDescription, roleHelp, RoleIcon, RoleName, versionId, createdBy, createdDate, updatedBy, updatedDate, activeStatus, txnAccessCode FROM ast_Roles_T WHERE (roleId = ?)
	bind => [2840947E-3008-494B-B64D-ED6FBEC4F6FF]
[EL Fine]: sql: 2016-06-06 13:32:13.911--ClientSession(1564451490)--Connection(1562858407)--Thread(Thread[Test worker,5,main])--SELECT roleMenuMapId, isExecute, isRead, isWrite, menuId, versionId, createdBy, createdDate, updatedBy, updatedDate, activeStatus, txnAccessCode, roleId FROM ast_RoleMenuBridge_TP WHERE (roleId = ?)
	bind => [2840947E-3008-494B-B64D-ED6FBEC4F6FF]
[EL Fine]: sql: 2016-06-06 13:32:13.912--ClientSession(1564451490)--Connection(1562858407)--Thread(Thread[Test worker,5,main])--DELETE FROM ast_Roles_T WHERE ((roleId = ?) AND (versionId = ?))
	bind => [2840947E-3008-494B-B64D-ED6FBEC4F6FF, 1]
[EL Fine]: sql: 2016-06-06 13:32:13.984--ClientSession(1706429032)--Connection(1562858407)--Thread(Thread[Test worker,5,main])--SELECT userId, allowMultipleLogin, changePasswordNextLogin, genTempOneTimePassword, isDeleted, isLocked, lastPasswordChangeDate, multiFactorAuthEnabled, passwordAlgo, passwordExpiryDate, sessionTimeout, userAccessCode, userAccessDomainId, userAccessLevelId, versionId, createdBy, createdDate, updatedBy, updatedDate, activeStatus, txnAccessCode FROM ast_User_T WHERE (userId = ?)
	bind => [BB825063-E081-4AD7-80EF-B7AA483FEA07]
[EL Fine]: sql: 2016-06-06 13:32:13.985--ClientSession(1706429032)--Connection(1562858407)--Thread(Thread[Test worker,5,main])--SELECT userDataId, last5Passwords, oneTimePassword, oneTimePasswordExpiry, oneTimePasswordGenDate, password, versionId, createdBy, createdDate, updatedBy, updatedDate, activeStatus, txnAccessCode, userId FROM ast_UserData_TP WHERE (userId = ?)
	bind => [BB825063-E081-4AD7-80EF-B7AA483FEA07]
[EL Fine]: sql: 2016-06-06 13:32:13.986--ClientSession(1706429032)--Connection(1562858407)--Thread(Thread[Test worker,5,main])--SELECT passRecoveryId, answer, questionId, versionId, createdBy, createdDate, updatedBy, updatedDate, activeStatus, txnAccessCode, userId FROM ast_PassRecovery_TP WHERE (userId = ?)
	bind => [BB825063-E081-4AD7-80EF-B7AA483FEA07]
[EL Fine]: sql: 2016-06-06 13:32:13.988--ClientSession(1706429032)--Connection(1562858407)--Thread(Thread[Test worker,5,main])--DELETE FROM ast_UserData_TP WHERE ((userDataId = ?) AND (versionId = ?))
	bind => [889B0D03-8BEC-49D5-8B9B-ECBDE79C27B9, 1]
[EL Fine]: sql: 2016-06-06 13:32:13.989--ClientSession(1706429032)--Connection(1562858407)--Thread(Thread[Test worker,5,main])--DELETE FROM ast_PassRecovery_TP WHERE ((passRecoveryId = ?) AND (versionId = ?))
	bind => [EB9073BA-3C24-4FE9-BDBD-BB9A0E930123, 1]
[EL Fine]: sql: 2016-06-06 13:32:13.991--ClientSession(1706429032)--Connection(1562858407)--Thread(Thread[Test worker,5,main])--DELETE FROM ast_User_T WHERE ((userId = ?) AND (versionId = ?))
	bind => [BB825063-E081-4AD7-80EF-B7AA483FEA07, 1]
[EL Fine]: sql: 2016-06-06 13:32:14.018--ClientSession(1769188899)--Connection(1562858407)--Thread(Thread[Test worker,5,main])--SELECT questionId, levelid, question, questionDetails, questionIcon, versionId, createdBy, createdDate, updatedBy, updatedDate, activeStatus, txnAccessCode FROM ast_Question_M WHERE (questionId = ?)
	bind => [E0547F9D-977F-4D22-B368-948E26189D5E]
[EL Fine]: sql: 2016-06-06 13:32:14.019--ClientSession(1769188899)--Connection(1562858407)--Thread(Thread[Test worker,5,main])--DELETE FROM ast_Question_M WHERE ((questionId = ?) AND (versionId = ?))
	bind => [E0547F9D-977F-4D22-B368-948E26189D5E, 1]
[EL Fine]: sql: 2016-06-06 13:32:14.052--ClientSession(1708731053)--Connection(1562858407)--Thread(Thread[Test worker,5,main])--SELECT userAccessDomainId, domainDescription, domainHelp, domainIcon, domainName, userAccessDomain, versionId, createdBy, createdDate, updatedBy, updatedDate, activeStatus, txnAccessCode FROM ast_UserAccessDomain_M WHERE (userAccessDomainId = ?)
	bind => [E804A3BF-2CAC-4E97-B431-15DC1EEEC440]
[EL Fine]: sql: 2016-06-06 13:32:14.054--ClientSession(1708731053)--Connection(1562858407)--Thread(Thread[Test worker,5,main])--DELETE FROM ast_UserAccessDomain_M WHERE ((userAccessDomainId = ?) AND (versionId = ?))
	bind => [E804A3BF-2CAC-4E97-B431-15DC1EEEC440, 1]
[EL Fine]: sql: 2016-06-06 13:32:14.125--ClientSession(1496656844)--Connection(1562858407)--Thread(Thread[Test worker,5,main])--SELECT userAccessLevelId, levelDescription, levelHelp, levelIcon, levelName, userAccessLevel, versionId, createdBy, createdDate, updatedBy, updatedDate, activeStatus, txnAccessCode FROM ast_UserAccessLevel_M WHERE (userAccessLevelId = ?)
	bind => [B632C14D-00CF-4200-8179-F72AD065E517]
[EL Fine]: sql: 2016-06-06 13:32:14.127--ClientSession(1496656844)--Connection(1562858407)--Thread(Thread[Test worker,5,main])--DELETE FROM ast_UserAccessLevel_M WHERE ((userAccessLevelId = ?) AND (versionId = ?))
	bind => [B632C14D-00CF-4200-8179-F72AD065E517, 1]
]]></system-out>
  <system-err><![CDATA[]]></system-err>
</testsuite>
