<?xml version="1.0" encoding="UTF-8"?>
<testsuite name="com.hresource.app.server.service.humanresourceboundedcontext.employee.EmployeeInfoTestCase" tests="8" skipped="0" failures="0" errors="0" timestamp="2016-06-06T13:31:49" hostname="9873ee8edf99" time="3.803">
  <properties/>
  <testcase name="test1Save" classname="com.hresource.app.server.service.humanresourceboundedcontext.employee.EmployeeInfoTestCase" time="2.094"/>
  <testcase name="test2Update" classname="com.hresource.app.server.service.humanresourceboundedcontext.employee.EmployeeInfoTestCase" time="0.173"/>
  <testcase name="test3FindById" classname="com.hresource.app.server.service.humanresourceboundedcontext.employee.EmployeeInfoTestCase" time="0.013"/>
  <testcase name="test3findBydeptTypeCode" classname="com.hresource.app.server.service.humanresourceboundedcontext.employee.EmployeeInfoTestCase" time="0.015"/>
  <testcase name="test3findBydesignationTypeCode" classname="com.hresource.app.server.service.humanresourceboundedcontext.employee.EmployeeInfoTestCase" time="0.013"/>
  <testcase name="test3findByjobTypeCode" classname="com.hresource.app.server.service.humanresourceboundedcontext.employee.EmployeeInfoTestCase" time="0.016"/>
  <testcase name="test5NegativeTesting" classname="com.hresource.app.server.service.humanresourceboundedcontext.employee.EmployeeInfoTestCase" time="0.046"/>
  <testcase name="test6Delete" classname="com.hresource.app.server.service.humanresourceboundedcontext.employee.EmployeeInfoTestCase" time="1.432"/>
  <system-out><![CDATA[Mon Jun 06 13:31:49 UTC 2016|Log Manager Factory|Initialization Process started.....
Mon Jun 06 13:31:49 UTC 2016|Log Manager|Initialized with Path = [/home/applifire/workspace/hresource/src/main/webapp/WEB-INF/conf]
Mon Jun 06 13:31:49 UTC 2016|Alarm Manager|Initialized with Path = [/home/applifire/workspace/hresource/src/main/webapp/WEB-INF/conf]
Mon Jun 06 13:31:49 UTC 2016|Alarm Manager|Loading Alarms ......
Mon Jun 06 13:31:49 UTC 2016|Alarm XML Parser|FWA|XML Parsing Complete........ 
Mon Jun 06 13:31:49 UTC 2016|Alarm File Manager|FWA|Alarm File Status.. [ApplicationFrameworkAlarms.xml]|Version=15|Status=Done 
Mon Jun 06 13:31:49 UTC 2016|Alarm File Manager|FWA|Alarm Stats = ( BC/AL=4/564 SYS=4/10 [564/0]  TPL=0/0 [0/0]  APP= A.Map=[645]  E.Map EC/RC=[238/66] )
Mon Jun 06 13:31:49 UTC 2016|Alarm XML Parser|APP|XML Parsing Complete........ 
Mon Jun 06 13:31:49 UTC 2016|Alarm File Manager|APP|Alarm File Status.. [ApplicationAlarms.xml]|Version=1|Status=Done 
Mon Jun 06 13:31:49 UTC 2016|Alarm File Manager|APP|Alarm Stats = ( BC/AL=7/1212 SYS=4/10 [564/0]  TPL=0/0 [0/0]  APP=3/8 [648/0]  A.Map=[1137]  E.Map EC/RC=[474/110] )
Mon Jun 06 13:31:49 UTC 2016|ApplicationAlarmContext| <><><><><> Create App Alarms ....  <><><><><> 
Mon Jun 06 13:31:49 UTC 2016|ApplicationAlarmContext|Alarms are generated ONLY in Development Mode.. 
Mon Jun 06 13:31:49 UTC 2016|Alarm Manager|APP|Alarm Stats = ( BC/AL=7/1212 SYS=4/10 [564/0]  TPL=0/0 [0/0]  APP=3/8 [648/0]  A.Map=[1137]  E.Map EC/RC=[474/110] )
Mon Jun 06 13:31:49 UTC 2016|Alarm Manager|Initialized Exception Lookup...
Mon Jun 06 13:31:49 UTC 2016|Log Manager|Initialize Log Config File ......
Mon Jun 06 13:31:49 UTC 2016|Pluggable Connectors|Adding Connectors : StandardOutputConnector isEnabled=true isDefault=false isFallBack=true
Mon Jun 06 13:31:49 UTC 2016|Pluggable Connectors|Adding Connectors : StandardFileConnector isEnabled=true isDefault=false isFallBack=false
Mon Jun 06 13:31:49 UTC 2016|Pluggable Connectors|Adding Connectors : Sprinkler isEnabled=true isDefault=true isFallBack=false
Mon Jun 06 13:31:49 UTC 2016|Pluggable Connectors|Default Connector Name : com.spartan.logger.core.LogMessenger
Mon Jun 06 13:31:49 UTC 2016|Log Config Parser|Connector Least Log Level =[4]  FallBack Log Level =[3]
Mon Jun 06 13:31:49 UTC 2016|Log Manager|Loading Default Connector for Logging ......
Mon Jun 06 13:31:49 UTC 2016|Log Manager|Loading class .. com.spartan.logger.core.LogMessenger
Mon Jun 06 13:31:49 UTC 2016|Plugggable Connector|Connector class com.spartan.logger.core.LogMessenger Initialized... @ Log Level = 3
Mon Jun 06 13:31:49 UTC 2016|Log Manager|Starting the Default Connector [com.spartan.logger.core.LogMessenger@4cd4115f] ....
Mon Jun 06 13:31:49 UTC 2016|Scheduler|Starting the Scheduler ......
Mon Jun 06 13:31:49 UTC 2016|Scheduler|Adding [LMID=[7918462d-8802-4997-81a1-df4c252630b1]] Delay=5 Time Unit=MINUTES
Mon Jun 06 13:31:49 UTC 2016|Scheduler|Adding [App Alarm Manager File=[ApplicationAlarms.xml]] Delay=30 Time Unit=MINUTES
Mon Jun 06 13:31:49 UTC 2016|Scheduler|Adding [FW Alarm Manager File=[ApplicationFrameworkAlarms.xml]] Delay=3 Time Unit=MINUTES
Mon Jun 06 13:31:49 UTC 2016|Scheduler|Startup Completed..
Mon Jun 06 13:31:49 UTC 2016|Log Manager|Initialization Process Complete ......
Mon Jun 06 13:31:49 UTC 2016|Log Manager Factory|Log Manager READY! ID = 7918462d-8802-4997-81a1-df4c252630b1
[EL Fine]: sql: 2016-06-06 13:31:49.724--ClientSession(457276001)--Connection(1562858407)--Thread(Thread[Test worker,5,main])--INSERT INTO ast_JobType_M (jobTypeCode, jobTypeDesc, versionId, createdBy, createdDate, updatedBy, updatedDate, activeStatus, txnAccessCode) VALUES (?, ?, ?, ?, ?, ?, ?, ?, ?)
	bind => [D6CBD3AE-E4B3-4C4C-82D7-8BA282E20A93, nVDQnfGrGKfnEr3fY2Or2onNV4hwvPLeV8BX74jGP7CffYEmQj, 1, AAAAA, 2016-06-06 13:31:49.721, AAAAA, 2016-06-06 13:31:49.721, 1, 51000]
[EL Fine]: sql: 2016-06-06 13:31:49.8--ClientSession(1329143746)--Connection(1562858407)--Thread(Thread[Test worker,5,main])--INSERT INTO ast_DesignationType_M (designationTypeCode, designationTypeDesc, versionId, createdBy, createdDate, updatedBy, updatedDate, activeStatus, txnAccessCode) VALUES (?, ?, ?, ?, ?, ?, ?, ?, ?)
	bind => [9FE94DFB-C277-4F9C-95B6-42AB75DA8DF1, 1nIngzpRnz2heQ6Iy6sElyXwNZJfA8vFgqtBohp6ChfLhxh6KO, 1, AAAAA, 2016-06-06 13:31:49.797, AAAAA, 2016-06-06 13:31:49.797, 1, 51000]
[EL Fine]: sql: 2016-06-06 13:31:49.837--ClientSession(151139515)--Connection(1562858407)--Thread(Thread[Test worker,5,main])--INSERT INTO ast_DepartmentType_M (departmentTypeCode, departmentTypeDesc, versionId, createdBy, createdDate, updatedBy, updatedDate, activeStatus, txnAccessCode) VALUES (?, ?, ?, ?, ?, ?, ?, ?, ?)
	bind => [FAFFBDB7-C7FC-470C-A749-A62A31F154B5, e2x5k5pQtx0JZaCXDQo8Gjl88zQsLhjJReGTLHZYOBwKRfcIgt, 1, AAAAA, 2016-06-06 13:31:49.834, AAAAA, 2016-06-06 13:31:49.834, 1, 51000]
[EL Fine]: sql: 2016-06-06 13:31:49.91--ClientSession(1109210613)--Connection(1562858407)--Thread(Thread[Test worker,5,main])--INSERT INTO ast_Language_M (languageId, alpha2, alpha3, alpha4, alpha4parentid, language, languageDescription, languageIcon, languageType, versionId, createdBy, createdDate, updatedBy, updatedDate, activeStatus, txnAccessCode) VALUES (?, ?, ?, ?, ?, ?, ?, ?, ?, ?, ?, ?, ?, ?, ?, ?)
	bind => [2A9FC8A5-D2F0-4BD7-ACAA-272116CEDB55, Pk, od8, Sl3y, 10, KBwvNYpQEmSi1NUgUA82mHLLwwZbpWV8uyY3S5cWsStxuafjrS, jMBIrIqpqEr747onqfANRr6i1q0Gq3SL5nhTTfCcS74wcJV24R, A4xZMBwQlg1cFKV9Ag3WkL4TNw2jkk30GNeppFJSKnSONQ6a1W, wcaNSFg9sWrsBKpVyBHVS4TvTIr52b3q, 1, AAAAA, 2016-06-06 13:31:49.9, AAAAA, 2016-06-06 13:31:49.9, 1, 51000]
[EL Fine]: sql: 2016-06-06 13:31:49.979--ClientSession(986340342)--Connection(1562858407)--Thread(Thread[Test worker,5,main])--INSERT INTO ast_Gender_M (genderId, gender, versionId, createdBy, createdDate, updatedBy, updatedDate, activeStatus, txnAccessCode) VALUES (?, ?, ?, ?, ?, ?, ?, ?, ?)
	bind => [DDD7BD10-819C-40EE-BC5F-2C424BEFACE4, rR9pSL0weMeBeHTZNvBrdihEz8C6swqJ1GsDmnsj8IHYIUT6l3, 1, AAAAA, 2016-06-06 13:31:49.975, AAAAA, 2016-06-06 13:31:49.975, 1, 51000]
[EL Fine]: sql: 2016-06-06 13:31:50.014--ClientSession(577798690)--Connection(1562858407)--Thread(Thread[Test worker,5,main])--INSERT INTO ast_Title_M (titleId, titles, versionId, createdBy, createdDate, updatedBy, updatedDate, activeStatus, txnAccessCode) VALUES (?, ?, ?, ?, ?, ?, ?, ?, ?)
	bind => [7F7BB312-DC7D-4343-8C8B-9FE12C34660E, Je3au1ByHH2jgheakrShRaUvVZT2VgJp2lQg6cHUONrueBbZQm, 1, AAAAA, 2016-06-06 13:31:50.009, AAAAA, 2016-06-06 13:31:50.009, 1, 51000]
[EL Fine]: sql: 2016-06-06 13:31:50.049--ClientSession(1963095232)--Connection(1562858407)--Thread(Thread[Test worker,5,main])--INSERT INTO ast_Timezone_M (timeZoneId, cities, country, gmtLabel, timeZoneLabel, utcdifference, versionId, createdBy, createdDate, updatedBy, updatedDate, activeStatus, txnAccessCode) VALUES (?, ?, ?, ?, ?, ?, ?, ?, ?, ?, ?, ?, ?)
	bind => [1E0C0B43-3689-4AD3-9EE6-E3F43993B233, 71fmcT1LR4mofp47xRav80NwUqyQAH1uD8S6sQZ6eo5B5yq2w2, i7edvhfr6ji3OzpMq3j2yuVyXZ6XfoEk00umGzastwI6Hxvvon, dRJEDBc7btbU2uBuy0nFKRYItGHZZlX7m316KMOo3Io6VezNTr, PKNl9sokViqCHibBhoT56ewk8so5iiCac4K1b1zwYrshgtyy5H, 10, 1, AAAAA, 2016-06-06 13:31:50.043, AAAAA, 2016-06-06 13:31:50.043, 1, 51000]
[EL Fine]: sql: 2016-06-06 13:31:50.123--ClientSession(1955100268)--Connection(1562858407)--Thread(Thread[Test worker,5,main])--INSERT INTO ast_AddressType_M (addressTypeId, addressType, addressTypeDesc, addressTypeIcon, versionId, createdBy, createdDate, updatedBy, updatedDate, activeStatus, txnAccessCode) VALUES (?, ?, ?, ?, ?, ?, ?, ?, ?, ?, ?)
	bind => [F3D74FAB-AE3B-40C8-A52D-91CA3C585309, rOy9kDT18nA8SxtUF5i1qz3rloPQPoXs62ZFiiIZxK9SuthLk6, 1OwKyAnyoCXcTmxMjscclxVe2qQC3VHq473Kraobe0uCni4pfA, 8aVi13sEVhZiQDWXUuHx6B7lNleQVmfSIkh3JwIbHORoA9UUCG, 1, AAAAA, 2016-06-06 13:31:50.116, AAAAA, 2016-06-06 13:31:50.116, 1, 51000]
[EL Fine]: sql: 2016-06-06 13:31:50.189--ClientSession(428091996)--Connection(1562858407)--Thread(Thread[Test worker,5,main])--INSERT INTO ast_Country_M (countryId, capital, capitalLatitude, capitalLongitude, countryCode1, countryCode2, countryFlag, countryName, currencyCode, currencyName, currencySymbol, isoNumeric, versionId, createdBy, createdDate, updatedBy, updatedDate, activeStatus, txnAccessCode) VALUES (?, ?, ?, ?, ?, ?, ?, ?, ?, ?, ?, ?, ?, ?, ?, ?, ?, ?, ?)
	bind => [93AD60A1-B52E-485D-B543-C09DD73C7867, Sbh1vlwmJJnv53hHBYKwaGQGrO7le6y1, 2, 3, ENC, llZ, H5HJXQsT44pbSVd6TLzfnyw36HD5qFL6ro0F2CLOjPqsS9oLAE, 60dhFcAsaocSgP2dvIVANNWtvaQTUg5qfXyghhsDneLFMIbEmg, mcj, i5cgfRKdFfIMk3XmCTGqWKjsdR9fRwZXBi2SnOw1SVk2OqQxB7, f7qNrTULDf2LwvZ2bzNWU23iQGG5p5A2, 959, 1, AAAAA, 2016-06-06 13:31:50.182, AAAAA, 2016-06-06 13:31:50.182, 1, 51000]
[EL Fine]: sql: 2016-06-06 13:31:50.227--ClientSession(1370006822)--Connection(1562858407)--Thread(Thread[Test worker,5,main])--INSERT INTO ast_State_M (stateId, countryId, stateCapital, stateCapitalLatitude, stateCapitalLongitude, stateCode, stateCodeChar2, stateCodeChar3, stateDescription, stateFlag, stateName, versionId, createdBy, createdDate, updatedBy, updatedDate, activeStatus, txnAccessCode) VALUES (?, ?, ?, ?, ?, ?, ?, ?, ?, ?, ?, ?, ?, ?, ?, ?, ?, ?)
	bind => [C8CAEB64-25DE-46F0-8B92-1B08D0B7B65D, 93AD60A1-B52E-485D-B543-C09DD73C7867, CghF8VgMIg8ToFVzALldQC1Jk7NQNidlAw1h9FzauImMSGvXDJ, 10, 9, 1, ED2a9JU0hDHZMY0s2cleFIAndaiPLTTn, S5jOpRbNerW53RiD5Ub78Fuao600hyUv, gMxHN60M1T090cn7JCSOGkDaG53tMS402uYiyNv7qstRauyHzp, ftZhAZ6Gccp5hv9dsj3sRC7xJ3bkSfOnwDouMps0XJrdk3GsIt, vkuBbXmLOef9MiaKqEDGTdMrRex61DT8v40TNtxFRY4sPYLOZz, 1, AAAAA, 2016-06-06 13:31:50.182, AAAAA, 2016-06-06 13:31:50.182, 1, 51000]
[EL Fine]: sql: 2016-06-06 13:31:50.298--ClientSession(1175257756)--Connection(1562858407)--Thread(Thread[Test worker,5,main])--INSERT INTO ast_City_M (cityId, cityCode, cityCodeChar2, cityDescription, cityFlag, cityLatitude, cityLongitude, cityName, countryId, stateId, versionId, createdBy, createdDate, updatedBy, updatedDate, activeStatus, txnAccessCode) VALUES (?, ?, ?, ?, ?, ?, ?, ?, ?, ?, ?, ?, ?, ?, ?, ?, ?)
	bind => [6B756CA7-F93E-4EC3-ABE5-40F3310334AD, 1, GL4GducJsYOg83ncxFeFyn63O7bIvZpM, ewEOj6hVs6vm8uOULasSq1IMRDHAPgbL70kTSONuS2IxIHblUv, KJE9OtO6TzHDVFfesMgmfJFGfdxbj45t2Pr1VSgdy0yeiLalyX, 8, 10, vGZHaHW9duLSC0sZLVg84IRz7MrKQ8fC2EWEoq6yUaZ3Klw8f6, 93AD60A1-B52E-485D-B543-C09DD73C7867, C8CAEB64-25DE-46F0-8B92-1B08D0B7B65D, 1, AAAAA, 2016-06-06 13:31:50.182, AAAAA, 2016-06-06 13:31:50.182, 1, 51000]
[EL Fine]: sql: 2016-06-06 13:31:50.329--ClientSession(1860247747)--Connection(1562858407)--Thread(Thread[Test worker,5,main])--INSERT INTO ast_CommunicationGroup_M (commGroupId, commGroupDescription, commGroupName, versionId, createdBy, createdDate, updatedBy, updatedDate, activeStatus, txnAccessCode) VALUES (?, ?, ?, ?, ?, ?, ?, ?, ?, ?)
	bind => [7971B10C-2921-4759-BEF1-A7ADF4B5045F, TwXyfeEWgj97iXdHgyRyGwuJVMuv8gv8Xa8p3laDAudOlr79wS, 50XDdLCft38Lisoo8UtpbcKqSsDgVgWxXZHdk4zs2HRGWGABdJ, 1, AAAAA, 2016-06-06 13:31:50.325, AAAAA, 2016-06-06 13:31:50.325, 1, 51000]
[EL Fine]: sql: 2016-06-06 13:31:50.364--ClientSession(1541345944)--Connection(1562858407)--Thread(Thread[Test worker,5,main])--INSERT INTO ast_CommunicationType_M (commType, commGroupId, commTypeDescription, commTypeName, versionId, createdBy, createdDate, updatedBy, updatedDate, activeStatus, txnAccessCode) VALUES (?, ?, ?, ?, ?, ?, ?, ?, ?, ?, ?)
	bind => [80B502B6-9BDD-46F1-ACD4-E74A2CED8C5B, 7971B10C-2921-4759-BEF1-A7ADF4B5045F, dpYBe1Bb62woKK2qc61J7juoptj4m2PGVww1B7Y5J6g1GIqhml, 1WQMrQem8YtzBoFiL9hifaxi9FI8hPssQHdy8V7jH9BUlNDjUY, 1, AAAAA, 2016-06-06 13:31:50.359, AAAAA, 2016-06-06 13:31:50.359, 1, 51000]
[EL Fine]: sql: 2016-06-06 13:31:50.418--ClientSession(956373972)--Connection(1562858407)--Thread(Thread[Test worker,5,main])--SELECT timeZoneId FROM ast_Timezone_M WHERE (timeZoneId = ?)
	bind => [1E0C0B43-3689-4AD3-9EE6-E3F43993B233]
[EL Fine]: sql: 2016-06-06 13:31:50.42--ClientSession(956373972)--Connection(1562858407)--Thread(Thread[Test worker,5,main])--INSERT INTO ast_CoreContacts_T (contactId, age, approximateDOB, dateofbirth, emailId, firstName, genderId, lastName, middleName, nativeFirstName, nativeLanguageCode, nativeLastName, nativeMiddleName, nativeTitle, phoneNumber, titleId, versionId, createdBy, createdDate, updatedBy, updatedDate, activeStatus, txnAccessCode, timeZoneId) VALUES (?, ?, ?, ?, ?, ?, ?, ?, ?, ?, ?, ?, ?, ?, ?, ?, ?, ?, ?, ?, ?, ?, ?, ?)
	bind => [BE83565B-EAD6-4155-8492-CC5ED47A8764, 35, 2016-06-06 13:12:55.714, 2016-06-06 13:12:55.714, 2zcUQZ3XT4dAyvQt4isv40ZhmoaZZrqKtCGW0L8SnkK555Nu8Y, zv4szYsEG0RoytE5ByToKdYj7YOdmv4Fpiv2I5o5klm7823iug, DDD7BD10-819C-40EE-BC5F-2C424BEFACE4, mCswAaTzytzXHoR0piVk0Vx2q3LxsWV4Iw3QrkVcU9pkVuq2IF, kceEpt4RXDSuqQNrm6JtP8tcjtGXrOMzfF6S7nG7NBWScfOnp0, z651I1TYIi1E8CDRKgm4SWpBubFOv4FBxHBvH8SuxTWjUeZHRg, 2A9FC8A5-D2F0-4BD7-ACAA-272116CEDB55, C0dr07AIvk2WfFQqcoyIq853ieBtATa3O3ludWiXV4OkivMoHg, M2hNzDAyZCnosebFk6oQdGL8dTEomRueJz2Ba4GszvYfNzDuQ1, 0bFRVfmQUDgfFmBeRnNFEmwpjyo8l1YGgaPQhhhExFfXaOg07g, a5dVk10NhxPm7ej9R9iK, 7F7BB312-DC7D-4343-8C8B-9FE12C34660E, 1, AAAAA, 2016-06-06 13:31:49.9, AAAAA, 2016-06-06 13:31:49.9, 1, 51000, 1E0C0B43-3689-4AD3-9EE6-E3F43993B233]
[EL Fine]: sql: 2016-06-06 13:31:50.422--ClientSession(956373972)--Connection(1562858407)--Thread(Thread[Test worker,5,main])--INSERT INTO ast_CommunicationData_TP (commDataId, commData, commGroupId, commType, versionId, createdBy, createdDate, updatedBy, updatedDate, activeStatus, txnAccessCode) VALUES (?, ?, ?, ?, ?, ?, ?, ?, ?, ?, ?)
	bind => [6B9AE14F-FE6F-4EDE-B205-BE1D2B4AFC83, RSbyTktlzT, 7971B10C-2921-4759-BEF1-A7ADF4B5045F, 80B502B6-9BDD-46F1-ACD4-E74A2CED8C5B, 1, AAAAA, 2016-06-06 13:31:50.325, AAAAA, 2016-06-06 13:31:50.325, 1, 51000]
[EL Fine]: sql: 2016-06-06 13:31:50.52--ClientSession(956373972)--Connection(1562858407)--Thread(Thread[Test worker,5,main])--INSERT INTO ast_Address_T (addressId, address1, address2, address3, addressLabel, addressTypeId, cityId, countryId, latitude, longitude, stateId, versionId, zipcode, createdBy, createdDate, updatedBy, updatedDate, activeStatus, txnAccessCode) VALUES (?, ?, ?, ?, ?, ?, ?, ?, ?, ?, ?, ?, ?, ?, ?, ?, ?, ?, ?)
	bind => [BE25D6F1-1F91-47BF-9FA0-CF2D5F5F0A0C, Id3da5lJ4UR3ib6PuYfTTWukwCfLp3AXx2PXiXqBNRBfGayu9M, QEUc5AzbRFBDbQN5mSmRM8dFzly2BWIn0kILJjEjMqcoGalf30, PCOfC3ChiEIN0rSeD4u76IV0OO1OVF0WFHdwJkMaCrayrCs6hm, 2XDSg2BGhBn, F3D74FAB-AE3B-40C8-A52D-91CA3C585309, 6B756CA7-F93E-4EC3-ABE5-40F3310334AD, 93AD60A1-B52E-485D-B543-C09DD73C7867, GZf8EWubCDWNVrcyUl3goKxVvzi6UX8d5TbIQy0C6byLDUmk9U, KHltqLej2qFFLNYktDZAXrcRFgtEpTjQwf6mzynE0Jbq49YZJ6, C8CAEB64-25DE-46F0-8B92-1B08D0B7B65D, 1, LWoZXO, AAAAA, 2016-06-06 13:31:50.116, AAAAA, 2016-06-06 13:31:50.116, 1, 51000]
[EL Fine]: sql: 2016-06-06 13:31:50.613--ClientSession(956373972)--Connection(1562858407)--Thread(Thread[Test worker,5,main])--INSERT INTO ast_AddressMap_B (addressId, contactId) VALUES (?, ?)
	bind => [BE25D6F1-1F91-47BF-9FA0-CF2D5F5F0A0C, BE83565B-EAD6-4155-8492-CC5ED47A8764]
[EL Fine]: sql: 2016-06-06 13:31:50.615--ClientSession(956373972)--Connection(1562858407)--Thread(Thread[Test worker,5,main])--INSERT INTO ast_CommunicationMap_B (commDataId, contactId) VALUES (?, ?)
	bind => [6B9AE14F-FE6F-4EDE-B205-BE1D2B4AFC83, BE83565B-EAD6-4155-8492-CC5ED47A8764]
Setting logged in user info for ADD
[EL Fine]: sql: 2016-06-06 13:31:51.707--ClientSession(1725914868)--Connection(1562858407)--Thread(Thread[Test worker,5,main])--SELECT contactId FROM ast_CoreContacts_T WHERE (contactId = ?)
	bind => [BE83565B-EAD6-4155-8492-CC5ED47A8764]
[EL Fine]: sql: 2016-06-06 13:31:51.709--ClientSession(1725914868)--Connection(1562858407)--Thread(Thread[Test worker,5,main])--INSERT INTO ast_EmployeeInfo_M (empId, deptTypeCode, designationTypeCode, jobTypeCode, pan, reportingOfficer, versionId, createdBy, createdDate, updatedBy, updatedDate, activeStatus, txnAccessCode, contactId) VALUES (?, ?, ?, ?, ?, ?, ?, ?, ?, ?, ?, ?, ?, ?)
	bind => [03828851-5A04-4843-AD4C-94F3597846AD, FAFFBDB7-C7FC-470C-A749-A62A31F154B5, 9FE94DFB-C277-4F9C-95B6-42AB75DA8DF1, D6CBD3AE-E4B3-4C4C-82D7-8BA282E20A93, "lGlKKOEc7isR6uKAJSS4htDx681ERJOt4XgV9RJlaJguJYGe6s", XjxrS278G9MJTOIt9UI9FZmhZuqPterFrDB2TqNWi46dxpw7W5, 1, AAAAA, 2016-06-06 13:31:50.394, AAAAA, 2016-06-06 13:31:50.394, 1, 51000, BE83565B-EAD6-4155-8492-CC5ED47A8764]
[EL Fine]: sql: 2016-06-06 13:31:51.785--ClientSession(1167527099)--Connection(1562858407)--Thread(Thread[Test worker,5,main])--SELECT empId, deptTypeCode, designationTypeCode, jobTypeCode, pan, reportingOfficer, versionId, createdBy, createdDate, updatedBy, updatedDate, activeStatus, txnAccessCode, contactId FROM ast_EmployeeInfo_M WHERE ((activeStatus = ?) AND (empId = ?))
	bind => [1, 03828851-5A04-4843-AD4C-94F3597846AD]
[EL Fine]: sql: 2016-06-06 13:31:51.786--ClientSession(1167527099)--Connection(1562858407)--Thread(Thread[Test worker,5,main])--SELECT contactId, age, approximateDOB, dateofbirth, emailId, firstName, genderId, lastName, middleName, nativeFirstName, nativeLanguageCode, nativeLastName, nativeMiddleName, nativeTitle, phoneNumber, titleId, versionId, createdBy, createdDate, updatedBy, updatedDate, activeStatus, txnAccessCode, timeZoneId FROM ast_CoreContacts_T WHERE (contactId = ?)
	bind => [BE83565B-EAD6-4155-8492-CC5ED47A8764]
[EL Fine]: sql: 2016-06-06 13:31:51.788--ClientSession(1167527099)--Connection(1562858407)--Thread(Thread[Test worker,5,main])--SELECT timeZoneId, cities, country, gmtLabel, timeZoneLabel, utcdifference, versionId, createdBy, createdDate, updatedBy, updatedDate, activeStatus, txnAccessCode FROM ast_Timezone_M WHERE (timeZoneId = ?)
	bind => [1E0C0B43-3689-4AD3-9EE6-E3F43993B233]
Setting logged in user info for UPDATE
[EL Fine]: sql: 2016-06-06 13:31:51.8--ClientSession(885684771)--Connection(1562858407)--Thread(Thread[Test worker,5,main])--SELECT empId, deptTypeCode, designationTypeCode, jobTypeCode, pan, reportingOfficer, versionId, createdBy, createdDate, updatedBy, updatedDate, activeStatus, txnAccessCode, contactId FROM ast_EmployeeInfo_M WHERE (empId = ?)
	bind => [03828851-5A04-4843-AD4C-94F3597846AD]
[EL Fine]: sql: 2016-06-06 13:31:51.801--ClientSession(885684771)--Connection(1562858407)--Thread(Thread[Test worker,5,main])--SELECT contactId, age, approximateDOB, dateofbirth, emailId, firstName, genderId, lastName, middleName, nativeFirstName, nativeLanguageCode, nativeLastName, nativeMiddleName, nativeTitle, phoneNumber, titleId, versionId, createdBy, createdDate, updatedBy, updatedDate, activeStatus, txnAccessCode, timeZoneId FROM ast_CoreContacts_T WHERE (contactId = ?)
	bind => [BE83565B-EAD6-4155-8492-CC5ED47A8764]
[EL Fine]: sql: 2016-06-06 13:31:51.803--ClientSession(885684771)--Connection(1562858407)--Thread(Thread[Test worker,5,main])--SELECT timeZoneId, cities, country, gmtLabel, timeZoneLabel, utcdifference, versionId, createdBy, createdDate, updatedBy, updatedDate, activeStatus, txnAccessCode FROM ast_Timezone_M WHERE (timeZoneId = ?)
	bind => [1E0C0B43-3689-4AD3-9EE6-E3F43993B233]
[EL Fine]: sql: 2016-06-06 13:31:51.806--ClientSession(885684771)--Connection(1562858407)--Thread(Thread[Test worker,5,main])--UPDATE ast_EmployeeInfo_M SET pan = ?, reportingOfficer = ?, versionId = ? WHERE ((empId = ?) AND (versionId = ?))
	bind => [FnIRG7hgcgI6ZfxS2CtuKG1mUUkQaJijbBgd5GO3KkyWUdR3lA, MMvtIhJ1uJZGzTZUbTnFnlwZsXbNb77rYFLHxOtWzmbJRObhkz, 2, 03828851-5A04-4843-AD4C-94F3597846AD, 1]
[EL Fine]: sql: 2016-06-06 13:31:51.957--ClientSession(1270698259)--Connection(1562858407)--Thread(Thread[Test worker,5,main])--SELECT empId, deptTypeCode, designationTypeCode, jobTypeCode, pan, reportingOfficer, versionId, createdBy, createdDate, updatedBy, updatedDate, activeStatus, txnAccessCode, contactId FROM ast_EmployeeInfo_M WHERE ((activeStatus = ?) AND (empId = ?))
	bind => [1, 03828851-5A04-4843-AD4C-94F3597846AD]
[EL Fine]: sql: 2016-06-06 13:31:51.958--ClientSession(1270698259)--Connection(1562858407)--Thread(Thread[Test worker,5,main])--SELECT contactId, age, approximateDOB, dateofbirth, emailId, firstName, genderId, lastName, middleName, nativeFirstName, nativeLanguageCode, nativeLastName, nativeMiddleName, nativeTitle, phoneNumber, titleId, versionId, createdBy, createdDate, updatedBy, updatedDate, activeStatus, txnAccessCode, timeZoneId FROM ast_CoreContacts_T WHERE (contactId = ?)
	bind => [BE83565B-EAD6-4155-8492-CC5ED47A8764]
[EL Fine]: sql: 2016-06-06 13:31:51.96--ClientSession(1270698259)--Connection(1562858407)--Thread(Thread[Test worker,5,main])--SELECT timeZoneId, cities, country, gmtLabel, timeZoneLabel, utcdifference, versionId, createdBy, createdDate, updatedBy, updatedDate, activeStatus, txnAccessCode FROM ast_Timezone_M WHERE (timeZoneId = ?)
	bind => [1E0C0B43-3689-4AD3-9EE6-E3F43993B233]
[EL Fine]: sql: 2016-06-06 13:31:51.973--ClientSession(1476775574)--Connection(1562858407)--Thread(Thread[Test worker,5,main])--SELECT empId, deptTypeCode, designationTypeCode, jobTypeCode, pan, reportingOfficer, versionId, createdBy, createdDate, updatedBy, updatedDate, activeStatus, txnAccessCode, contactId FROM ast_EmployeeInfo_M WHERE ((activeStatus = ?) AND (deptTypeCode = ?))
	bind => [1, FAFFBDB7-C7FC-470C-A749-A62A31F154B5]
[EL Fine]: sql: 2016-06-06 13:31:51.975--ClientSession(1476775574)--Connection(1562858407)--Thread(Thread[Test worker,5,main])--SELECT contactId, age, approximateDOB, dateofbirth, emailId, firstName, genderId, lastName, middleName, nativeFirstName, nativeLanguageCode, nativeLastName, nativeMiddleName, nativeTitle, phoneNumber, titleId, versionId, createdBy, createdDate, updatedBy, updatedDate, activeStatus, txnAccessCode, timeZoneId FROM ast_CoreContacts_T WHERE (contactId = ?)
	bind => [BE83565B-EAD6-4155-8492-CC5ED47A8764]
[EL Fine]: sql: 2016-06-06 13:31:51.976--ClientSession(1476775574)--Connection(1562858407)--Thread(Thread[Test worker,5,main])--SELECT timeZoneId, cities, country, gmtLabel, timeZoneLabel, utcdifference, versionId, createdBy, createdDate, updatedBy, updatedDate, activeStatus, txnAccessCode FROM ast_Timezone_M WHERE (timeZoneId = ?)
	bind => [1E0C0B43-3689-4AD3-9EE6-E3F43993B233]
[EL Fine]: sql: 2016-06-06 13:31:51.987--ClientSession(1036850975)--Connection(1562858407)--Thread(Thread[Test worker,5,main])--SELECT empId, deptTypeCode, designationTypeCode, jobTypeCode, pan, reportingOfficer, versionId, createdBy, createdDate, updatedBy, updatedDate, activeStatus, txnAccessCode, contactId FROM ast_EmployeeInfo_M WHERE ((activeStatus = ?) AND (designationTypeCode = ?))
	bind => [1, 9FE94DFB-C277-4F9C-95B6-42AB75DA8DF1]
[EL Fine]: sql: 2016-06-06 13:31:51.988--ClientSession(1036850975)--Connection(1562858407)--Thread(Thread[Test worker,5,main])--SELECT contactId, age, approximateDOB, dateofbirth, emailId, firstName, genderId, lastName, middleName, nativeFirstName, nativeLanguageCode, nativeLastName, nativeMiddleName, nativeTitle, phoneNumber, titleId, versionId, createdBy, createdDate, updatedBy, updatedDate, activeStatus, txnAccessCode, timeZoneId FROM ast_CoreContacts_T WHERE (contactId = ?)
	bind => [BE83565B-EAD6-4155-8492-CC5ED47A8764]
[EL Fine]: sql: 2016-06-06 13:31:51.99--ClientSession(1036850975)--Connection(1562858407)--Thread(Thread[Test worker,5,main])--SELECT timeZoneId, cities, country, gmtLabel, timeZoneLabel, utcdifference, versionId, createdBy, createdDate, updatedBy, updatedDate, activeStatus, txnAccessCode FROM ast_Timezone_M WHERE (timeZoneId = ?)
	bind => [1E0C0B43-3689-4AD3-9EE6-E3F43993B233]
[EL Fine]: sql: 2016-06-06 13:31:52.003--ClientSession(840356056)--Connection(1562858407)--Thread(Thread[Test worker,5,main])--SELECT empId, deptTypeCode, designationTypeCode, jobTypeCode, pan, reportingOfficer, versionId, createdBy, createdDate, updatedBy, updatedDate, activeStatus, txnAccessCode, contactId FROM ast_EmployeeInfo_M WHERE ((activeStatus = ?) AND (jobTypeCode = ?))
	bind => [1, D6CBD3AE-E4B3-4C4C-82D7-8BA282E20A93]
[EL Fine]: sql: 2016-06-06 13:31:52.004--ClientSession(840356056)--Connection(1562858407)--Thread(Thread[Test worker,5,main])--SELECT contactId, age, approximateDOB, dateofbirth, emailId, firstName, genderId, lastName, middleName, nativeFirstName, nativeLanguageCode, nativeLastName, nativeMiddleName, nativeTitle, phoneNumber, titleId, versionId, createdBy, createdDate, updatedBy, updatedDate, activeStatus, txnAccessCode, timeZoneId FROM ast_CoreContacts_T WHERE (contactId = ?)
	bind => [BE83565B-EAD6-4155-8492-CC5ED47A8764]
[EL Fine]: sql: 2016-06-06 13:31:52.006--ClientSession(840356056)--Connection(1562858407)--Thread(Thread[Test worker,5,main])--SELECT timeZoneId, cities, country, gmtLabel, timeZoneLabel, utcdifference, versionId, createdBy, createdDate, updatedBy, updatedDate, activeStatus, txnAccessCode FROM ast_Timezone_M WHERE (timeZoneId = ?)
	bind => [1E0C0B43-3689-4AD3-9EE6-E3F43993B233]
[EL Fine]: sql: 2016-06-06 13:31:52.015--ClientSession(217063848)--Connection(1562858407)--Thread(Thread[Test worker,5,main])--SELECT empId, deptTypeCode, designationTypeCode, jobTypeCode, pan, reportingOfficer, versionId, createdBy, createdDate, updatedBy, updatedDate, activeStatus, txnAccessCode, contactId FROM ast_EmployeeInfo_M WHERE ((activeStatus = ?) AND (empId = ?))
	bind => [1, 03828851-5A04-4843-AD4C-94F3597846AD]
[EL Fine]: sql: 2016-06-06 13:31:52.017--ClientSession(217063848)--Connection(1562858407)--Thread(Thread[Test worker,5,main])--SELECT contactId, age, approximateDOB, dateofbirth, emailId, firstName, genderId, lastName, middleName, nativeFirstName, nativeLanguageCode, nativeLastName, nativeMiddleName, nativeTitle, phoneNumber, titleId, versionId, createdBy, createdDate, updatedBy, updatedDate, activeStatus, txnAccessCode, timeZoneId FROM ast_CoreContacts_T WHERE (contactId = ?)
	bind => [BE83565B-EAD6-4155-8492-CC5ED47A8764]
[EL Fine]: sql: 2016-06-06 13:31:52.018--ClientSession(217063848)--Connection(1562858407)--Thread(Thread[Test worker,5,main])--SELECT timeZoneId, cities, country, gmtLabel, timeZoneLabel, utcdifference, versionId, createdBy, createdDate, updatedBy, updatedDate, activeStatus, txnAccessCode FROM ast_Timezone_M WHERE (timeZoneId = ?)
	bind => [1E0C0B43-3689-4AD3-9EE6-E3F43993B233]
[EL Warning]: 2016-06-06 13:31:52.05--UnitOfWork(721376168)--Thread(Thread[Test worker,5,main])--java.lang.IllegalStateException: During synchronization a new object was found through a relationship that was not marked cascade PERSIST: zv4szYsEG0RoytE5ByToKdYj7YOdmv4Fpiv2I5o5klm7823iug,kceEpt4RXDSuqQNrm6JtP8tcjtGXrOMzfF6S7nG7NBWScfOnp0,mCswAaTzytzXHoR0piVk0Vx2q3LxsWV4Iw3QrkVcU9pkVuq2IF,2zcUQZ3XT4dAyvQt4isv40ZhmoaZZrqKtCGW0L8SnkK555Nu8Y,a5dVk10NhxPm7ej9R9iK.
[EL Fine]: sql: 2016-06-06 13:31:52.061--ClientSession(383515078)--Connection(1562858407)--Thread(Thread[Test worker,5,main])--SELECT empId, deptTypeCode, designationTypeCode, jobTypeCode, pan, reportingOfficer, versionId, createdBy, createdDate, updatedBy, updatedDate, activeStatus, txnAccessCode, contactId FROM ast_EmployeeInfo_M WHERE (empId = ?)
	bind => [03828851-5A04-4843-AD4C-94F3597846AD]
[EL Fine]: sql: 2016-06-06 13:31:52.063--ClientSession(383515078)--Connection(1562858407)--Thread(Thread[Test worker,5,main])--SELECT contactId, age, approximateDOB, dateofbirth, emailId, firstName, genderId, lastName, middleName, nativeFirstName, nativeLanguageCode, nativeLastName, nativeMiddleName, nativeTitle, phoneNumber, titleId, versionId, createdBy, createdDate, updatedBy, updatedDate, activeStatus, txnAccessCode, timeZoneId FROM ast_CoreContacts_T WHERE (contactId = ?)
	bind => [BE83565B-EAD6-4155-8492-CC5ED47A8764]
[EL Fine]: sql: 2016-06-06 13:31:52.064--ClientSession(383515078)--Connection(1562858407)--Thread(Thread[Test worker,5,main])--SELECT timeZoneId, cities, country, gmtLabel, timeZoneLabel, utcdifference, versionId, createdBy, createdDate, updatedBy, updatedDate, activeStatus, txnAccessCode FROM ast_Timezone_M WHERE (timeZoneId = ?)
	bind => [1E0C0B43-3689-4AD3-9EE6-E3F43993B233]
[EL Fine]: sql: 2016-06-06 13:31:52.066--ClientSession(383515078)--Connection(1562858407)--Thread(Thread[Test worker,5,main])--DELETE FROM ast_EmployeeInfo_M WHERE ((empId = ?) AND (versionId = ?))
	bind => [03828851-5A04-4843-AD4C-94F3597846AD, 2]
[EL Fine]: sql: 2016-06-06 13:31:52.197--ClientSession(386823398)--Connection(1562858407)--Thread(Thread[Test worker,5,main])--SELECT contactId, age, approximateDOB, dateofbirth, emailId, firstName, genderId, lastName, middleName, nativeFirstName, nativeLanguageCode, nativeLastName, nativeMiddleName, nativeTitle, phoneNumber, titleId, versionId, createdBy, createdDate, updatedBy, updatedDate, activeStatus, txnAccessCode, timeZoneId FROM ast_CoreContacts_T WHERE (contactId = ?)
	bind => [BE83565B-EAD6-4155-8492-CC5ED47A8764]
[EL Fine]: sql: 2016-06-06 13:31:52.2--ClientSession(386823398)--Connection(1562858407)--Thread(Thread[Test worker,5,main])--SELECT timeZoneId, cities, country, gmtLabel, timeZoneLabel, utcdifference, versionId, createdBy, createdDate, updatedBy, updatedDate, activeStatus, txnAccessCode FROM ast_Timezone_M WHERE (timeZoneId = ?)
	bind => [1E0C0B43-3689-4AD3-9EE6-E3F43993B233]
[EL Fine]: sql: 2016-06-06 13:31:52.203--ClientSession(386823398)--Connection(1562858407)--Thread(Thread[Test worker,5,main])--SELECT t1.addressId, t1.address1, t1.address2, t1.address3, t1.addressLabel, t1.addressTypeId, t1.cityId, t1.countryId, t1.latitude, t1.longitude, t1.stateId, t1.versionId, t1.zipcode, t1.createdBy, t1.createdDate, t1.updatedBy, t1.updatedDate, t1.activeStatus, t1.txnAccessCode FROM ast_AddressMap_B t0, ast_Address_T t1 WHERE ((t0.contactId = ?) AND (t1.addressId = t0.addressId))
	bind => [BE83565B-EAD6-4155-8492-CC5ED47A8764]
[EL Fine]: sql: 2016-06-06 13:31:52.206--ClientSession(386823398)--Connection(1562858407)--Thread(Thread[Test worker,5,main])--SELECT t1.commDataId, t1.commData, t1.commGroupId, t1.commType, t1.versionId, t1.createdBy, t1.createdDate, t1.updatedBy, t1.updatedDate, t1.activeStatus, t1.txnAccessCode FROM ast_CommunicationMap_B t0, ast_CommunicationData_TP t1 WHERE ((t0.contactId = ?) AND (t1.commDataId = t0.commDataId))
	bind => [BE83565B-EAD6-4155-8492-CC5ED47A8764]
[EL Fine]: sql: 2016-06-06 13:31:52.209--ClientSession(386823398)--Connection(1562858407)--Thread(Thread[Test worker,5,main])--DELETE FROM ast_AddressMap_B WHERE (contactId = ?)
	bind => [BE83565B-EAD6-4155-8492-CC5ED47A8764]
[EL Fine]: sql: 2016-06-06 13:31:52.21--ClientSession(386823398)--Connection(1562858407)--Thread(Thread[Test worker,5,main])--DELETE FROM ast_CommunicationMap_B WHERE (contactId = ?)
	bind => [BE83565B-EAD6-4155-8492-CC5ED47A8764]
[EL Fine]: sql: 2016-06-06 13:31:52.211--ClientSession(386823398)--Connection(1562858407)--Thread(Thread[Test worker,5,main])--DELETE FROM ast_Address_T WHERE ((addressId = ?) AND (versionId = ?))
	bind => [BE25D6F1-1F91-47BF-9FA0-CF2D5F5F0A0C, 1]
[EL Fine]: sql: 2016-06-06 13:31:52.212--ClientSession(386823398)--Connection(1562858407)--Thread(Thread[Test worker,5,main])--DELETE FROM ast_CommunicationData_TP WHERE ((commDataId = ?) AND (versionId = ?))
	bind => [6B9AE14F-FE6F-4EDE-B205-BE1D2B4AFC83, 1]
[EL Fine]: sql: 2016-06-06 13:31:52.489--ClientSession(386823398)--Connection(1562858407)--Thread(Thread[Test worker,5,main])--DELETE FROM ast_CoreContacts_T WHERE ((contactId = ?) AND (versionId = ?))
	bind => [BE83565B-EAD6-4155-8492-CC5ED47A8764, 1]
[EL Fine]: sql: 2016-06-06 13:31:52.542--ClientSession(1050217803)--Connection(1562858407)--Thread(Thread[Test worker,5,main])--SELECT commType, commGroupId, commTypeDescription, commTypeName, versionId, createdBy, createdDate, updatedBy, updatedDate, activeStatus, txnAccessCode FROM ast_CommunicationType_M WHERE (commType = ?)
	bind => [80B502B6-9BDD-46F1-ACD4-E74A2CED8C5B]
[EL Fine]: sql: 2016-06-06 13:31:52.545--ClientSession(1050217803)--Connection(1562858407)--Thread(Thread[Test worker,5,main])--DELETE FROM ast_CommunicationType_M WHERE ((commType = ?) AND (versionId = ?))
	bind => [80B502B6-9BDD-46F1-ACD4-E74A2CED8C5B, 1]
[EL Fine]: sql: 2016-06-06 13:31:52.634--ClientSession(1291605538)--Connection(1562858407)--Thread(Thread[Test worker,5,main])--SELECT commGroupId, commGroupDescription, commGroupName, versionId, createdBy, createdDate, updatedBy, updatedDate, activeStatus, txnAccessCode FROM ast_CommunicationGroup_M WHERE (commGroupId = ?)
	bind => [7971B10C-2921-4759-BEF1-A7ADF4B5045F]
[EL Fine]: sql: 2016-06-06 13:31:52.637--ClientSession(1291605538)--Connection(1562858407)--Thread(Thread[Test worker,5,main])--DELETE FROM ast_CommunicationGroup_M WHERE ((commGroupId = ?) AND (versionId = ?))
	bind => [7971B10C-2921-4759-BEF1-A7ADF4B5045F, 1]
[EL Fine]: sql: 2016-06-06 13:31:52.72--ClientSession(1431359471)--Connection(1562858407)--Thread(Thread[Test worker,5,main])--SELECT cityId, cityCode, cityCodeChar2, cityDescription, cityFlag, cityLatitude, cityLongitude, cityName, countryId, stateId, versionId, createdBy, createdDate, updatedBy, updatedDate, activeStatus, txnAccessCode FROM ast_City_M WHERE (cityId = ?)
	bind => [6B756CA7-F93E-4EC3-ABE5-40F3310334AD]
[EL Fine]: sql: 2016-06-06 13:31:52.722--ClientSession(1431359471)--Connection(1562858407)--Thread(Thread[Test worker,5,main])--DELETE FROM ast_City_M WHERE ((cityId = ?) AND (versionId = ?))
	bind => [6B756CA7-F93E-4EC3-ABE5-40F3310334AD, 1]
[EL Fine]: sql: 2016-06-06 13:31:52.753--ClientSession(770003843)--Connection(1562858407)--Thread(Thread[Test worker,5,main])--SELECT stateId, countryId, stateCapital, stateCapitalLatitude, stateCapitalLongitude, stateCode, stateCodeChar2, stateCodeChar3, stateDescription, stateFlag, stateName, versionId, createdBy, createdDate, updatedBy, updatedDate, activeStatus, txnAccessCode FROM ast_State_M WHERE (stateId = ?)
	bind => [C8CAEB64-25DE-46F0-8B92-1B08D0B7B65D]
[EL Fine]: sql: 2016-06-06 13:31:52.757--ClientSession(770003843)--Connection(1562858407)--Thread(Thread[Test worker,5,main])--DELETE FROM ast_State_M WHERE ((stateId = ?) AND (versionId = ?))
	bind => [C8CAEB64-25DE-46F0-8B92-1B08D0B7B65D, 1]
[EL Fine]: sql: 2016-06-06 13:31:52.844--ClientSession(1570049241)--Connection(1562858407)--Thread(Thread[Test worker,5,main])--SELECT countryId, capital, capitalLatitude, capitalLongitude, countryCode1, countryCode2, countryFlag, countryName, currencyCode, currencyName, currencySymbol, isoNumeric, versionId, createdBy, createdDate, updatedBy, updatedDate, activeStatus, txnAccessCode FROM ast_Country_M WHERE (countryId = ?)
	bind => [93AD60A1-B52E-485D-B543-C09DD73C7867]
[EL Fine]: sql: 2016-06-06 13:31:52.846--ClientSession(1570049241)--Connection(1562858407)--Thread(Thread[Test worker,5,main])--DELETE FROM ast_Country_M WHERE ((countryId = ?) AND (versionId = ?))
	bind => [93AD60A1-B52E-485D-B543-C09DD73C7867, 1]
[EL Fine]: sql: 2016-06-06 13:31:52.879--ClientSession(607219704)--Connection(1562858407)--Thread(Thread[Test worker,5,main])--SELECT addressTypeId, addressType, addressTypeDesc, addressTypeIcon, versionId, createdBy, createdDate, updatedBy, updatedDate, activeStatus, txnAccessCode FROM ast_AddressType_M WHERE (addressTypeId = ?)
	bind => [F3D74FAB-AE3B-40C8-A52D-91CA3C585309]
[EL Fine]: sql: 2016-06-06 13:31:52.882--ClientSession(607219704)--Connection(1562858407)--Thread(Thread[Test worker,5,main])--DELETE FROM ast_AddressType_M WHERE ((addressTypeId = ?) AND (versionId = ?))
	bind => [F3D74FAB-AE3B-40C8-A52D-91CA3C585309, 1]
[EL Fine]: sql: 2016-06-06 13:31:52.977--ClientSession(444728022)--Connection(1562858407)--Thread(Thread[Test worker,5,main])--SELECT timeZoneId, cities, country, gmtLabel, timeZoneLabel, utcdifference, versionId, createdBy, createdDate, updatedBy, updatedDate, activeStatus, txnAccessCode FROM ast_Timezone_M WHERE (timeZoneId = ?)
	bind => [1E0C0B43-3689-4AD3-9EE6-E3F43993B233]
[EL Fine]: sql: 2016-06-06 13:31:52.979--ClientSession(444728022)--Connection(1562858407)--Thread(Thread[Test worker,5,main])--DELETE FROM ast_Timezone_M WHERE ((timeZoneId = ?) AND (versionId = ?))
	bind => [1E0C0B43-3689-4AD3-9EE6-E3F43993B233, 1]
[EL Fine]: sql: 2016-06-06 13:31:53.031--ClientSession(166824912)--Connection(1562858407)--Thread(Thread[Test worker,5,main])--SELECT titleId, titles, versionId, createdBy, createdDate, updatedBy, updatedDate, activeStatus, txnAccessCode FROM ast_Title_M WHERE (titleId = ?)
	bind => [7F7BB312-DC7D-4343-8C8B-9FE12C34660E]
[EL Fine]: sql: 2016-06-06 13:31:53.032--ClientSession(166824912)--Connection(1562858407)--Thread(Thread[Test worker,5,main])--DELETE FROM ast_Title_M WHERE ((titleId = ?) AND (versionId = ?))
	bind => [7F7BB312-DC7D-4343-8C8B-9FE12C34660E, 1]
[EL Fine]: sql: 2016-06-06 13:31:53.14--ClientSession(841635494)--Connection(1562858407)--Thread(Thread[Test worker,5,main])--SELECT genderId, gender, versionId, createdBy, createdDate, updatedBy, updatedDate, activeStatus, txnAccessCode FROM ast_Gender_M WHERE (genderId = ?)
	bind => [DDD7BD10-819C-40EE-BC5F-2C424BEFACE4]
[EL Fine]: sql: 2016-06-06 13:31:53.142--ClientSession(841635494)--Connection(1562858407)--Thread(Thread[Test worker,5,main])--DELETE FROM ast_Gender_M WHERE ((genderId = ?) AND (versionId = ?))
	bind => [DDD7BD10-819C-40EE-BC5F-2C424BEFACE4, 1]
[EL Fine]: sql: 2016-06-06 13:31:53.217--ClientSession(1275604375)--Connection(1562858407)--Thread(Thread[Test worker,5,main])--SELECT languageId, alpha2, alpha3, alpha4, alpha4parentid, language, languageDescription, languageIcon, languageType, versionId, createdBy, createdDate, updatedBy, updatedDate, activeStatus, txnAccessCode FROM ast_Language_M WHERE (languageId = ?)
	bind => [2A9FC8A5-D2F0-4BD7-ACAA-272116CEDB55]
[EL Fine]: sql: 2016-06-06 13:31:53.22--ClientSession(1275604375)--Connection(1562858407)--Thread(Thread[Test worker,5,main])--DELETE FROM ast_Language_M WHERE ((languageId = ?) AND (versionId = ?))
	bind => [2A9FC8A5-D2F0-4BD7-ACAA-272116CEDB55, 1]
[EL Fine]: sql: 2016-06-06 13:31:53.268--ClientSession(1304565395)--Connection(1562858407)--Thread(Thread[Test worker,5,main])--SELECT departmentTypeCode, departmentTypeDesc, versionId, createdBy, createdDate, updatedBy, updatedDate, activeStatus, txnAccessCode FROM ast_DepartmentType_M WHERE (departmentTypeCode = ?)
	bind => [FAFFBDB7-C7FC-470C-A749-A62A31F154B5]
[EL Fine]: sql: 2016-06-06 13:31:53.271--ClientSession(1304565395)--Connection(1562858407)--Thread(Thread[Test worker,5,main])--DELETE FROM ast_DepartmentType_M WHERE ((departmentTypeCode = ?) AND (versionId = ?))
	bind => [FAFFBDB7-C7FC-470C-A749-A62A31F154B5, 1]
[EL Fine]: sql: 2016-06-06 13:31:53.326--ClientSession(84196112)--Connection(1562858407)--Thread(Thread[Test worker,5,main])--SELECT designationTypeCode, designationTypeDesc, versionId, createdBy, createdDate, updatedBy, updatedDate, activeStatus, txnAccessCode FROM ast_DesignationType_M WHERE (designationTypeCode = ?)
	bind => [9FE94DFB-C277-4F9C-95B6-42AB75DA8DF1]
[EL Fine]: sql: 2016-06-06 13:31:53.328--ClientSession(84196112)--Connection(1562858407)--Thread(Thread[Test worker,5,main])--DELETE FROM ast_DesignationType_M WHERE ((designationTypeCode = ?) AND (versionId = ?))
	bind => [9FE94DFB-C277-4F9C-95B6-42AB75DA8DF1, 1]
[EL Fine]: sql: 2016-06-06 13:31:53.378--ClientSession(750321107)--Connection(1562858407)--Thread(Thread[Test worker,5,main])--SELECT jobTypeCode, jobTypeDesc, versionId, createdBy, createdDate, updatedBy, updatedDate, activeStatus, txnAccessCode FROM ast_JobType_M WHERE (jobTypeCode = ?)
	bind => [D6CBD3AE-E4B3-4C4C-82D7-8BA282E20A93]
[EL Fine]: sql: 2016-06-06 13:31:53.38--ClientSession(750321107)--Connection(1562858407)--Thread(Thread[Test worker,5,main])--DELETE FROM ast_JobType_M WHERE ((jobTypeCode = ?) AND (versionId = ?))
	bind => [D6CBD3AE-E4B3-4C4C-82D7-8BA282E20A93, 1]
]]></system-out>
  <system-err><![CDATA[EmployeeInfo.reportingOfficer may not be null
java.lang.SecurityException: EmployeeInfo.reportingOfficer may not be null
	at com.athena.server.pluggable.utils.helper.EntityValidatorHelper.validateEntity(EntityValidatorHelper.java:37)
	at com.hresource.app.shared.humanresourceboundedcontext.employee.EmployeeInfo.isValid(EmployeeInfo.java:205)
	at com.hresource.app.server.service.humanresourceboundedcontext.employee.EmployeeInfoTestCase.validateEmployeeInfo(EmployeeInfoTestCase.java:494)
	at com.hresource.app.server.service.humanresourceboundedcontext.employee.EmployeeInfoTestCase.test5NegativeTesting(EmployeeInfoTestCase.java:529)
	at sun.reflect.NativeMethodAccessorImpl.invoke0(Native Method)
	at sun.reflect.NativeMethodAccessorImpl.invoke(NativeMethodAccessorImpl.java:57)
	at sun.reflect.DelegatingMethodAccessorImpl.invoke(DelegatingMethodAccessorImpl.java:43)
	at java.lang.reflect.Method.invoke(Method.java:606)
	at org.junit.runners.model.FrameworkMethod$1.runReflectiveCall(FrameworkMethod.java:47)
	at org.junit.internal.runners.model.ReflectiveCallable.run(ReflectiveCallable.java:12)
	at org.junit.runners.model.FrameworkMethod.invokeExplosively(FrameworkMethod.java:44)
	at org.junit.internal.runners.statements.InvokeMethod.evaluate(InvokeMethod.java:17)
	at org.junit.internal.runners.statements.RunBefores.evaluate(RunBefores.java:26)
	at org.springframework.test.context.junit4.statements.RunBeforeTestMethodCallbacks.evaluate(RunBeforeTestMethodCallbacks.java:74)
	at org.junit.internal.runners.statements.RunAfters.evaluate(RunAfters.java:27)
	at org.springframework.test.context.junit4.statements.RunAfterTestMethodCallbacks.evaluate(RunAfterTestMethodCallbacks.java:83)
	at org.springframework.test.context.junit4.statements.SpringRepeat.evaluate(SpringRepeat.java:72)
	at org.springframework.test.context.junit4.SpringJUnit4ClassRunner.runChild(SpringJUnit4ClassRunner.java:233)
	at org.springframework.test.context.junit4.SpringJUnit4ClassRunner.runChild(SpringJUnit4ClassRunner.java:87)
	at org.junit.runners.ParentRunner$3.run(ParentRunner.java:238)
	at org.junit.runners.ParentRunner$1.schedule(ParentRunner.java:63)
	at org.junit.runners.ParentRunner.runChildren(ParentRunner.java:236)
	at org.junit.runners.ParentRunner.access$000(ParentRunner.java:53)
	at org.junit.runners.ParentRunner$2.evaluate(ParentRunner.java:229)
	at org.junit.internal.runners.statements.RunBefores.evaluate(RunBefores.java:26)
	at org.springframework.test.context.junit4.statements.RunBeforeTestClassCallbacks.evaluate(RunBeforeTestClassCallbacks.java:61)
	at org.springframework.test.context.junit4.statements.RunAfterTestClassCallbacks.evaluate(RunAfterTestClassCallbacks.java:71)
	at org.junit.runners.ParentRunner.run(ParentRunner.java:309)
	at org.springframework.test.context.junit4.SpringJUnit4ClassRunner.run(SpringJUnit4ClassRunner.java:176)
	at org.gradle.api.internal.tasks.testing.junit.JUnitTestClassExecuter.runTestClass(JUnitTestClassExecuter.java:86)
	at org.gradle.api.internal.tasks.testing.junit.JUnitTestClassExecuter.execute(JUnitTestClassExecuter.java:49)
	at org.gradle.api.internal.tasks.testing.junit.JUnitTestClassProcessor.processTestClass(JUnitTestClassProcessor.java:64)
	at org.gradle.api.internal.tasks.testing.SuiteTestClassProcessor.processTestClass(SuiteTestClassProcessor.java:50)
	at sun.reflect.NativeMethodAccessorImpl.invoke0(Native Method)
	at sun.reflect.NativeMethodAccessorImpl.invoke(NativeMethodAccessorImpl.java:57)
	at sun.reflect.DelegatingMethodAccessorImpl.invoke(DelegatingMethodAccessorImpl.java:43)
	at java.lang.reflect.Method.invoke(Method.java:606)
	at org.gradle.messaging.dispatch.ReflectionDispatch.dispatch(ReflectionDispatch.java:35)
	at org.gradle.messaging.dispatch.ReflectionDispatch.dispatch(ReflectionDispatch.java:24)
	at org.gradle.messaging.dispatch.ContextClassLoaderDispatch.dispatch(ContextClassLoaderDispatch.java:32)
	at org.gradle.messaging.dispatch.ProxyDispatchAdapter$DispatchingInvocationHandler.invoke(ProxyDispatchAdapter.java:93)
	at com.sun.proxy.$Proxy2.processTestClass(Unknown Source)
	at org.gradle.api.internal.tasks.testing.worker.TestWorker.processTestClass(TestWorker.java:106)
	at sun.reflect.NativeMethodAccessorImpl.invoke0(Native Method)
	at sun.reflect.NativeMethodAccessorImpl.invoke(NativeMethodAccessorImpl.java:57)
	at sun.reflect.DelegatingMethodAccessorImpl.invoke(DelegatingMethodAccessorImpl.java:43)
	at java.lang.reflect.Method.invoke(Method.java:606)
	at org.gradle.messaging.dispatch.ReflectionDispatch.dispatch(ReflectionDispatch.java:35)
	at org.gradle.messaging.dispatch.ReflectionDispatch.dispatch(ReflectionDispatch.java:24)
	at org.gradle.messaging.remote.internal.hub.MessageHub$Handler.run(MessageHub.java:360)
	at org.gradle.internal.concurrent.DefaultExecutorFactory$StoppableExecutorImpl$1.run(DefaultExecutorFactory.java:64)
	at java.util.concurrent.ThreadPoolExecutor.runWorker(ThreadPoolExecutor.java:1145)
	at java.util.concurrent.ThreadPoolExecutor$Worker.run(ThreadPoolExecutor.java:615)
	at java.lang.Thread.run(Thread.java:745)
EmployeeInfo.reportingOfficer size must be between 1 and 256
java.lang.SecurityException: EmployeeInfo.reportingOfficer size must be between 1 and 256
	at com.athena.server.pluggable.utils.helper.EntityValidatorHelper.validateEntity(EntityValidatorHelper.java:37)
	at com.hresource.app.shared.humanresourceboundedcontext.employee.EmployeeInfo.isValid(EmployeeInfo.java:205)
	at com.hresource.app.server.service.humanresourceboundedcontext.employee.EmployeeInfoTestCase.validateEmployeeInfo(EmployeeInfoTestCase.java:492)
	at com.hresource.app.server.service.humanresourceboundedcontext.employee.EmployeeInfoTestCase.test5NegativeTesting(EmployeeInfoTestCase.java:534)
	at sun.reflect.NativeMethodAccessorImpl.invoke0(Native Method)
	at sun.reflect.NativeMethodAccessorImpl.invoke(NativeMethodAccessorImpl.java:57)
	at sun.reflect.DelegatingMethodAccessorImpl.invoke(DelegatingMethodAccessorImpl.java:43)
	at java.lang.reflect.Method.invoke(Method.java:606)
	at org.junit.runners.model.FrameworkMethod$1.runReflectiveCall(FrameworkMethod.java:47)
	at org.junit.internal.runners.model.ReflectiveCallable.run(ReflectiveCallable.java:12)
	at org.junit.runners.model.FrameworkMethod.invokeExplosively(FrameworkMethod.java:44)
	at org.junit.internal.runners.statements.InvokeMethod.evaluate(InvokeMethod.java:17)
	at org.junit.internal.runners.statements.RunBefores.evaluate(RunBefores.java:26)
	at org.springframework.test.context.junit4.statements.RunBeforeTestMethodCallbacks.evaluate(RunBeforeTestMethodCallbacks.java:74)
	at org.junit.internal.runners.statements.RunAfters.evaluate(RunAfters.java:27)
	at org.springframework.test.context.junit4.statements.RunAfterTestMethodCallbacks.evaluate(RunAfterTestMethodCallbacks.java:83)
	at org.springframework.test.context.junit4.statements.SpringRepeat.evaluate(SpringRepeat.java:72)
	at org.springframework.test.context.junit4.SpringJUnit4ClassRunner.runChild(SpringJUnit4ClassRunner.java:233)
	at org.springframework.test.context.junit4.SpringJUnit4ClassRunner.runChild(SpringJUnit4ClassRunner.java:87)
	at org.junit.runners.ParentRunner$3.run(ParentRunner.java:238)
	at org.junit.runners.ParentRunner$1.schedule(ParentRunner.java:63)
	at org.junit.runners.ParentRunner.runChildren(ParentRunner.java:236)
	at org.junit.runners.ParentRunner.access$000(ParentRunner.java:53)
	at org.junit.runners.ParentRunner$2.evaluate(ParentRunner.java:229)
	at org.junit.internal.runners.statements.RunBefores.evaluate(RunBefores.java:26)
	at org.springframework.test.context.junit4.statements.RunBeforeTestClassCallbacks.evaluate(RunBeforeTestClassCallbacks.java:61)
	at org.springframework.test.context.junit4.statements.RunAfterTestClassCallbacks.evaluate(RunAfterTestClassCallbacks.java:71)
	at org.junit.runners.ParentRunner.run(ParentRunner.java:309)
	at org.springframework.test.context.junit4.SpringJUnit4ClassRunner.run(SpringJUnit4ClassRunner.java:176)
	at org.gradle.api.internal.tasks.testing.junit.JUnitTestClassExecuter.runTestClass(JUnitTestClassExecuter.java:86)
	at org.gradle.api.internal.tasks.testing.junit.JUnitTestClassExecuter.execute(JUnitTestClassExecuter.java:49)
	at org.gradle.api.internal.tasks.testing.junit.JUnitTestClassProcessor.processTestClass(JUnitTestClassProcessor.java:64)
	at org.gradle.api.internal.tasks.testing.SuiteTestClassProcessor.processTestClass(SuiteTestClassProcessor.java:50)
	at sun.reflect.NativeMethodAccessorImpl.invoke0(Native Method)
	at sun.reflect.NativeMethodAccessorImpl.invoke(NativeMethodAccessorImpl.java:57)
	at sun.reflect.DelegatingMethodAccessorImpl.invoke(DelegatingMethodAccessorImpl.java:43)
	at java.lang.reflect.Method.invoke(Method.java:606)
	at org.gradle.messaging.dispatch.ReflectionDispatch.dispatch(ReflectionDispatch.java:35)
	at org.gradle.messaging.dispatch.ReflectionDispatch.dispatch(ReflectionDispatch.java:24)
	at org.gradle.messaging.dispatch.ContextClassLoaderDispatch.dispatch(ContextClassLoaderDispatch.java:32)
	at org.gradle.messaging.dispatch.ProxyDispatchAdapter$DispatchingInvocationHandler.invoke(ProxyDispatchAdapter.java:93)
	at com.sun.proxy.$Proxy2.processTestClass(Unknown Source)
	at org.gradle.api.internal.tasks.testing.worker.TestWorker.processTestClass(TestWorker.java:106)
	at sun.reflect.NativeMethodAccessorImpl.invoke0(Native Method)
	at sun.reflect.NativeMethodAccessorImpl.invoke(NativeMethodAccessorImpl.java:57)
	at sun.reflect.DelegatingMethodAccessorImpl.invoke(DelegatingMethodAccessorImpl.java:43)
	at java.lang.reflect.Method.invoke(Method.java:606)
	at org.gradle.messaging.dispatch.ReflectionDispatch.dispatch(ReflectionDispatch.java:35)
	at org.gradle.messaging.dispatch.ReflectionDispatch.dispatch(ReflectionDispatch.java:24)
	at org.gradle.messaging.remote.internal.hub.MessageHub$Handler.run(MessageHub.java:360)
	at org.gradle.internal.concurrent.DefaultExecutorFactory$StoppableExecutorImpl$1.run(DefaultExecutorFactory.java:64)
	at java.util.concurrent.ThreadPoolExecutor.runWorker(ThreadPoolExecutor.java:1145)
	at java.util.concurrent.ThreadPoolExecutor$Worker.run(ThreadPoolExecutor.java:615)
	at java.lang.Thread.run(Thread.java:745)
EmployeeInfo.pan may not be null
java.lang.SecurityException: EmployeeInfo.pan may not be null
	at com.athena.server.pluggable.utils.helper.EntityValidatorHelper.validateEntity(EntityValidatorHelper.java:37)
	at com.hresource.app.shared.humanresourceboundedcontext.employee.EmployeeInfo.isValid(EmployeeInfo.java:205)
	at com.hresource.app.server.service.humanresourceboundedcontext.employee.EmployeeInfoTestCase.validateEmployeeInfo(EmployeeInfoTestCase.java:494)
	at com.hresource.app.server.service.humanresourceboundedcontext.employee.EmployeeInfoTestCase.test5NegativeTesting(EmployeeInfoTestCase.java:540)
	at sun.reflect.NativeMethodAccessorImpl.invoke0(Native Method)
	at sun.reflect.NativeMethodAccessorImpl.invoke(NativeMethodAccessorImpl.java:57)
	at sun.reflect.DelegatingMethodAccessorImpl.invoke(DelegatingMethodAccessorImpl.java:43)
	at java.lang.reflect.Method.invoke(Method.java:606)
	at org.junit.runners.model.FrameworkMethod$1.runReflectiveCall(FrameworkMethod.java:47)
	at org.junit.internal.runners.model.ReflectiveCallable.run(ReflectiveCallable.java:12)
	at org.junit.runners.model.FrameworkMethod.invokeExplosively(FrameworkMethod.java:44)
	at org.junit.internal.runners.statements.InvokeMethod.evaluate(InvokeMethod.java:17)
	at org.junit.internal.runners.statements.RunBefores.evaluate(RunBefores.java:26)
	at org.springframework.test.context.junit4.statements.RunBeforeTestMethodCallbacks.evaluate(RunBeforeTestMethodCallbacks.java:74)
	at org.junit.internal.runners.statements.RunAfters.evaluate(RunAfters.java:27)
	at org.springframework.test.context.junit4.statements.RunAfterTestMethodCallbacks.evaluate(RunAfterTestMethodCallbacks.java:83)
	at org.springframework.test.context.junit4.statements.SpringRepeat.evaluate(SpringRepeat.java:72)
	at org.springframework.test.context.junit4.SpringJUnit4ClassRunner.runChild(SpringJUnit4ClassRunner.java:233)
	at org.springframework.test.context.junit4.SpringJUnit4ClassRunner.runChild(SpringJUnit4ClassRunner.java:87)
	at org.junit.runners.ParentRunner$3.run(ParentRunner.java:238)
	at org.junit.runners.ParentRunner$1.schedule(ParentRunner.java:63)
	at org.junit.runners.ParentRunner.runChildren(ParentRunner.java:236)
	at org.junit.runners.ParentRunner.access$000(ParentRunner.java:53)
	at org.junit.runners.ParentRunner$2.evaluate(ParentRunner.java:229)
	at org.junit.internal.runners.statements.RunBefores.evaluate(RunBefores.java:26)
	at org.springframework.test.context.junit4.statements.RunBeforeTestClassCallbacks.evaluate(RunBeforeTestClassCallbacks.java:61)
	at org.springframework.test.context.junit4.statements.RunAfterTestClassCallbacks.evaluate(RunAfterTestClassCallbacks.java:71)
	at org.junit.runners.ParentRunner.run(ParentRunner.java:309)
	at org.springframework.test.context.junit4.SpringJUnit4ClassRunner.run(SpringJUnit4ClassRunner.java:176)
	at org.gradle.api.internal.tasks.testing.junit.JUnitTestClassExecuter.runTestClass(JUnitTestClassExecuter.java:86)
	at org.gradle.api.internal.tasks.testing.junit.JUnitTestClassExecuter.execute(JUnitTestClassExecuter.java:49)
	at org.gradle.api.internal.tasks.testing.junit.JUnitTestClassProcessor.processTestClass(JUnitTestClassProcessor.java:64)
	at org.gradle.api.internal.tasks.testing.SuiteTestClassProcessor.processTestClass(SuiteTestClassProcessor.java:50)
	at sun.reflect.NativeMethodAccessorImpl.invoke0(Native Method)
	at sun.reflect.NativeMethodAccessorImpl.invoke(NativeMethodAccessorImpl.java:57)
	at sun.reflect.DelegatingMethodAccessorImpl.invoke(DelegatingMethodAccessorImpl.java:43)
	at java.lang.reflect.Method.invoke(Method.java:606)
	at org.gradle.messaging.dispatch.ReflectionDispatch.dispatch(ReflectionDispatch.java:35)
	at org.gradle.messaging.dispatch.ReflectionDispatch.dispatch(ReflectionDispatch.java:24)
	at org.gradle.messaging.dispatch.ContextClassLoaderDispatch.dispatch(ContextClassLoaderDispatch.java:32)
	at org.gradle.messaging.dispatch.ProxyDispatchAdapter$DispatchingInvocationHandler.invoke(ProxyDispatchAdapter.java:93)
	at com.sun.proxy.$Proxy2.processTestClass(Unknown Source)
	at org.gradle.api.internal.tasks.testing.worker.TestWorker.processTestClass(TestWorker.java:106)
	at sun.reflect.NativeMethodAccessorImpl.invoke0(Native Method)
	at sun.reflect.NativeMethodAccessorImpl.invoke(NativeMethodAccessorImpl.java:57)
	at sun.reflect.DelegatingMethodAccessorImpl.invoke(DelegatingMethodAccessorImpl.java:43)
	at java.lang.reflect.Method.invoke(Method.java:606)
	at org.gradle.messaging.dispatch.ReflectionDispatch.dispatch(ReflectionDispatch.java:35)
	at org.gradle.messaging.dispatch.ReflectionDispatch.dispatch(ReflectionDispatch.java:24)
	at org.gradle.messaging.remote.internal.hub.MessageHub$Handler.run(MessageHub.java:360)
	at org.gradle.internal.concurrent.DefaultExecutorFactory$StoppableExecutorImpl$1.run(DefaultExecutorFactory.java:64)
	at java.util.concurrent.ThreadPoolExecutor.runWorker(ThreadPoolExecutor.java:1145)
	at java.util.concurrent.ThreadPoolExecutor$Worker.run(ThreadPoolExecutor.java:615)
	at java.lang.Thread.run(Thread.java:745)
EmployeeInfo.pan size must be between 1 and 256
java.lang.SecurityException: EmployeeInfo.pan size must be between 1 and 256
	at com.athena.server.pluggable.utils.helper.EntityValidatorHelper.validateEntity(EntityValidatorHelper.java:37)
	at com.hresource.app.shared.humanresourceboundedcontext.employee.EmployeeInfo.isValid(EmployeeInfo.java:205)
	at com.hresource.app.server.service.humanresourceboundedcontext.employee.EmployeeInfoTestCase.validateEmployeeInfo(EmployeeInfoTestCase.java:492)
	at com.hresource.app.server.service.humanresourceboundedcontext.employee.EmployeeInfoTestCase.test5NegativeTesting(EmployeeInfoTestCase.java:545)
	at sun.reflect.NativeMethodAccessorImpl.invoke0(Native Method)
	at sun.reflect.NativeMethodAccessorImpl.invoke(NativeMethodAccessorImpl.java:57)
	at sun.reflect.DelegatingMethodAccessorImpl.invoke(DelegatingMethodAccessorImpl.java:43)
	at java.lang.reflect.Method.invoke(Method.java:606)
	at org.junit.runners.model.FrameworkMethod$1.runReflectiveCall(FrameworkMethod.java:47)
	at org.junit.internal.runners.model.ReflectiveCallable.run(ReflectiveCallable.java:12)
	at org.junit.runners.model.FrameworkMethod.invokeExplosively(FrameworkMethod.java:44)
	at org.junit.internal.runners.statements.InvokeMethod.evaluate(InvokeMethod.java:17)
	at org.junit.internal.runners.statements.RunBefores.evaluate(RunBefores.java:26)
	at org.springframework.test.context.junit4.statements.RunBeforeTestMethodCallbacks.evaluate(RunBeforeTestMethodCallbacks.java:74)
	at org.junit.internal.runners.statements.RunAfters.evaluate(RunAfters.java:27)
	at org.springframework.test.context.junit4.statements.RunAfterTestMethodCallbacks.evaluate(RunAfterTestMethodCallbacks.java:83)
	at org.springframework.test.context.junit4.statements.SpringRepeat.evaluate(SpringRepeat.java:72)
	at org.springframework.test.context.junit4.SpringJUnit4ClassRunner.runChild(SpringJUnit4ClassRunner.java:233)
	at org.springframework.test.context.junit4.SpringJUnit4ClassRunner.runChild(SpringJUnit4ClassRunner.java:87)
	at org.junit.runners.ParentRunner$3.run(ParentRunner.java:238)
	at org.junit.runners.ParentRunner$1.schedule(ParentRunner.java:63)
	at org.junit.runners.ParentRunner.runChildren(ParentRunner.java:236)
	at org.junit.runners.ParentRunner.access$000(ParentRunner.java:53)
	at org.junit.runners.ParentRunner$2.evaluate(ParentRunner.java:229)
	at org.junit.internal.runners.statements.RunBefores.evaluate(RunBefores.java:26)
	at org.springframework.test.context.junit4.statements.RunBeforeTestClassCallbacks.evaluate(RunBeforeTestClassCallbacks.java:61)
	at org.springframework.test.context.junit4.statements.RunAfterTestClassCallbacks.evaluate(RunAfterTestClassCallbacks.java:71)
	at org.junit.runners.ParentRunner.run(ParentRunner.java:309)
	at org.springframework.test.context.junit4.SpringJUnit4ClassRunner.run(SpringJUnit4ClassRunner.java:176)
	at org.gradle.api.internal.tasks.testing.junit.JUnitTestClassExecuter.runTestClass(JUnitTestClassExecuter.java:86)
	at org.gradle.api.internal.tasks.testing.junit.JUnitTestClassExecuter.execute(JUnitTestClassExecuter.java:49)
	at org.gradle.api.internal.tasks.testing.junit.JUnitTestClassProcessor.processTestClass(JUnitTestClassProcessor.java:64)
	at org.gradle.api.internal.tasks.testing.SuiteTestClassProcessor.processTestClass(SuiteTestClassProcessor.java:50)
	at sun.reflect.NativeMethodAccessorImpl.invoke0(Native Method)
	at sun.reflect.NativeMethodAccessorImpl.invoke(NativeMethodAccessorImpl.java:57)
	at sun.reflect.DelegatingMethodAccessorImpl.invoke(DelegatingMethodAccessorImpl.java:43)
	at java.lang.reflect.Method.invoke(Method.java:606)
	at org.gradle.messaging.dispatch.ReflectionDispatch.dispatch(ReflectionDispatch.java:35)
	at org.gradle.messaging.dispatch.ReflectionDispatch.dispatch(ReflectionDispatch.java:24)
	at org.gradle.messaging.dispatch.ContextClassLoaderDispatch.dispatch(ContextClassLoaderDispatch.java:32)
	at org.gradle.messaging.dispatch.ProxyDispatchAdapter$DispatchingInvocationHandler.invoke(ProxyDispatchAdapter.java:93)
	at com.sun.proxy.$Proxy2.processTestClass(Unknown Source)
	at org.gradle.api.internal.tasks.testing.worker.TestWorker.processTestClass(TestWorker.java:106)
	at sun.reflect.NativeMethodAccessorImpl.invoke0(Native Method)
	at sun.reflect.NativeMethodAccessorImpl.invoke(NativeMethodAccessorImpl.java:57)
	at sun.reflect.DelegatingMethodAccessorImpl.invoke(DelegatingMethodAccessorImpl.java:43)
	at java.lang.reflect.Method.invoke(Method.java:606)
	at org.gradle.messaging.dispatch.ReflectionDispatch.dispatch(ReflectionDispatch.java:35)
	at org.gradle.messaging.dispatch.ReflectionDispatch.dispatch(ReflectionDispatch.java:24)
	at org.gradle.messaging.remote.internal.hub.MessageHub$Handler.run(MessageHub.java:360)
	at org.gradle.internal.concurrent.DefaultExecutorFactory$StoppableExecutorImpl$1.run(DefaultExecutorFactory.java:64)
	at java.util.concurrent.ThreadPoolExecutor.runWorker(ThreadPoolExecutor.java:1145)
	at java.util.concurrent.ThreadPoolExecutor$Worker.run(ThreadPoolExecutor.java:615)
	at java.lang.Thread.run(Thread.java:745)
org.springframework.dao.InvalidDataAccessApiUsageException: During synchronization a new object was found through a relationship that was not marked cascade PERSIST: zv4szYsEG0RoytE5ByToKdYj7YOdmv4Fpiv2I5o5klm7823iug,kceEpt4RXDSuqQNrm6JtP8tcjtGXrOMzfF6S7nG7NBWScfOnp0,mCswAaTzytzXHoR0piVk0Vx2q3LxsWV4Iw3QrkVcU9pkVuq2IF,2zcUQZ3XT4dAyvQt4isv40ZhmoaZZrqKtCGW0L8SnkK555Nu8Y,a5dVk10NhxPm7ej9R9iK.; nested exception is java.lang.IllegalStateException: During synchronization a new object was found through a relationship that was not marked cascade PERSIST: zv4szYsEG0RoytE5ByToKdYj7YOdmv4Fpiv2I5o5klm7823iug,kceEpt4RXDSuqQNrm6JtP8tcjtGXrOMzfF6S7nG7NBWScfOnp0,mCswAaTzytzXHoR0piVk0Vx2q3LxsWV4Iw3QrkVcU9pkVuq2IF,2zcUQZ3XT4dAyvQt4isv40ZhmoaZZrqKtCGW0L8SnkK555Nu8Y,a5dVk10NhxPm7ej9R9iK.
	at org.springframework.orm.jpa.EntityManagerFactoryUtils.convertJpaAccessExceptionIfPossible(EntityManagerFactoryUtils.java:381)
	at org.springframework.orm.jpa.DefaultJpaDialect.translateExceptionIfPossible(DefaultJpaDialect.java:122)
	at org.springframework.orm.jpa.JpaTransactionManager.doCommit(JpaTransactionManager.java:519)
	at org.springframework.transaction.support.AbstractPlatformTransactionManager.processCommit(AbstractPlatformTransactionManager.java:757)
	at org.springframework.transaction.support.AbstractPlatformTransactionManager.commit(AbstractPlatformTransactionManager.java:726)
	at org.springframework.transaction.interceptor.TransactionAspectSupport.commitTransactionAfterReturning(TransactionAspectSupport.java:478)
	at org.springframework.transaction.interceptor.TransactionAspectSupport.invokeWithinTransaction(TransactionAspectSupport.java:272)
	at org.springframework.transaction.interceptor.TransactionInterceptor.invoke(TransactionInterceptor.java:95)
	at org.springframework.aop.framework.ReflectiveMethodInvocation.proceed(ReflectiveMethodInvocation.java:172)
	at org.springframework.aop.interceptor.ExposeInvocationInterceptor.invoke(ExposeInvocationInterceptor.java:91)
	at org.springframework.aop.framework.ReflectiveMethodInvocation.proceed(ReflectiveMethodInvocation.java:172)
	at org.springframework.aop.framework.JdkDynamicAopProxy.invoke(JdkDynamicAopProxy.java:204)
	at com.sun.proxy.$Proxy83.save(Unknown Source)
	at com.hresource.app.server.service.humanresourceboundedcontext.employee.EmployeeInfoTestCase.validateEmployeeInfo(EmployeeInfoTestCase.java:498)
	at com.hresource.app.server.service.humanresourceboundedcontext.employee.EmployeeInfoTestCase.test5NegativeTesting(EmployeeInfoTestCase.java:550)
	at sun.reflect.NativeMethodAccessorImpl.invoke0(Native Method)
	at sun.reflect.NativeMethodAccessorImpl.invoke(NativeMethodAccessorImpl.java:57)
	at sun.reflect.DelegatingMethodAccessorImpl.invoke(DelegatingMethodAccessorImpl.java:43)
	at java.lang.reflect.Method.invoke(Method.java:606)
	at org.junit.runners.model.FrameworkMethod$1.runReflectiveCall(FrameworkMethod.java:47)
	at org.junit.internal.runners.model.ReflectiveCallable.run(ReflectiveCallable.java:12)
	at org.junit.runners.model.FrameworkMethod.invokeExplosively(FrameworkMethod.java:44)
	at org.junit.internal.runners.statements.InvokeMethod.evaluate(InvokeMethod.java:17)
	at org.junit.internal.runners.statements.RunBefores.evaluate(RunBefores.java:26)
	at org.springframework.test.context.junit4.statements.RunBeforeTestMethodCallbacks.evaluate(RunBeforeTestMethodCallbacks.java:74)
	at org.junit.internal.runners.statements.RunAfters.evaluate(RunAfters.java:27)
	at org.springframework.test.context.junit4.statements.RunAfterTestMethodCallbacks.evaluate(RunAfterTestMethodCallbacks.java:83)
	at org.springframework.test.context.junit4.statements.SpringRepeat.evaluate(SpringRepeat.java:72)
	at org.springframework.test.context.junit4.SpringJUnit4ClassRunner.runChild(SpringJUnit4ClassRunner.java:233)
	at org.springframework.test.context.junit4.SpringJUnit4ClassRunner.runChild(SpringJUnit4ClassRunner.java:87)
	at org.junit.runners.ParentRunner$3.run(ParentRunner.java:238)
	at org.junit.runners.ParentRunner$1.schedule(ParentRunner.java:63)
	at org.junit.runners.ParentRunner.runChildren(ParentRunner.java:236)
	at org.junit.runners.ParentRunner.access$000(ParentRunner.java:53)
	at org.junit.runners.ParentRunner$2.evaluate(ParentRunner.java:229)
	at org.junit.internal.runners.statements.RunBefores.evaluate(RunBefores.java:26)
	at org.springframework.test.context.junit4.statements.RunBeforeTestClassCallbacks.evaluate(RunBeforeTestClassCallbacks.java:61)
	at org.springframework.test.context.junit4.statements.RunAfterTestClassCallbacks.evaluate(RunAfterTestClassCallbacks.java:71)
	at org.junit.runners.ParentRunner.run(ParentRunner.java:309)
	at org.springframework.test.context.junit4.SpringJUnit4ClassRunner.run(SpringJUnit4ClassRunner.java:176)
	at org.gradle.api.internal.tasks.testing.junit.JUnitTestClassExecuter.runTestClass(JUnitTestClassExecuter.java:86)
	at org.gradle.api.internal.tasks.testing.junit.JUnitTestClassExecuter.execute(JUnitTestClassExecuter.java:49)
	at org.gradle.api.internal.tasks.testing.junit.JUnitTestClassProcessor.processTestClass(JUnitTestClassProcessor.java:64)
	at org.gradle.api.internal.tasks.testing.SuiteTestClassProcessor.processTestClass(SuiteTestClassProcessor.java:50)
	at sun.reflect.NativeMethodAccessorImpl.invoke0(Native Method)
	at sun.reflect.NativeMethodAccessorImpl.invoke(NativeMethodAccessorImpl.java:57)
	at sun.reflect.DelegatingMethodAccessorImpl.invoke(DelegatingMethodAccessorImpl.java:43)
	at java.lang.reflect.Method.invoke(Method.java:606)
	at org.gradle.messaging.dispatch.ReflectionDispatch.dispatch(ReflectionDispatch.java:35)
	at org.gradle.messaging.dispatch.ReflectionDispatch.dispatch(ReflectionDispatch.java:24)
	at org.gradle.messaging.dispatch.ContextClassLoaderDispatch.dispatch(ContextClassLoaderDispatch.java:32)
	at org.gradle.messaging.dispatch.ProxyDispatchAdapter$DispatchingInvocationHandler.invoke(ProxyDispatchAdapter.java:93)
	at com.sun.proxy.$Proxy2.processTestClass(Unknown Source)
	at org.gradle.api.internal.tasks.testing.worker.TestWorker.processTestClass(TestWorker.java:106)
	at sun.reflect.NativeMethodAccessorImpl.invoke0(Native Method)
	at sun.reflect.NativeMethodAccessorImpl.invoke(NativeMethodAccessorImpl.java:57)
	at sun.reflect.DelegatingMethodAccessorImpl.invoke(DelegatingMethodAccessorImpl.java:43)
	at java.lang.reflect.Method.invoke(Method.java:606)
	at org.gradle.messaging.dispatch.ReflectionDispatch.dispatch(ReflectionDispatch.java:35)
	at org.gradle.messaging.dispatch.ReflectionDispatch.dispatch(ReflectionDispatch.java:24)
	at org.gradle.messaging.remote.internal.hub.MessageHub$Handler.run(MessageHub.java:360)
	at org.gradle.internal.concurrent.DefaultExecutorFactory$StoppableExecutorImpl$1.run(DefaultExecutorFactory.java:64)
	at java.util.concurrent.ThreadPoolExecutor.runWorker(ThreadPoolExecutor.java:1145)
	at java.util.concurrent.ThreadPoolExecutor$Worker.run(ThreadPoolExecutor.java:615)
	at java.lang.Thread.run(Thread.java:745)
Caused by: java.lang.IllegalStateException: During synchronization a new object was found through a relationship that was not marked cascade PERSIST: zv4szYsEG0RoytE5ByToKdYj7YOdmv4Fpiv2I5o5klm7823iug,kceEpt4RXDSuqQNrm6JtP8tcjtGXrOMzfF6S7nG7NBWScfOnp0,mCswAaTzytzXHoR0piVk0Vx2q3LxsWV4Iw3QrkVcU9pkVuq2IF,2zcUQZ3XT4dAyvQt4isv40ZhmoaZZrqKtCGW0L8SnkK555Nu8Y,a5dVk10NhxPm7ej9R9iK.
	at org.eclipse.persistence.internal.sessions.RepeatableWriteUnitOfWork.discoverUnregisteredNewObjects(RepeatableWriteUnitOfWork.java:310)
	at org.eclipse.persistence.internal.sessions.UnitOfWorkImpl.calculateChanges(UnitOfWorkImpl.java:723)
	at org.eclipse.persistence.internal.sessions.UnitOfWorkImpl.commitToDatabaseWithChangeSet(UnitOfWorkImpl.java:1516)
	at org.eclipse.persistence.internal.sessions.RepeatableWriteUnitOfWork.commitRootUnitOfWork(RepeatableWriteUnitOfWork.java:277)
	at org.eclipse.persistence.internal.sessions.UnitOfWorkImpl.commitAndResume(UnitOfWorkImpl.java:1169)
	at org.eclipse.persistence.internal.jpa.transaction.EntityTransactionImpl.commit(EntityTransactionImpl.java:132)
	at org.springframework.orm.jpa.JpaTransactionManager.doCommit(JpaTransactionManager.java:515)
	... 62 more
]]></system-err>
</testsuite>
