<?xml version="1.0" encoding="UTF-8"?>
<testsuite name="com.hresource.app.server.service.humanresourceboundedcontext.payroll.CostToCompanyTestCase" tests="6" skipped="0" failures="0" errors="0" timestamp="2016-06-06T13:31:55" hostname="9873ee8edf99" time="2.161">
  <properties/>
  <testcase name="test1Save" classname="com.hresource.app.server.service.humanresourceboundedcontext.payroll.CostToCompanyTestCase" time="1.12"/>
  <testcase name="test2Update" classname="com.hresource.app.server.service.humanresourceboundedcontext.payroll.CostToCompanyTestCase" time="0.19"/>
  <testcase name="test3FindById" classname="com.hresource.app.server.service.humanresourceboundedcontext.payroll.CostToCompanyTestCase" time="0.014"/>
  <testcase name="test3findByempId" classname="com.hresource.app.server.service.humanresourceboundedcontext.payroll.CostToCompanyTestCase" time="0.013"/>
  <testcase name="test5NegativeTesting" classname="com.hresource.app.server.service.humanresourceboundedcontext.payroll.CostToCompanyTestCase" time="0.081"/>
  <testcase name="test6Delete" classname="com.hresource.app.server.service.humanresourceboundedcontext.payroll.CostToCompanyTestCase" time="0.741"/>
  <system-out><![CDATA[Mon Jun 06 13:31:55 UTC 2016|Log Manager Factory|Initialization Process started.....
Mon Jun 06 13:31:55 UTC 2016|Log Manager|Initialized with Path = [/home/applifire/workspace/hresource/src/main/webapp/WEB-INF/conf]
Mon Jun 06 13:31:55 UTC 2016|Alarm Manager|Initialized with Path = [/home/applifire/workspace/hresource/src/main/webapp/WEB-INF/conf]
Mon Jun 06 13:31:55 UTC 2016|Alarm Manager|Loading Alarms ......
Mon Jun 06 13:31:55 UTC 2016|Alarm XML Parser|FWA|XML Parsing Complete........ 
Mon Jun 06 13:31:55 UTC 2016|Alarm File Manager|FWA|Alarm File Status.. [ApplicationFrameworkAlarms.xml]|Version=15|Status=Done 
Mon Jun 06 13:31:55 UTC 2016|Alarm File Manager|FWA|Alarm Stats = ( BC/AL=4/564 SYS=4/10 [564/0]  TPL=0/0 [0/0]  APP= A.Map=[645]  E.Map EC/RC=[238/66] )
Mon Jun 06 13:31:55 UTC 2016|Alarm XML Parser|APP|XML Parsing Complete........ 
Mon Jun 06 13:31:55 UTC 2016|Alarm File Manager|APP|Alarm File Status.. [ApplicationAlarms.xml]|Version=1|Status=Done 
Mon Jun 06 13:31:55 UTC 2016|Alarm File Manager|APP|Alarm Stats = ( BC/AL=7/1212 SYS=4/10 [564/0]  TPL=0/0 [0/0]  APP=3/8 [648/0]  A.Map=[1137]  E.Map EC/RC=[474/110] )
Mon Jun 06 13:31:55 UTC 2016|ApplicationAlarmContext| <><><><><> Create App Alarms ....  <><><><><> 
Mon Jun 06 13:31:55 UTC 2016|ApplicationAlarmContext|Alarms are generated ONLY in Development Mode.. 
Mon Jun 06 13:31:55 UTC 2016|Alarm Manager|APP|Alarm Stats = ( BC/AL=7/1212 SYS=4/10 [564/0]  TPL=0/0 [0/0]  APP=3/8 [648/0]  A.Map=[1137]  E.Map EC/RC=[474/110] )
Mon Jun 06 13:31:55 UTC 2016|Alarm Manager|Initialized Exception Lookup...
Mon Jun 06 13:31:55 UTC 2016|Log Manager|Initialize Log Config File ......
Mon Jun 06 13:31:55 UTC 2016|Pluggable Connectors|Adding Connectors : StandardOutputConnector isEnabled=true isDefault=false isFallBack=true
Mon Jun 06 13:31:55 UTC 2016|Pluggable Connectors|Adding Connectors : StandardFileConnector isEnabled=true isDefault=false isFallBack=false
Mon Jun 06 13:31:55 UTC 2016|Pluggable Connectors|Adding Connectors : Sprinkler isEnabled=true isDefault=true isFallBack=false
Mon Jun 06 13:31:55 UTC 2016|Pluggable Connectors|Default Connector Name : com.spartan.logger.core.LogMessenger
Mon Jun 06 13:31:55 UTC 2016|Log Config Parser|Connector Least Log Level =[4]  FallBack Log Level =[3]
Mon Jun 06 13:31:55 UTC 2016|Log Manager|Loading Default Connector for Logging ......
Mon Jun 06 13:31:55 UTC 2016|Log Manager|Loading class .. com.spartan.logger.core.LogMessenger
Mon Jun 06 13:31:55 UTC 2016|Plugggable Connector|Connector class com.spartan.logger.core.LogMessenger Initialized... @ Log Level = 3
Mon Jun 06 13:31:55 UTC 2016|Log Manager|Starting the Default Connector [com.spartan.logger.core.LogMessenger@58236c77] ....
Mon Jun 06 13:31:55 UTC 2016|Scheduler|Starting the Scheduler ......
Mon Jun 06 13:31:55 UTC 2016|Scheduler|Adding [LMID=[7918462d-8802-4997-81a1-df4c252630b1]] Delay=5 Time Unit=MINUTES
Mon Jun 06 13:31:55 UTC 2016|Scheduler|Adding [App Alarm Manager File=[ApplicationAlarms.xml]] Delay=30 Time Unit=MINUTES
Mon Jun 06 13:31:55 UTC 2016|Scheduler|Adding [FW Alarm Manager File=[ApplicationFrameworkAlarms.xml]] Delay=3 Time Unit=MINUTES
Mon Jun 06 13:31:55 UTC 2016|Scheduler|Startup Completed..
Mon Jun 06 13:31:55 UTC 2016|Log Manager|Initialization Process Complete ......
Mon Jun 06 13:31:55 UTC 2016|Log Manager Factory|Log Manager READY! ID = 7918462d-8802-4997-81a1-df4c252630b1
[EL Fine]: sql: 2016-06-06 13:31:55.459--ClientSession(782889716)--Connection(1562858407)--Thread(Thread[Test worker,5,main])--INSERT INTO ast_JobType_M (jobTypeCode, jobTypeDesc, versionId, createdBy, createdDate, updatedBy, updatedDate, activeStatus, txnAccessCode) VALUES (?, ?, ?, ?, ?, ?, ?, ?, ?)
	bind => [C08ED52F-F493-4B30-87AD-118B2AAC7D86, FFwyDUAkHhgQyiaz7uUsdn68bWbj5IaqHVZarvIkIp2JWTTU3a, 1, AAAAA, 2016-06-06 13:31:55.456, AAAAA, 2016-06-06 13:31:55.456, 1, 51000]
[EL Fine]: sql: 2016-06-06 13:31:55.51--ClientSession(1141271736)--Connection(1562858407)--Thread(Thread[Test worker,5,main])--INSERT INTO ast_DesignationType_M (designationTypeCode, designationTypeDesc, versionId, createdBy, createdDate, updatedBy, updatedDate, activeStatus, txnAccessCode) VALUES (?, ?, ?, ?, ?, ?, ?, ?, ?)
	bind => [D9A706F4-3C6D-4F44-A9B5-023D29B1F402, LfDCz652fMiFBrl4URFq4gklW2pYk2sZzAyGhhOjextH2tS6DN, 1, AAAAA, 2016-06-06 13:31:55.505, AAAAA, 2016-06-06 13:31:55.505, 1, 51000]
[EL Fine]: sql: 2016-06-06 13:31:55.575--ClientSession(2098640623)--Connection(1562858407)--Thread(Thread[Test worker,5,main])--INSERT INTO ast_DepartmentType_M (departmentTypeCode, departmentTypeDesc, versionId, createdBy, createdDate, updatedBy, updatedDate, activeStatus, txnAccessCode) VALUES (?, ?, ?, ?, ?, ?, ?, ?, ?)
	bind => [34CCAFA8-E5F8-4138-8436-760C08F3B3D5, 5urA68Z7gyvosngetsvPiN2GwicS1hilcAaeXHeUTRsfVNGtVO, 1, AAAAA, 2016-06-06 13:31:55.57, AAAAA, 2016-06-06 13:31:55.57, 1, 51000]
[EL Fine]: sql: 2016-06-06 13:31:55.646--ClientSession(361213300)--Connection(1562858407)--Thread(Thread[Test worker,5,main])--INSERT INTO ast_Language_M (languageId, alpha2, alpha3, alpha4, alpha4parentid, language, languageDescription, languageIcon, languageType, versionId, createdBy, createdDate, updatedBy, updatedDate, activeStatus, txnAccessCode) VALUES (?, ?, ?, ?, ?, ?, ?, ?, ?, ?, ?, ?, ?, ?, ?, ?)
	bind => [19792FCE-8630-4BA4-BA94-73310FD2B20E, nj, NcS, Tpb7, 1, j23O9I898GRfhft0svAz5b86Q7eU1rMRvMnVxsDlxkRONapC3C, ejtxnsuLwoQzcN8HJmUjZaDGVDzYtmWrYcHSqI87YdkAmf6oNP, hioUwMqDtptlaT4DJZyGrlaXPlMrjuYadRpCQOyZ30H8e0tkIT, PS7vOe3DsOxtrMddUT4y16Rp8jRBdyIl, 1, AAAAA, 2016-06-06 13:31:55.637, AAAAA, 2016-06-06 13:31:55.637, 1, 51000]
[EL Fine]: sql: 2016-06-06 13:31:55.716--ClientSession(2076547650)--Connection(1562858407)--Thread(Thread[Test worker,5,main])--INSERT INTO ast_Gender_M (genderId, gender, versionId, createdBy, createdDate, updatedBy, updatedDate, activeStatus, txnAccessCode) VALUES (?, ?, ?, ?, ?, ?, ?, ?, ?)
	bind => [A3AFBBF8-E316-40BD-ACD3-0B63BC5F0CCD, mV99uQjmExaP1FqXwTOe9MvFfHDADlzj7gCEAqJye2i5Dy0bjR, 1, AAAAA, 2016-06-06 13:31:55.711, AAAAA, 2016-06-06 13:31:55.711, 1, 51000]
[EL Fine]: sql: 2016-06-06 13:31:55.766--ClientSession(1678656961)--Connection(1562858407)--Thread(Thread[Test worker,5,main])--INSERT INTO ast_Title_M (titleId, titles, versionId, createdBy, createdDate, updatedBy, updatedDate, activeStatus, txnAccessCode) VALUES (?, ?, ?, ?, ?, ?, ?, ?, ?)
	bind => [080EDCE2-2162-4D81-9D1D-60DC95B36439, pdoOWEFnTgRHZki4yF1FhO0JAKSZB5W2F5AESKfzXlkMHkLR19, 1, AAAAA, 2016-06-06 13:31:55.761, AAAAA, 2016-06-06 13:31:55.761, 1, 51000]
[EL Fine]: sql: 2016-06-06 13:31:55.855--ClientSession(1686024731)--Connection(1562858407)--Thread(Thread[Test worker,5,main])--INSERT INTO ast_Timezone_M (timeZoneId, cities, country, gmtLabel, timeZoneLabel, utcdifference, versionId, createdBy, createdDate, updatedBy, updatedDate, activeStatus, txnAccessCode) VALUES (?, ?, ?, ?, ?, ?, ?, ?, ?, ?, ?, ?, ?)
	bind => [92B23964-D40E-4F5D-AACC-02873CD1538B, upDmjoMJdzVysTva55CmZTQtaUQSZFybBvhsaA6BL6y6BSgQRt, UwcyYYKKcLZhj6skuvAZdPPQ9TCRqpmR7aaYgQGj65i3lYOe8N, XybklHEPqMVEH2IARIYZdbffoXQGTognqxnWfeh1x97YFDrxfk, NYTSZ8RaDyQtz4kNqrwe9x1Lhq31smuyG0YEIG4quVVfDsQHvW, 5, 1, AAAAA, 2016-06-06 13:31:55.848, AAAAA, 2016-06-06 13:31:55.848, 1, 51000]
[EL Fine]: sql: 2016-06-06 13:31:55.887--ClientSession(320883424)--Connection(1562858407)--Thread(Thread[Test worker,5,main])--INSERT INTO ast_AddressType_M (addressTypeId, addressType, addressTypeDesc, addressTypeIcon, versionId, createdBy, createdDate, updatedBy, updatedDate, activeStatus, txnAccessCode) VALUES (?, ?, ?, ?, ?, ?, ?, ?, ?, ?, ?)
	bind => [C13AA8B7-BEC6-4F00-85BF-F31A49B41340, p5sAYVrZjdmI7AtwITCngh9pTDxAaLyCHoLpqjLBIlzxosTOmp, i5OLgl7UzCvuvGu7zUuehtXhUI83eTxkWys3dKpL68zNn7lVI4, EoOfKPqeVZMMkmSaTFlUO39uwC4O9ZeCfaFEpUtpUjG52Hb3uE, 1, AAAAA, 2016-06-06 13:31:55.883, AAAAA, 2016-06-06 13:31:55.883, 1, 51000]
[EL Fine]: sql: 2016-06-06 13:31:55.927--ClientSession(1376501387)--Connection(1562858407)--Thread(Thread[Test worker,5,main])--INSERT INTO ast_Country_M (countryId, capital, capitalLatitude, capitalLongitude, countryCode1, countryCode2, countryFlag, countryName, currencyCode, currencyName, currencySymbol, isoNumeric, versionId, createdBy, createdDate, updatedBy, updatedDate, activeStatus, txnAccessCode) VALUES (?, ?, ?, ?, ?, ?, ?, ?, ?, ?, ?, ?, ?, ?, ?, ?, ?, ?, ?)
	bind => [39159798-D44D-4608-8CDF-44361A60F0AD, pmGXzBcHWwzZ0KyIeyct18rz0CP89Yfl, 11, 7, 94l, TS7, d63vs2JRrwJviHD9q59qSOTl1gSaA3t2j6U0yf8ZFfd8NcTJy6, 22au24GAAaiF6RLdzIJ7ZF0r59LrDjcr632Vq8ZqEL4LMVKJ7P, dIv, bzuGfJpMpGSm18A9YoNTIk6WHDVgONUKbTlecOOeyxVvm4LCxJ, px1HM9GvAtQIl44CSTRkv8yLy62xZU3Z, 624, 1, AAAAA, 2016-06-06 13:31:55.917, AAAAA, 2016-06-06 13:31:55.917, 1, 51000]
[EL Fine]: sql: 2016-06-06 13:31:56.034--ClientSession(1727337870)--Connection(1562858407)--Thread(Thread[Test worker,5,main])--INSERT INTO ast_State_M (stateId, countryId, stateCapital, stateCapitalLatitude, stateCapitalLongitude, stateCode, stateCodeChar2, stateCodeChar3, stateDescription, stateFlag, stateName, versionId, createdBy, createdDate, updatedBy, updatedDate, activeStatus, txnAccessCode) VALUES (?, ?, ?, ?, ?, ?, ?, ?, ?, ?, ?, ?, ?, ?, ?, ?, ?, ?)
	bind => [585C166B-0200-4C4F-A110-81862ED42A56, 39159798-D44D-4608-8CDF-44361A60F0AD, O9CpfxTCGiU6Mdm69VJCtBIgXR7yTMyVceDR9inBLPlv5xdKQZ, 7, 5, 1, g4haWjSPDIh9Gj4zOQKtSA2RoexKFI6M, 2D9fSbZGWv0lOqpd4bT8r10u9AVxhP22, 7tOgqgzrus8xSdnb9XfuHruZz4M5gHQbofIrKeO7cyZngstaBX, T153fb4ByZUMznlxHz475g1Ma0EuATywVnh9gg6XcXK8gFOmFw, RyjzVheQnXiuAw1Ts1HvpJGYt2XiFYlGBYkKfNzLfCK7G8WlVn, 1, AAAAA, 2016-06-06 13:31:55.916, AAAAA, 2016-06-06 13:31:55.916, 1, 51000]
[EL Fine]: sql: 2016-06-06 13:31:56.078--ClientSession(2113862946)--Connection(1562858407)--Thread(Thread[Test worker,5,main])--INSERT INTO ast_City_M (cityId, cityCode, cityCodeChar2, cityDescription, cityFlag, cityLatitude, cityLongitude, cityName, countryId, stateId, versionId, createdBy, createdDate, updatedBy, updatedDate, activeStatus, txnAccessCode) VALUES (?, ?, ?, ?, ?, ?, ?, ?, ?, ?, ?, ?, ?, ?, ?, ?, ?)
	bind => [E61BD692-9B27-46E1-9306-075A6944CC5F, 3, vpoXCdzejW7LisT8HlQ9geWyVaKhfj3c, m4H9rUn1VLiNxp8lUJAMqDVrWATvczhrgNcvVdOYwv9b9tf9lW, AS2h14IWTex1drHC8CfImitIMdcq0cwHZXoD0Ho0jeyq5L7vHg, 7, 7, OwmI3zkXLKJ3TOTVJGBmfZQzz1GjsT1uOauVworOnY9xORqdvZ, 39159798-D44D-4608-8CDF-44361A60F0AD, 585C166B-0200-4C4F-A110-81862ED42A56, 1, AAAAA, 2016-06-06 13:31:55.916, AAAAA, 2016-06-06 13:31:55.916, 1, 51000]
[EL Fine]: sql: 2016-06-06 13:31:56.211--ClientSession(497367684)--Connection(1562858407)--Thread(Thread[Test worker,5,main])--INSERT INTO ast_CommunicationGroup_M (commGroupId, commGroupDescription, commGroupName, versionId, createdBy, createdDate, updatedBy, updatedDate, activeStatus, txnAccessCode) VALUES (?, ?, ?, ?, ?, ?, ?, ?, ?, ?)
	bind => [29812892-8F2D-43DD-BD33-CD9FDCD193EA, fRwq8ytXDfr930cRJh2W4y8LFqAMphwqg4VBrAbstldipahwtQ, vSOayAgHTmz9YWZLtUYtFWKZOfOhbCuhUehvqVyX9ir0mUbVAJ, 1, AAAAA, 2016-06-06 13:31:56.206, AAAAA, 2016-06-06 13:31:56.206, 1, 51000]
[EL Fine]: sql: 2016-06-06 13:31:56.26--ClientSession(1557785208)--Connection(1562858407)--Thread(Thread[Test worker,5,main])--INSERT INTO ast_CommunicationType_M (commType, commGroupId, commTypeDescription, commTypeName, versionId, createdBy, createdDate, updatedBy, updatedDate, activeStatus, txnAccessCode) VALUES (?, ?, ?, ?, ?, ?, ?, ?, ?, ?, ?)
	bind => [2590CE76-35D3-4B9A-853D-FB89157FA235, 29812892-8F2D-43DD-BD33-CD9FDCD193EA, AsOEqIVPbad3rXGCTk3wXEaVBV0YfNOvzDrSj0nhXytsB5QBq7, QTZRlG1mKlVusdb7N42bKV7qTqCByAwGrvQXLtosz0OcEUzEJc, 1, AAAAA, 2016-06-06 13:31:56.255, AAAAA, 2016-06-06 13:31:56.255, 1, 51000]
[EL Fine]: sql: 2016-06-06 13:31:56.351--ClientSession(1631940219)--Connection(1562858407)--Thread(Thread[Test worker,5,main])--SELECT timeZoneId FROM ast_Timezone_M WHERE (timeZoneId = ?)
	bind => [92B23964-D40E-4F5D-AACC-02873CD1538B]
[EL Fine]: sql: 2016-06-06 13:31:56.352--ClientSession(1631940219)--Connection(1562858407)--Thread(Thread[Test worker,5,main])--INSERT INTO ast_CoreContacts_T (contactId, age, approximateDOB, dateofbirth, emailId, firstName, genderId, lastName, middleName, nativeFirstName, nativeLanguageCode, nativeLastName, nativeMiddleName, nativeTitle, phoneNumber, titleId, versionId, createdBy, createdDate, updatedBy, updatedDate, activeStatus, txnAccessCode, timeZoneId) VALUES (?, ?, ?, ?, ?, ?, ?, ?, ?, ?, ?, ?, ?, ?, ?, ?, ?, ?, ?, ?, ?, ?, ?, ?)
	bind => [7CCF30F4-D89F-4F98-8B33-9AAFE0141B24, 79, 2016-06-06 13:13:04.193, 2016-06-06 13:13:04.193, FYsKWkQjaaI93S8LjsFaMisuDGOG8venYtQP5NZqu3HK1QoEB3, mXl6mCkCpBnXEwwZP5SrHhfpQoeTwxFWoMMjR3Vjj7DZo3BRfE, A3AFBBF8-E316-40BD-ACD3-0B63BC5F0CCD, x4Rvb7FygPzo9Ad3Oet6W3hly6t098av8PcJRNdHwOVp8C4nuC, adDHXzN5cFy7NngbjS72alGYMRxAtDm0O3OEwSgEUQe4E62ljq, tDv9TzeNpnNzzDWNKSK9kEmgZWjcK7i30LuIddDb3gwo0p1xB9, 19792FCE-8630-4BA4-BA94-73310FD2B20E, 8IbjiGw9FM1xukCuQRguky1OSlBloheJW1a3qfknTu9gg5UzJ4, vvPvCC7I9pWQ26v2VWsfbS3SmtMjkhJUYOWAzlkkjw9mlolTl0, wXz8iPFpy29hEuBbR8FfccxpbRPelJiBw3hlj9Okt2F8auNPsx, Z5odoBKZrCJo6sjZlTXu, 080EDCE2-2162-4D81-9D1D-60DC95B36439, 1, AAAAA, 2016-06-06 13:31:55.637, AAAAA, 2016-06-06 13:31:55.637, 1, 51000, 92B23964-D40E-4F5D-AACC-02873CD1538B]
[EL Fine]: sql: 2016-06-06 13:31:56.354--ClientSession(1631940219)--Connection(1562858407)--Thread(Thread[Test worker,5,main])--INSERT INTO ast_CommunicationData_TP (commDataId, commData, commGroupId, commType, versionId, createdBy, createdDate, updatedBy, updatedDate, activeStatus, txnAccessCode) VALUES (?, ?, ?, ?, ?, ?, ?, ?, ?, ?, ?)
	bind => [55CE25CD-2114-4481-B30F-F4CB326AC1A8, ddnQYwjlQT, 29812892-8F2D-43DD-BD33-CD9FDCD193EA, 2590CE76-35D3-4B9A-853D-FB89157FA235, 1, AAAAA, 2016-06-06 13:31:56.206, AAAAA, 2016-06-06 13:31:56.206, 1, 51000]
[EL Fine]: sql: 2016-06-06 13:31:56.356--ClientSession(1631940219)--Connection(1562858407)--Thread(Thread[Test worker,5,main])--INSERT INTO ast_Address_T (addressId, address1, address2, address3, addressLabel, addressTypeId, cityId, countryId, latitude, longitude, stateId, versionId, zipcode, createdBy, createdDate, updatedBy, updatedDate, activeStatus, txnAccessCode) VALUES (?, ?, ?, ?, ?, ?, ?, ?, ?, ?, ?, ?, ?, ?, ?, ?, ?, ?, ?)
	bind => [19B01A5B-7481-4B30-A36D-6E20D9808870, 0ZAQJlUIV7PdKWCSfeWt7llKXK3Pg3rjjoCvi1cuMXcWDIqUeI, bkps2j3zXDTALgMW5C7Btn5aJfOSBAAsYFD0Brz20TfdwS9TRL, ZTluk4fOzrqJQeiMegEAxzYwRXY6WbBhve24XxGobpRL6ZHdLM, kBrY5dZtDZV, C13AA8B7-BEC6-4F00-85BF-F31A49B41340, E61BD692-9B27-46E1-9306-075A6944CC5F, 39159798-D44D-4608-8CDF-44361A60F0AD, OHAYhfNMOGwG3nwzwZ5LuUjfVonvzZW42GqSWwvzqaGJ389Nw6, 9jSV6KEuPYpn8bxlxTG8HYl3Ae4JXsBe2hJuGILMiJ1861v7Tz, 585C166B-0200-4C4F-A110-81862ED42A56, 1, 1x79sW, AAAAA, 2016-06-06 13:31:55.883, AAAAA, 2016-06-06 13:31:55.883, 1, 51000]
[EL Fine]: sql: 2016-06-06 13:31:56.358--ClientSession(1631940219)--Connection(1562858407)--Thread(Thread[Test worker,5,main])--INSERT INTO ast_AddressMap_B (addressId, contactId) VALUES (?, ?)
	bind => [19B01A5B-7481-4B30-A36D-6E20D9808870, 7CCF30F4-D89F-4F98-8B33-9AAFE0141B24]
[EL Fine]: sql: 2016-06-06 13:31:56.359--ClientSession(1631940219)--Connection(1562858407)--Thread(Thread[Test worker,5,main])--INSERT INTO ast_CommunicationMap_B (commDataId, contactId) VALUES (?, ?)
	bind => [55CE25CD-2114-4481-B30F-F4CB326AC1A8, 7CCF30F4-D89F-4F98-8B33-9AAFE0141B24]
[EL Fine]: sql: 2016-06-06 13:31:56.398--ClientSession(1164463744)--Connection(1562858407)--Thread(Thread[Test worker,5,main])--SELECT contactId FROM ast_CoreContacts_T WHERE (contactId = ?)
	bind => [7CCF30F4-D89F-4F98-8B33-9AAFE0141B24]
[EL Fine]: sql: 2016-06-06 13:31:56.399--ClientSession(1164463744)--Connection(1562858407)--Thread(Thread[Test worker,5,main])--INSERT INTO ast_EmployeeInfo_M (empId, deptTypeCode, designationTypeCode, jobTypeCode, pan, reportingOfficer, versionId, createdBy, createdDate, updatedBy, updatedDate, activeStatus, txnAccessCode, contactId) VALUES (?, ?, ?, ?, ?, ?, ?, ?, ?, ?, ?, ?, ?, ?)
	bind => [96A333B5-FD0B-44CE-8B0C-520F710B706C, 34CCAFA8-E5F8-4138-8436-760C08F3B3D5, D9A706F4-3C6D-4F44-A9B5-023D29B1F402, C08ED52F-F493-4B30-87AD-118B2AAC7D86, "h71b7qtXNoxJuVG7gXRlQ7eIfHFsPTYtMw3oT3PTOD3ZvO7moQ", fPqlVCwqSjJNHSpm4HT5obYYAXki8Vi0RWdujeLmk4HXE8gqUG, 1, AAAAA, 2016-06-06 13:31:55.456, AAAAA, 2016-06-06 13:31:55.456, 1, 51000, 7CCF30F4-D89F-4F98-8B33-9AAFE0141B24]
Setting logged in user info for ADD
[EL Fine]: sql: 2016-06-06 13:31:56.499--ClientSession(610746079)--Connection(1562858407)--Thread(Thread[Test worker,5,main])--INSERT INTO ast_CostToCompany_M (salaryId, basic, convenceAllowance, educationalAllowance, empId, hra, medicalAllowance, perk, specialAllowance, takeHome, totalCTC, versionId, yearValue, createdBy, createdDate, updatedBy, updatedDate, activeStatus, txnAccessCode) VALUES (?, ?, ?, ?, ?, ?, ?, ?, ?, ?, ?, ?, ?, ?, ?, ?, ?, ?, ?)
	bind => [1E226032-3413-4FDF-97FC-4FA796812BB6, 4100.0, -3600.0, -5700.0, 96A333B5-FD0B-44CE-8B0C-520F710B706C, 6500.0, 5600.0, 7040.0, 4700.0, -9800.0, -300.0, 1, 2147483647, AAAAA, 2016-06-06 13:31:56.493, AAAAA, 2016-06-06 13:31:56.493, 1, 51000]
[EL Fine]: sql: 2016-06-06 13:31:56.553--ClientSession(1401766339)--Connection(1562858407)--Thread(Thread[Test worker,5,main])--SELECT salaryId, basic, convenceAllowance, educationalAllowance, empId, hra, medicalAllowance, perk, specialAllowance, takeHome, totalCTC, versionId, yearValue, createdBy, createdDate, updatedBy, updatedDate, activeStatus, txnAccessCode FROM ast_CostToCompany_M WHERE ((activeStatus = ?) AND (salaryId = ?))
	bind => [1, 1E226032-3413-4FDF-97FC-4FA796812BB6]
Setting logged in user info for UPDATE
[EL Fine]: sql: 2016-06-06 13:31:56.563--ClientSession(1445974732)--Connection(1562858407)--Thread(Thread[Test worker,5,main])--SELECT salaryId, basic, convenceAllowance, educationalAllowance, empId, hra, medicalAllowance, perk, specialAllowance, takeHome, totalCTC, versionId, yearValue, createdBy, createdDate, updatedBy, updatedDate, activeStatus, txnAccessCode FROM ast_CostToCompany_M WHERE (salaryId = ?)
	bind => [1E226032-3413-4FDF-97FC-4FA796812BB6]
[EL Fine]: sql: 2016-06-06 13:31:56.565--ClientSession(1445974732)--Connection(1562858407)--Thread(Thread[Test worker,5,main])--UPDATE ast_CostToCompany_M SET basic = ?, convenceAllowance = ?, educationalAllowance = ?, hra = ?, medicalAllowance = ?, perk = ?, specialAllowance = ?, takeHome = ?, totalCTC = ?, versionId = ? WHERE ((salaryId = ?) AND (versionId = ?))
	bind => [-6480.0, 6000.0, 7200.0, 4020.0, 8300.0, -900.0, -9410.0, 800.0, -9300.0, 2, 1E226032-3413-4FDF-97FC-4FA796812BB6, 1]
[EL Fine]: sql: 2016-06-06 13:31:56.744--ClientSession(2039194829)--Connection(1562858407)--Thread(Thread[Test worker,5,main])--SELECT salaryId, basic, convenceAllowance, educationalAllowance, empId, hra, medicalAllowance, perk, specialAllowance, takeHome, totalCTC, versionId, yearValue, createdBy, createdDate, updatedBy, updatedDate, activeStatus, txnAccessCode FROM ast_CostToCompany_M WHERE ((activeStatus = ?) AND (salaryId = ?))
	bind => [1, 1E226032-3413-4FDF-97FC-4FA796812BB6]
[EL Fine]: sql: 2016-06-06 13:31:56.758--ClientSession(1597358240)--Connection(1562858407)--Thread(Thread[Test worker,5,main])--SELECT salaryId, basic, convenceAllowance, educationalAllowance, empId, hra, medicalAllowance, perk, specialAllowance, takeHome, totalCTC, versionId, yearValue, createdBy, createdDate, updatedBy, updatedDate, activeStatus, txnAccessCode FROM ast_CostToCompany_M WHERE ((activeStatus = ?) AND (empId = ?))
	bind => [1, 96A333B5-FD0B-44CE-8B0C-520F710B706C]
[EL Fine]: sql: 2016-06-06 13:31:56.85--ClientSession(1039697277)--Connection(1562858407)--Thread(Thread[Test worker,5,main])--SELECT salaryId, basic, convenceAllowance, educationalAllowance, empId, hra, medicalAllowance, perk, specialAllowance, takeHome, totalCTC, versionId, yearValue, createdBy, createdDate, updatedBy, updatedDate, activeStatus, txnAccessCode FROM ast_CostToCompany_M WHERE (salaryId = ?)
	bind => [1E226032-3413-4FDF-97FC-4FA796812BB6]
[EL Fine]: sql: 2016-06-06 13:31:56.852--ClientSession(1039697277)--Connection(1562858407)--Thread(Thread[Test worker,5,main])--DELETE FROM ast_CostToCompany_M WHERE ((salaryId = ?) AND (versionId = ?))
	bind => [1E226032-3413-4FDF-97FC-4FA796812BB6, 2]
[EL Fine]: sql: 2016-06-06 13:31:56.969--ClientSession(1435101516)--Connection(1562858407)--Thread(Thread[Test worker,5,main])--SELECT empId, deptTypeCode, designationTypeCode, jobTypeCode, pan, reportingOfficer, versionId, createdBy, createdDate, updatedBy, updatedDate, activeStatus, txnAccessCode, contactId FROM ast_EmployeeInfo_M WHERE (empId = ?)
	bind => [96A333B5-FD0B-44CE-8B0C-520F710B706C]
[EL Fine]: sql: 2016-06-06 13:31:56.97--ClientSession(1435101516)--Connection(1562858407)--Thread(Thread[Test worker,5,main])--SELECT contactId, age, approximateDOB, dateofbirth, emailId, firstName, genderId, lastName, middleName, nativeFirstName, nativeLanguageCode, nativeLastName, nativeMiddleName, nativeTitle, phoneNumber, titleId, versionId, createdBy, createdDate, updatedBy, updatedDate, activeStatus, txnAccessCode, timeZoneId FROM ast_CoreContacts_T WHERE (contactId = ?)
	bind => [7CCF30F4-D89F-4F98-8B33-9AAFE0141B24]
[EL Fine]: sql: 2016-06-06 13:31:56.971--ClientSession(1435101516)--Connection(1562858407)--Thread(Thread[Test worker,5,main])--SELECT timeZoneId, cities, country, gmtLabel, timeZoneLabel, utcdifference, versionId, createdBy, createdDate, updatedBy, updatedDate, activeStatus, txnAccessCode FROM ast_Timezone_M WHERE (timeZoneId = ?)
	bind => [92B23964-D40E-4F5D-AACC-02873CD1538B]
[EL Fine]: sql: 2016-06-06 13:31:56.973--ClientSession(1435101516)--Connection(1562858407)--Thread(Thread[Test worker,5,main])--DELETE FROM ast_EmployeeInfo_M WHERE ((empId = ?) AND (versionId = ?))
	bind => [96A333B5-FD0B-44CE-8B0C-520F710B706C, 1]
[EL Fine]: sql: 2016-06-06 13:31:57.005--ClientSession(768496571)--Connection(1562858407)--Thread(Thread[Test worker,5,main])--SELECT contactId, age, approximateDOB, dateofbirth, emailId, firstName, genderId, lastName, middleName, nativeFirstName, nativeLanguageCode, nativeLastName, nativeMiddleName, nativeTitle, phoneNumber, titleId, versionId, createdBy, createdDate, updatedBy, updatedDate, activeStatus, txnAccessCode, timeZoneId FROM ast_CoreContacts_T WHERE (contactId = ?)
	bind => [7CCF30F4-D89F-4F98-8B33-9AAFE0141B24]
[EL Fine]: sql: 2016-06-06 13:31:57.006--ClientSession(768496571)--Connection(1562858407)--Thread(Thread[Test worker,5,main])--SELECT timeZoneId, cities, country, gmtLabel, timeZoneLabel, utcdifference, versionId, createdBy, createdDate, updatedBy, updatedDate, activeStatus, txnAccessCode FROM ast_Timezone_M WHERE (timeZoneId = ?)
	bind => [92B23964-D40E-4F5D-AACC-02873CD1538B]
[EL Fine]: sql: 2016-06-06 13:31:57.007--ClientSession(768496571)--Connection(1562858407)--Thread(Thread[Test worker,5,main])--SELECT t1.addressId, t1.address1, t1.address2, t1.address3, t1.addressLabel, t1.addressTypeId, t1.cityId, t1.countryId, t1.latitude, t1.longitude, t1.stateId, t1.versionId, t1.zipcode, t1.createdBy, t1.createdDate, t1.updatedBy, t1.updatedDate, t1.activeStatus, t1.txnAccessCode FROM ast_AddressMap_B t0, ast_Address_T t1 WHERE ((t0.contactId = ?) AND (t1.addressId = t0.addressId))
	bind => [7CCF30F4-D89F-4F98-8B33-9AAFE0141B24]
[EL Fine]: sql: 2016-06-06 13:31:57.009--ClientSession(768496571)--Connection(1562858407)--Thread(Thread[Test worker,5,main])--SELECT t1.commDataId, t1.commData, t1.commGroupId, t1.commType, t1.versionId, t1.createdBy, t1.createdDate, t1.updatedBy, t1.updatedDate, t1.activeStatus, t1.txnAccessCode FROM ast_CommunicationMap_B t0, ast_CommunicationData_TP t1 WHERE ((t0.contactId = ?) AND (t1.commDataId = t0.commDataId))
	bind => [7CCF30F4-D89F-4F98-8B33-9AAFE0141B24]
[EL Fine]: sql: 2016-06-06 13:31:57.011--ClientSession(768496571)--Connection(1562858407)--Thread(Thread[Test worker,5,main])--DELETE FROM ast_AddressMap_B WHERE (contactId = ?)
	bind => [7CCF30F4-D89F-4F98-8B33-9AAFE0141B24]
[EL Fine]: sql: 2016-06-06 13:31:57.012--ClientSession(768496571)--Connection(1562858407)--Thread(Thread[Test worker,5,main])--DELETE FROM ast_CommunicationMap_B WHERE (contactId = ?)
	bind => [7CCF30F4-D89F-4F98-8B33-9AAFE0141B24]
[EL Fine]: sql: 2016-06-06 13:31:57.012--ClientSession(768496571)--Connection(1562858407)--Thread(Thread[Test worker,5,main])--DELETE FROM ast_Address_T WHERE ((addressId = ?) AND (versionId = ?))
	bind => [19B01A5B-7481-4B30-A36D-6E20D9808870, 1]
[EL Fine]: sql: 2016-06-06 13:31:57.013--ClientSession(768496571)--Connection(1562858407)--Thread(Thread[Test worker,5,main])--DELETE FROM ast_CommunicationData_TP WHERE ((commDataId = ?) AND (versionId = ?))
	bind => [55CE25CD-2114-4481-B30F-F4CB326AC1A8, 1]
[EL Fine]: sql: 2016-06-06 13:31:57.015--ClientSession(768496571)--Connection(1562858407)--Thread(Thread[Test worker,5,main])--DELETE FROM ast_CoreContacts_T WHERE ((contactId = ?) AND (versionId = ?))
	bind => [7CCF30F4-D89F-4F98-8B33-9AAFE0141B24, 1]
[EL Fine]: sql: 2016-06-06 13:31:57.096--ClientSession(1516857586)--Connection(1562858407)--Thread(Thread[Test worker,5,main])--SELECT commType, commGroupId, commTypeDescription, commTypeName, versionId, createdBy, createdDate, updatedBy, updatedDate, activeStatus, txnAccessCode FROM ast_CommunicationType_M WHERE (commType = ?)
	bind => [2590CE76-35D3-4B9A-853D-FB89157FA235]
[EL Fine]: sql: 2016-06-06 13:31:57.098--ClientSession(1516857586)--Connection(1562858407)--Thread(Thread[Test worker,5,main])--DELETE FROM ast_CommunicationType_M WHERE ((commType = ?) AND (versionId = ?))
	bind => [2590CE76-35D3-4B9A-853D-FB89157FA235, 1]
[EL Fine]: sql: 2016-06-06 13:31:57.129--ClientSession(1046368195)--Connection(1562858407)--Thread(Thread[Test worker,5,main])--SELECT commGroupId, commGroupDescription, commGroupName, versionId, createdBy, createdDate, updatedBy, updatedDate, activeStatus, txnAccessCode FROM ast_CommunicationGroup_M WHERE (commGroupId = ?)
	bind => [29812892-8F2D-43DD-BD33-CD9FDCD193EA]
[EL Fine]: sql: 2016-06-06 13:31:57.131--ClientSession(1046368195)--Connection(1562858407)--Thread(Thread[Test worker,5,main])--DELETE FROM ast_CommunicationGroup_M WHERE ((commGroupId = ?) AND (versionId = ?))
	bind => [29812892-8F2D-43DD-BD33-CD9FDCD193EA, 1]
[EL Fine]: sql: 2016-06-06 13:31:57.161--ClientSession(1292386528)--Connection(1562858407)--Thread(Thread[Test worker,5,main])--SELECT cityId, cityCode, cityCodeChar2, cityDescription, cityFlag, cityLatitude, cityLongitude, cityName, countryId, stateId, versionId, createdBy, createdDate, updatedBy, updatedDate, activeStatus, txnAccessCode FROM ast_City_M WHERE (cityId = ?)
	bind => [E61BD692-9B27-46E1-9306-075A6944CC5F]
[EL Fine]: sql: 2016-06-06 13:31:57.163--ClientSession(1292386528)--Connection(1562858407)--Thread(Thread[Test worker,5,main])--DELETE FROM ast_City_M WHERE ((cityId = ?) AND (versionId = ?))
	bind => [E61BD692-9B27-46E1-9306-075A6944CC5F, 1]
[EL Fine]: sql: 2016-06-06 13:31:57.196--ClientSession(875972374)--Connection(1562858407)--Thread(Thread[Test worker,5,main])--SELECT stateId, countryId, stateCapital, stateCapitalLatitude, stateCapitalLongitude, stateCode, stateCodeChar2, stateCodeChar3, stateDescription, stateFlag, stateName, versionId, createdBy, createdDate, updatedBy, updatedDate, activeStatus, txnAccessCode FROM ast_State_M WHERE (stateId = ?)
	bind => [585C166B-0200-4C4F-A110-81862ED42A56]
[EL Fine]: sql: 2016-06-06 13:31:57.198--ClientSession(875972374)--Connection(1562858407)--Thread(Thread[Test worker,5,main])--DELETE FROM ast_State_M WHERE ((stateId = ?) AND (versionId = ?))
	bind => [585C166B-0200-4C4F-A110-81862ED42A56, 1]
[EL Fine]: sql: 2016-06-06 13:31:57.229--ClientSession(542720985)--Connection(1562858407)--Thread(Thread[Test worker,5,main])--SELECT countryId, capital, capitalLatitude, capitalLongitude, countryCode1, countryCode2, countryFlag, countryName, currencyCode, currencyName, currencySymbol, isoNumeric, versionId, createdBy, createdDate, updatedBy, updatedDate, activeStatus, txnAccessCode FROM ast_Country_M WHERE (countryId = ?)
	bind => [39159798-D44D-4608-8CDF-44361A60F0AD]
[EL Fine]: sql: 2016-06-06 13:31:57.23--ClientSession(542720985)--Connection(1562858407)--Thread(Thread[Test worker,5,main])--DELETE FROM ast_Country_M WHERE ((countryId = ?) AND (versionId = ?))
	bind => [39159798-D44D-4608-8CDF-44361A60F0AD, 1]
[EL Fine]: sql: 2016-06-06 13:31:57.262--ClientSession(307023463)--Connection(1562858407)--Thread(Thread[Test worker,5,main])--SELECT addressTypeId, addressType, addressTypeDesc, addressTypeIcon, versionId, createdBy, createdDate, updatedBy, updatedDate, activeStatus, txnAccessCode FROM ast_AddressType_M WHERE (addressTypeId = ?)
	bind => [C13AA8B7-BEC6-4F00-85BF-F31A49B41340]
[EL Fine]: sql: 2016-06-06 13:31:57.264--ClientSession(307023463)--Connection(1562858407)--Thread(Thread[Test worker,5,main])--DELETE FROM ast_AddressType_M WHERE ((addressTypeId = ?) AND (versionId = ?))
	bind => [C13AA8B7-BEC6-4F00-85BF-F31A49B41340, 1]
[EL Fine]: sql: 2016-06-06 13:31:57.295--ClientSession(1929795375)--Connection(1562858407)--Thread(Thread[Test worker,5,main])--SELECT timeZoneId, cities, country, gmtLabel, timeZoneLabel, utcdifference, versionId, createdBy, createdDate, updatedBy, updatedDate, activeStatus, txnAccessCode FROM ast_Timezone_M WHERE (timeZoneId = ?)
	bind => [92B23964-D40E-4F5D-AACC-02873CD1538B]
[EL Fine]: sql: 2016-06-06 13:31:57.297--ClientSession(1929795375)--Connection(1562858407)--Thread(Thread[Test worker,5,main])--DELETE FROM ast_Timezone_M WHERE ((timeZoneId = ?) AND (versionId = ?))
	bind => [92B23964-D40E-4F5D-AACC-02873CD1538B, 1]
[EL Fine]: sql: 2016-06-06 13:31:57.327--ClientSession(950953855)--Connection(1562858407)--Thread(Thread[Test worker,5,main])--SELECT titleId, titles, versionId, createdBy, createdDate, updatedBy, updatedDate, activeStatus, txnAccessCode FROM ast_Title_M WHERE (titleId = ?)
	bind => [080EDCE2-2162-4D81-9D1D-60DC95B36439]
[EL Fine]: sql: 2016-06-06 13:31:57.328--ClientSession(950953855)--Connection(1562858407)--Thread(Thread[Test worker,5,main])--DELETE FROM ast_Title_M WHERE ((titleId = ?) AND (versionId = ?))
	bind => [080EDCE2-2162-4D81-9D1D-60DC95B36439, 1]
[EL Fine]: sql: 2016-06-06 13:31:57.36--ClientSession(2124914834)--Connection(1562858407)--Thread(Thread[Test worker,5,main])--SELECT genderId, gender, versionId, createdBy, createdDate, updatedBy, updatedDate, activeStatus, txnAccessCode FROM ast_Gender_M WHERE (genderId = ?)
	bind => [A3AFBBF8-E316-40BD-ACD3-0B63BC5F0CCD]
[EL Fine]: sql: 2016-06-06 13:31:57.361--ClientSession(2124914834)--Connection(1562858407)--Thread(Thread[Test worker,5,main])--DELETE FROM ast_Gender_M WHERE ((genderId = ?) AND (versionId = ?))
	bind => [A3AFBBF8-E316-40BD-ACD3-0B63BC5F0CCD, 1]
[EL Fine]: sql: 2016-06-06 13:31:57.393--ClientSession(704417269)--Connection(1562858407)--Thread(Thread[Test worker,5,main])--SELECT languageId, alpha2, alpha3, alpha4, alpha4parentid, language, languageDescription, languageIcon, languageType, versionId, createdBy, createdDate, updatedBy, updatedDate, activeStatus, txnAccessCode FROM ast_Language_M WHERE (languageId = ?)
	bind => [19792FCE-8630-4BA4-BA94-73310FD2B20E]
[EL Fine]: sql: 2016-06-06 13:31:57.394--ClientSession(704417269)--Connection(1562858407)--Thread(Thread[Test worker,5,main])--DELETE FROM ast_Language_M WHERE ((languageId = ?) AND (versionId = ?))
	bind => [19792FCE-8630-4BA4-BA94-73310FD2B20E, 1]
[EL Fine]: sql: 2016-06-06 13:31:57.426--ClientSession(174446918)--Connection(1562858407)--Thread(Thread[Test worker,5,main])--SELECT departmentTypeCode, departmentTypeDesc, versionId, createdBy, createdDate, updatedBy, updatedDate, activeStatus, txnAccessCode FROM ast_DepartmentType_M WHERE (departmentTypeCode = ?)
	bind => [34CCAFA8-E5F8-4138-8436-760C08F3B3D5]
[EL Fine]: sql: 2016-06-06 13:31:57.427--ClientSession(174446918)--Connection(1562858407)--Thread(Thread[Test worker,5,main])--DELETE FROM ast_DepartmentType_M WHERE ((departmentTypeCode = ?) AND (versionId = ?))
	bind => [34CCAFA8-E5F8-4138-8436-760C08F3B3D5, 1]
[EL Fine]: sql: 2016-06-06 13:31:57.46--ClientSession(997942435)--Connection(1562858407)--Thread(Thread[Test worker,5,main])--SELECT designationTypeCode, designationTypeDesc, versionId, createdBy, createdDate, updatedBy, updatedDate, activeStatus, txnAccessCode FROM ast_DesignationType_M WHERE (designationTypeCode = ?)
	bind => [D9A706F4-3C6D-4F44-A9B5-023D29B1F402]
[EL Fine]: sql: 2016-06-06 13:31:57.463--ClientSession(997942435)--Connection(1562858407)--Thread(Thread[Test worker,5,main])--DELETE FROM ast_DesignationType_M WHERE ((designationTypeCode = ?) AND (versionId = ?))
	bind => [D9A706F4-3C6D-4F44-A9B5-023D29B1F402, 1]
[EL Fine]: sql: 2016-06-06 13:31:57.534--ClientSession(81151341)--Connection(1562858407)--Thread(Thread[Test worker,5,main])--SELECT jobTypeCode, jobTypeDesc, versionId, createdBy, createdDate, updatedBy, updatedDate, activeStatus, txnAccessCode FROM ast_JobType_M WHERE (jobTypeCode = ?)
	bind => [C08ED52F-F493-4B30-87AD-118B2AAC7D86]
[EL Fine]: sql: 2016-06-06 13:31:57.535--ClientSession(81151341)--Connection(1562858407)--Thread(Thread[Test worker,5,main])--DELETE FROM ast_JobType_M WHERE ((jobTypeCode = ?) AND (versionId = ?))
	bind => [C08ED52F-F493-4B30-87AD-118B2AAC7D86, 1]
]]></system-out>
  <system-err><![CDATA[CostToCompany.perk must be less than or equal to 9223372000000000000
java.lang.SecurityException: CostToCompany.perk must be less than or equal to 9223372000000000000
	at com.athena.server.pluggable.utils.helper.EntityValidatorHelper.validateEntity(EntityValidatorHelper.java:37)
	at com.hresource.app.shared.humanresourceboundedcontext.payroll.CostToCompany.isValid(CostToCompany.java:275)
	at com.hresource.app.server.service.humanresourceboundedcontext.payroll.CostToCompanyTestCase.validateCostToCompany(CostToCompanyTestCase.java:499)
	at com.hresource.app.server.service.humanresourceboundedcontext.payroll.CostToCompanyTestCase.test5NegativeTesting(CostToCompanyTestCase.java:539)
	at sun.reflect.NativeMethodAccessorImpl.invoke0(Native Method)
	at sun.reflect.NativeMethodAccessorImpl.invoke(NativeMethodAccessorImpl.java:57)
	at sun.reflect.DelegatingMethodAccessorImpl.invoke(DelegatingMethodAccessorImpl.java:43)
	at java.lang.reflect.Method.invoke(Method.java:606)
	at org.junit.runners.model.FrameworkMethod$1.runReflectiveCall(FrameworkMethod.java:47)
	at org.junit.internal.runners.model.ReflectiveCallable.run(ReflectiveCallable.java:12)
	at org.junit.runners.model.FrameworkMethod.invokeExplosively(FrameworkMethod.java:44)
	at org.junit.internal.runners.statements.InvokeMethod.evaluate(InvokeMethod.java:17)
	at org.junit.internal.runners.statements.RunBefores.evaluate(RunBefores.java:26)
	at org.springframework.test.context.junit4.statements.RunBeforeTestMethodCallbacks.evaluate(RunBeforeTestMethodCallbacks.java:74)
	at org.junit.internal.runners.statements.RunAfters.evaluate(RunAfters.java:27)
	at org.springframework.test.context.junit4.statements.RunAfterTestMethodCallbacks.evaluate(RunAfterTestMethodCallbacks.java:83)
	at org.springframework.test.context.junit4.statements.SpringRepeat.evaluate(SpringRepeat.java:72)
	at org.springframework.test.context.junit4.SpringJUnit4ClassRunner.runChild(SpringJUnit4ClassRunner.java:233)
	at org.springframework.test.context.junit4.SpringJUnit4ClassRunner.runChild(SpringJUnit4ClassRunner.java:87)
	at org.junit.runners.ParentRunner$3.run(ParentRunner.java:238)
	at org.junit.runners.ParentRunner$1.schedule(ParentRunner.java:63)
	at org.junit.runners.ParentRunner.runChildren(ParentRunner.java:236)
	at org.junit.runners.ParentRunner.access$000(ParentRunner.java:53)
	at org.junit.runners.ParentRunner$2.evaluate(ParentRunner.java:229)
	at org.junit.internal.runners.statements.RunBefores.evaluate(RunBefores.java:26)
	at org.springframework.test.context.junit4.statements.RunBeforeTestClassCallbacks.evaluate(RunBeforeTestClassCallbacks.java:61)
	at org.springframework.test.context.junit4.statements.RunAfterTestClassCallbacks.evaluate(RunAfterTestClassCallbacks.java:71)
	at org.junit.runners.ParentRunner.run(ParentRunner.java:309)
	at org.springframework.test.context.junit4.SpringJUnit4ClassRunner.run(SpringJUnit4ClassRunner.java:176)
	at org.gradle.api.internal.tasks.testing.junit.JUnitTestClassExecuter.runTestClass(JUnitTestClassExecuter.java:86)
	at org.gradle.api.internal.tasks.testing.junit.JUnitTestClassExecuter.execute(JUnitTestClassExecuter.java:49)
	at org.gradle.api.internal.tasks.testing.junit.JUnitTestClassProcessor.processTestClass(JUnitTestClassProcessor.java:64)
	at org.gradle.api.internal.tasks.testing.SuiteTestClassProcessor.processTestClass(SuiteTestClassProcessor.java:50)
	at sun.reflect.NativeMethodAccessorImpl.invoke0(Native Method)
	at sun.reflect.NativeMethodAccessorImpl.invoke(NativeMethodAccessorImpl.java:57)
	at sun.reflect.DelegatingMethodAccessorImpl.invoke(DelegatingMethodAccessorImpl.java:43)
	at java.lang.reflect.Method.invoke(Method.java:606)
	at org.gradle.messaging.dispatch.ReflectionDispatch.dispatch(ReflectionDispatch.java:35)
	at org.gradle.messaging.dispatch.ReflectionDispatch.dispatch(ReflectionDispatch.java:24)
	at org.gradle.messaging.dispatch.ContextClassLoaderDispatch.dispatch(ContextClassLoaderDispatch.java:32)
	at org.gradle.messaging.dispatch.ProxyDispatchAdapter$DispatchingInvocationHandler.invoke(ProxyDispatchAdapter.java:93)
	at com.sun.proxy.$Proxy2.processTestClass(Unknown Source)
	at org.gradle.api.internal.tasks.testing.worker.TestWorker.processTestClass(TestWorker.java:106)
	at sun.reflect.NativeMethodAccessorImpl.invoke0(Native Method)
	at sun.reflect.NativeMethodAccessorImpl.invoke(NativeMethodAccessorImpl.java:57)
	at sun.reflect.DelegatingMethodAccessorImpl.invoke(DelegatingMethodAccessorImpl.java:43)
	at java.lang.reflect.Method.invoke(Method.java:606)
	at org.gradle.messaging.dispatch.ReflectionDispatch.dispatch(ReflectionDispatch.java:35)
	at org.gradle.messaging.dispatch.ReflectionDispatch.dispatch(ReflectionDispatch.java:24)
	at org.gradle.messaging.remote.internal.hub.MessageHub$Handler.run(MessageHub.java:360)
	at org.gradle.internal.concurrent.DefaultExecutorFactory$StoppableExecutorImpl$1.run(DefaultExecutorFactory.java:64)
	at java.util.concurrent.ThreadPoolExecutor.runWorker(ThreadPoolExecutor.java:1145)
	at java.util.concurrent.ThreadPoolExecutor$Worker.run(ThreadPoolExecutor.java:615)
	at java.lang.Thread.run(Thread.java:745)
CostToCompany.totalCTC must be less than or equal to 9223372000000000000
java.lang.SecurityException: CostToCompany.totalCTC must be less than or equal to 9223372000000000000
	at com.athena.server.pluggable.utils.helper.EntityValidatorHelper.validateEntity(EntityValidatorHelper.java:37)
	at com.hresource.app.shared.humanresourceboundedcontext.payroll.CostToCompany.isValid(CostToCompany.java:275)
	at com.hresource.app.server.service.humanresourceboundedcontext.payroll.CostToCompanyTestCase.validateCostToCompany(CostToCompanyTestCase.java:499)
	at com.hresource.app.server.service.humanresourceboundedcontext.payroll.CostToCompanyTestCase.test5NegativeTesting(CostToCompanyTestCase.java:544)
	at sun.reflect.NativeMethodAccessorImpl.invoke0(Native Method)
	at sun.reflect.NativeMethodAccessorImpl.invoke(NativeMethodAccessorImpl.java:57)
	at sun.reflect.DelegatingMethodAccessorImpl.invoke(DelegatingMethodAccessorImpl.java:43)
	at java.lang.reflect.Method.invoke(Method.java:606)
	at org.junit.runners.model.FrameworkMethod$1.runReflectiveCall(FrameworkMethod.java:47)
	at org.junit.internal.runners.model.ReflectiveCallable.run(ReflectiveCallable.java:12)
	at org.junit.runners.model.FrameworkMethod.invokeExplosively(FrameworkMethod.java:44)
	at org.junit.internal.runners.statements.InvokeMethod.evaluate(InvokeMethod.java:17)
	at org.junit.internal.runners.statements.RunBefores.evaluate(RunBefores.java:26)
	at org.springframework.test.context.junit4.statements.RunBeforeTestMethodCallbacks.evaluate(RunBeforeTestMethodCallbacks.java:74)
	at org.junit.internal.runners.statements.RunAfters.evaluate(RunAfters.java:27)
	at org.springframework.test.context.junit4.statements.RunAfterTestMethodCallbacks.evaluate(RunAfterTestMethodCallbacks.java:83)
	at org.springframework.test.context.junit4.statements.SpringRepeat.evaluate(SpringRepeat.java:72)
	at org.springframework.test.context.junit4.SpringJUnit4ClassRunner.runChild(SpringJUnit4ClassRunner.java:233)
	at org.springframework.test.context.junit4.SpringJUnit4ClassRunner.runChild(SpringJUnit4ClassRunner.java:87)
	at org.junit.runners.ParentRunner$3.run(ParentRunner.java:238)
	at org.junit.runners.ParentRunner$1.schedule(ParentRunner.java:63)
	at org.junit.runners.ParentRunner.runChildren(ParentRunner.java:236)
	at org.junit.runners.ParentRunner.access$000(ParentRunner.java:53)
	at org.junit.runners.ParentRunner$2.evaluate(ParentRunner.java:229)
	at org.junit.internal.runners.statements.RunBefores.evaluate(RunBefores.java:26)
	at org.springframework.test.context.junit4.statements.RunBeforeTestClassCallbacks.evaluate(RunBeforeTestClassCallbacks.java:61)
	at org.springframework.test.context.junit4.statements.RunAfterTestClassCallbacks.evaluate(RunAfterTestClassCallbacks.java:71)
	at org.junit.runners.ParentRunner.run(ParentRunner.java:309)
	at org.springframework.test.context.junit4.SpringJUnit4ClassRunner.run(SpringJUnit4ClassRunner.java:176)
	at org.gradle.api.internal.tasks.testing.junit.JUnitTestClassExecuter.runTestClass(JUnitTestClassExecuter.java:86)
	at org.gradle.api.internal.tasks.testing.junit.JUnitTestClassExecuter.execute(JUnitTestClassExecuter.java:49)
	at org.gradle.api.internal.tasks.testing.junit.JUnitTestClassProcessor.processTestClass(JUnitTestClassProcessor.java:64)
	at org.gradle.api.internal.tasks.testing.SuiteTestClassProcessor.processTestClass(SuiteTestClassProcessor.java:50)
	at sun.reflect.NativeMethodAccessorImpl.invoke0(Native Method)
	at sun.reflect.NativeMethodAccessorImpl.invoke(NativeMethodAccessorImpl.java:57)
	at sun.reflect.DelegatingMethodAccessorImpl.invoke(DelegatingMethodAccessorImpl.java:43)
	at java.lang.reflect.Method.invoke(Method.java:606)
	at org.gradle.messaging.dispatch.ReflectionDispatch.dispatch(ReflectionDispatch.java:35)
	at org.gradle.messaging.dispatch.ReflectionDispatch.dispatch(ReflectionDispatch.java:24)
	at org.gradle.messaging.dispatch.ContextClassLoaderDispatch.dispatch(ContextClassLoaderDispatch.java:32)
	at org.gradle.messaging.dispatch.ProxyDispatchAdapter$DispatchingInvocationHandler.invoke(ProxyDispatchAdapter.java:93)
	at com.sun.proxy.$Proxy2.processTestClass(Unknown Source)
	at org.gradle.api.internal.tasks.testing.worker.TestWorker.processTestClass(TestWorker.java:106)
	at sun.reflect.NativeMethodAccessorImpl.invoke0(Native Method)
	at sun.reflect.NativeMethodAccessorImpl.invoke(NativeMethodAccessorImpl.java:57)
	at sun.reflect.DelegatingMethodAccessorImpl.invoke(DelegatingMethodAccessorImpl.java:43)
	at java.lang.reflect.Method.invoke(Method.java:606)
	at org.gradle.messaging.dispatch.ReflectionDispatch.dispatch(ReflectionDispatch.java:35)
	at org.gradle.messaging.dispatch.ReflectionDispatch.dispatch(ReflectionDispatch.java:24)
	at org.gradle.messaging.remote.internal.hub.MessageHub$Handler.run(MessageHub.java:360)
	at org.gradle.internal.concurrent.DefaultExecutorFactory$StoppableExecutorImpl$1.run(DefaultExecutorFactory.java:64)
	at java.util.concurrent.ThreadPoolExecutor.runWorker(ThreadPoolExecutor.java:1145)
	at java.util.concurrent.ThreadPoolExecutor$Worker.run(ThreadPoolExecutor.java:615)
	at java.lang.Thread.run(Thread.java:745)
CostToCompany.takeHome must be less than or equal to 9223372000000000000
java.lang.SecurityException: CostToCompany.takeHome must be less than or equal to 9223372000000000000
	at com.athena.server.pluggable.utils.helper.EntityValidatorHelper.validateEntity(EntityValidatorHelper.java:37)
	at com.hresource.app.shared.humanresourceboundedcontext.payroll.CostToCompany.isValid(CostToCompany.java:275)
	at com.hresource.app.server.service.humanresourceboundedcontext.payroll.CostToCompanyTestCase.validateCostToCompany(CostToCompanyTestCase.java:499)
	at com.hresource.app.server.service.humanresourceboundedcontext.payroll.CostToCompanyTestCase.test5NegativeTesting(CostToCompanyTestCase.java:549)
	at sun.reflect.NativeMethodAccessorImpl.invoke0(Native Method)
	at sun.reflect.NativeMethodAccessorImpl.invoke(NativeMethodAccessorImpl.java:57)
	at sun.reflect.DelegatingMethodAccessorImpl.invoke(DelegatingMethodAccessorImpl.java:43)
	at java.lang.reflect.Method.invoke(Method.java:606)
	at org.junit.runners.model.FrameworkMethod$1.runReflectiveCall(FrameworkMethod.java:47)
	at org.junit.internal.runners.model.ReflectiveCallable.run(ReflectiveCallable.java:12)
	at org.junit.runners.model.FrameworkMethod.invokeExplosively(FrameworkMethod.java:44)
	at org.junit.internal.runners.statements.InvokeMethod.evaluate(InvokeMethod.java:17)
	at org.junit.internal.runners.statements.RunBefores.evaluate(RunBefores.java:26)
	at org.springframework.test.context.junit4.statements.RunBeforeTestMethodCallbacks.evaluate(RunBeforeTestMethodCallbacks.java:74)
	at org.junit.internal.runners.statements.RunAfters.evaluate(RunAfters.java:27)
	at org.springframework.test.context.junit4.statements.RunAfterTestMethodCallbacks.evaluate(RunAfterTestMethodCallbacks.java:83)
	at org.springframework.test.context.junit4.statements.SpringRepeat.evaluate(SpringRepeat.java:72)
	at org.springframework.test.context.junit4.SpringJUnit4ClassRunner.runChild(SpringJUnit4ClassRunner.java:233)
	at org.springframework.test.context.junit4.SpringJUnit4ClassRunner.runChild(SpringJUnit4ClassRunner.java:87)
	at org.junit.runners.ParentRunner$3.run(ParentRunner.java:238)
	at org.junit.runners.ParentRunner$1.schedule(ParentRunner.java:63)
	at org.junit.runners.ParentRunner.runChildren(ParentRunner.java:236)
	at org.junit.runners.ParentRunner.access$000(ParentRunner.java:53)
	at org.junit.runners.ParentRunner$2.evaluate(ParentRunner.java:229)
	at org.junit.internal.runners.statements.RunBefores.evaluate(RunBefores.java:26)
	at org.springframework.test.context.junit4.statements.RunBeforeTestClassCallbacks.evaluate(RunBeforeTestClassCallbacks.java:61)
	at org.springframework.test.context.junit4.statements.RunAfterTestClassCallbacks.evaluate(RunAfterTestClassCallbacks.java:71)
	at org.junit.runners.ParentRunner.run(ParentRunner.java:309)
	at org.springframework.test.context.junit4.SpringJUnit4ClassRunner.run(SpringJUnit4ClassRunner.java:176)
	at org.gradle.api.internal.tasks.testing.junit.JUnitTestClassExecuter.runTestClass(JUnitTestClassExecuter.java:86)
	at org.gradle.api.internal.tasks.testing.junit.JUnitTestClassExecuter.execute(JUnitTestClassExecuter.java:49)
	at org.gradle.api.internal.tasks.testing.junit.JUnitTestClassProcessor.processTestClass(JUnitTestClassProcessor.java:64)
	at org.gradle.api.internal.tasks.testing.SuiteTestClassProcessor.processTestClass(SuiteTestClassProcessor.java:50)
	at sun.reflect.NativeMethodAccessorImpl.invoke0(Native Method)
	at sun.reflect.NativeMethodAccessorImpl.invoke(NativeMethodAccessorImpl.java:57)
	at sun.reflect.DelegatingMethodAccessorImpl.invoke(DelegatingMethodAccessorImpl.java:43)
	at java.lang.reflect.Method.invoke(Method.java:606)
	at org.gradle.messaging.dispatch.ReflectionDispatch.dispatch(ReflectionDispatch.java:35)
	at org.gradle.messaging.dispatch.ReflectionDispatch.dispatch(ReflectionDispatch.java:24)
	at org.gradle.messaging.dispatch.ContextClassLoaderDispatch.dispatch(ContextClassLoaderDispatch.java:32)
	at org.gradle.messaging.dispatch.ProxyDispatchAdapter$DispatchingInvocationHandler.invoke(ProxyDispatchAdapter.java:93)
	at com.sun.proxy.$Proxy2.processTestClass(Unknown Source)
	at org.gradle.api.internal.tasks.testing.worker.TestWorker.processTestClass(TestWorker.java:106)
	at sun.reflect.NativeMethodAccessorImpl.invoke0(Native Method)
	at sun.reflect.NativeMethodAccessorImpl.invoke(NativeMethodAccessorImpl.java:57)
	at sun.reflect.DelegatingMethodAccessorImpl.invoke(DelegatingMethodAccessorImpl.java:43)
	at java.lang.reflect.Method.invoke(Method.java:606)
	at org.gradle.messaging.dispatch.ReflectionDispatch.dispatch(ReflectionDispatch.java:35)
	at org.gradle.messaging.dispatch.ReflectionDispatch.dispatch(ReflectionDispatch.java:24)
	at org.gradle.messaging.remote.internal.hub.MessageHub$Handler.run(MessageHub.java:360)
	at org.gradle.internal.concurrent.DefaultExecutorFactory$StoppableExecutorImpl$1.run(DefaultExecutorFactory.java:64)
	at java.util.concurrent.ThreadPoolExecutor.runWorker(ThreadPoolExecutor.java:1145)
	at java.util.concurrent.ThreadPoolExecutor$Worker.run(ThreadPoolExecutor.java:615)
	at java.lang.Thread.run(Thread.java:745)
CostToCompany.yearValue may not be null
java.lang.SecurityException: CostToCompany.yearValue may not be null
	at com.athena.server.pluggable.utils.helper.EntityValidatorHelper.validateEntity(EntityValidatorHelper.java:37)
	at com.hresource.app.shared.humanresourceboundedcontext.payroll.CostToCompany.isValid(CostToCompany.java:275)
	at com.hresource.app.server.service.humanresourceboundedcontext.payroll.CostToCompanyTestCase.validateCostToCompany(CostToCompanyTestCase.java:501)
	at com.hresource.app.server.service.humanresourceboundedcontext.payroll.CostToCompanyTestCase.test5NegativeTesting(CostToCompanyTestCase.java:555)
	at sun.reflect.NativeMethodAccessorImpl.invoke0(Native Method)
	at sun.reflect.NativeMethodAccessorImpl.invoke(NativeMethodAccessorImpl.java:57)
	at sun.reflect.DelegatingMethodAccessorImpl.invoke(DelegatingMethodAccessorImpl.java:43)
	at java.lang.reflect.Method.invoke(Method.java:606)
	at org.junit.runners.model.FrameworkMethod$1.runReflectiveCall(FrameworkMethod.java:47)
	at org.junit.internal.runners.model.ReflectiveCallable.run(ReflectiveCallable.java:12)
	at org.junit.runners.model.FrameworkMethod.invokeExplosively(FrameworkMethod.java:44)
	at org.junit.internal.runners.statements.InvokeMethod.evaluate(InvokeMethod.java:17)
	at org.junit.internal.runners.statements.RunBefores.evaluate(RunBefores.java:26)
	at org.springframework.test.context.junit4.statements.RunBeforeTestMethodCallbacks.evaluate(RunBeforeTestMethodCallbacks.java:74)
	at org.junit.internal.runners.statements.RunAfters.evaluate(RunAfters.java:27)
	at org.springframework.test.context.junit4.statements.RunAfterTestMethodCallbacks.evaluate(RunAfterTestMethodCallbacks.java:83)
	at org.springframework.test.context.junit4.statements.SpringRepeat.evaluate(SpringRepeat.java:72)
	at org.springframework.test.context.junit4.SpringJUnit4ClassRunner.runChild(SpringJUnit4ClassRunner.java:233)
	at org.springframework.test.context.junit4.SpringJUnit4ClassRunner.runChild(SpringJUnit4ClassRunner.java:87)
	at org.junit.runners.ParentRunner$3.run(ParentRunner.java:238)
	at org.junit.runners.ParentRunner$1.schedule(ParentRunner.java:63)
	at org.junit.runners.ParentRunner.runChildren(ParentRunner.java:236)
	at org.junit.runners.ParentRunner.access$000(ParentRunner.java:53)
	at org.junit.runners.ParentRunner$2.evaluate(ParentRunner.java:229)
	at org.junit.internal.runners.statements.RunBefores.evaluate(RunBefores.java:26)
	at org.springframework.test.context.junit4.statements.RunBeforeTestClassCallbacks.evaluate(RunBeforeTestClassCallbacks.java:61)
	at org.springframework.test.context.junit4.statements.RunAfterTestClassCallbacks.evaluate(RunAfterTestClassCallbacks.java:71)
	at org.junit.runners.ParentRunner.run(ParentRunner.java:309)
	at org.springframework.test.context.junit4.SpringJUnit4ClassRunner.run(SpringJUnit4ClassRunner.java:176)
	at org.gradle.api.internal.tasks.testing.junit.JUnitTestClassExecuter.runTestClass(JUnitTestClassExecuter.java:86)
	at org.gradle.api.internal.tasks.testing.junit.JUnitTestClassExecuter.execute(JUnitTestClassExecuter.java:49)
	at org.gradle.api.internal.tasks.testing.junit.JUnitTestClassProcessor.processTestClass(JUnitTestClassProcessor.java:64)
	at org.gradle.api.internal.tasks.testing.SuiteTestClassProcessor.processTestClass(SuiteTestClassProcessor.java:50)
	at sun.reflect.NativeMethodAccessorImpl.invoke0(Native Method)
	at sun.reflect.NativeMethodAccessorImpl.invoke(NativeMethodAccessorImpl.java:57)
	at sun.reflect.DelegatingMethodAccessorImpl.invoke(DelegatingMethodAccessorImpl.java:43)
	at java.lang.reflect.Method.invoke(Method.java:606)
	at org.gradle.messaging.dispatch.ReflectionDispatch.dispatch(ReflectionDispatch.java:35)
	at org.gradle.messaging.dispatch.ReflectionDispatch.dispatch(ReflectionDispatch.java:24)
	at org.gradle.messaging.dispatch.ContextClassLoaderDispatch.dispatch(ContextClassLoaderDispatch.java:32)
	at org.gradle.messaging.dispatch.ProxyDispatchAdapter$DispatchingInvocationHandler.invoke(ProxyDispatchAdapter.java:93)
	at com.sun.proxy.$Proxy2.processTestClass(Unknown Source)
	at org.gradle.api.internal.tasks.testing.worker.TestWorker.processTestClass(TestWorker.java:106)
	at sun.reflect.NativeMethodAccessorImpl.invoke0(Native Method)
	at sun.reflect.NativeMethodAccessorImpl.invoke(NativeMethodAccessorImpl.java:57)
	at sun.reflect.DelegatingMethodAccessorImpl.invoke(DelegatingMethodAccessorImpl.java:43)
	at java.lang.reflect.Method.invoke(Method.java:606)
	at org.gradle.messaging.dispatch.ReflectionDispatch.dispatch(ReflectionDispatch.java:35)
	at org.gradle.messaging.dispatch.ReflectionDispatch.dispatch(ReflectionDispatch.java:24)
	at org.gradle.messaging.remote.internal.hub.MessageHub$Handler.run(MessageHub.java:360)
	at org.gradle.internal.concurrent.DefaultExecutorFactory$StoppableExecutorImpl$1.run(DefaultExecutorFactory.java:64)
	at java.util.concurrent.ThreadPoolExecutor.runWorker(ThreadPoolExecutor.java:1145)
	at java.util.concurrent.ThreadPoolExecutor$Worker.run(ThreadPoolExecutor.java:615)
	at java.lang.Thread.run(Thread.java:745)
CostToCompany.basic must be less than or equal to 9223372000000000000
java.lang.SecurityException: CostToCompany.basic must be less than or equal to 9223372000000000000
	at com.athena.server.pluggable.utils.helper.EntityValidatorHelper.validateEntity(EntityValidatorHelper.java:37)
	at com.hresource.app.shared.humanresourceboundedcontext.payroll.CostToCompany.isValid(CostToCompany.java:275)
	at com.hresource.app.server.service.humanresourceboundedcontext.payroll.CostToCompanyTestCase.validateCostToCompany(CostToCompanyTestCase.java:499)
	at com.hresource.app.server.service.humanresourceboundedcontext.payroll.CostToCompanyTestCase.test5NegativeTesting(CostToCompanyTestCase.java:560)
	at sun.reflect.NativeMethodAccessorImpl.invoke0(Native Method)
	at sun.reflect.NativeMethodAccessorImpl.invoke(NativeMethodAccessorImpl.java:57)
	at sun.reflect.DelegatingMethodAccessorImpl.invoke(DelegatingMethodAccessorImpl.java:43)
	at java.lang.reflect.Method.invoke(Method.java:606)
	at org.junit.runners.model.FrameworkMethod$1.runReflectiveCall(FrameworkMethod.java:47)
	at org.junit.internal.runners.model.ReflectiveCallable.run(ReflectiveCallable.java:12)
	at org.junit.runners.model.FrameworkMethod.invokeExplosively(FrameworkMethod.java:44)
	at org.junit.internal.runners.statements.InvokeMethod.evaluate(InvokeMethod.java:17)
	at org.junit.internal.runners.statements.RunBefores.evaluate(RunBefores.java:26)
	at org.springframework.test.context.junit4.statements.RunBeforeTestMethodCallbacks.evaluate(RunBeforeTestMethodCallbacks.java:74)
	at org.junit.internal.runners.statements.RunAfters.evaluate(RunAfters.java:27)
	at org.springframework.test.context.junit4.statements.RunAfterTestMethodCallbacks.evaluate(RunAfterTestMethodCallbacks.java:83)
	at org.springframework.test.context.junit4.statements.SpringRepeat.evaluate(SpringRepeat.java:72)
	at org.springframework.test.context.junit4.SpringJUnit4ClassRunner.runChild(SpringJUnit4ClassRunner.java:233)
	at org.springframework.test.context.junit4.SpringJUnit4ClassRunner.runChild(SpringJUnit4ClassRunner.java:87)
	at org.junit.runners.ParentRunner$3.run(ParentRunner.java:238)
	at org.junit.runners.ParentRunner$1.schedule(ParentRunner.java:63)
	at org.junit.runners.ParentRunner.runChildren(ParentRunner.java:236)
	at org.junit.runners.ParentRunner.access$000(ParentRunner.java:53)
	at org.junit.runners.ParentRunner$2.evaluate(ParentRunner.java:229)
	at org.junit.internal.runners.statements.RunBefores.evaluate(RunBefores.java:26)
	at org.springframework.test.context.junit4.statements.RunBeforeTestClassCallbacks.evaluate(RunBeforeTestClassCallbacks.java:61)
	at org.springframework.test.context.junit4.statements.RunAfterTestClassCallbacks.evaluate(RunAfterTestClassCallbacks.java:71)
	at org.junit.runners.ParentRunner.run(ParentRunner.java:309)
	at org.springframework.test.context.junit4.SpringJUnit4ClassRunner.run(SpringJUnit4ClassRunner.java:176)
	at org.gradle.api.internal.tasks.testing.junit.JUnitTestClassExecuter.runTestClass(JUnitTestClassExecuter.java:86)
	at org.gradle.api.internal.tasks.testing.junit.JUnitTestClassExecuter.execute(JUnitTestClassExecuter.java:49)
	at org.gradle.api.internal.tasks.testing.junit.JUnitTestClassProcessor.processTestClass(JUnitTestClassProcessor.java:64)
	at org.gradle.api.internal.tasks.testing.SuiteTestClassProcessor.processTestClass(SuiteTestClassProcessor.java:50)
	at sun.reflect.NativeMethodAccessorImpl.invoke0(Native Method)
	at sun.reflect.NativeMethodAccessorImpl.invoke(NativeMethodAccessorImpl.java:57)
	at sun.reflect.DelegatingMethodAccessorImpl.invoke(DelegatingMethodAccessorImpl.java:43)
	at java.lang.reflect.Method.invoke(Method.java:606)
	at org.gradle.messaging.dispatch.ReflectionDispatch.dispatch(ReflectionDispatch.java:35)
	at org.gradle.messaging.dispatch.ReflectionDispatch.dispatch(ReflectionDispatch.java:24)
	at org.gradle.messaging.dispatch.ContextClassLoaderDispatch.dispatch(ContextClassLoaderDispatch.java:32)
	at org.gradle.messaging.dispatch.ProxyDispatchAdapter$DispatchingInvocationHandler.invoke(ProxyDispatchAdapter.java:93)
	at com.sun.proxy.$Proxy2.processTestClass(Unknown Source)
	at org.gradle.api.internal.tasks.testing.worker.TestWorker.processTestClass(TestWorker.java:106)
	at sun.reflect.NativeMethodAccessorImpl.invoke0(Native Method)
	at sun.reflect.NativeMethodAccessorImpl.invoke(NativeMethodAccessorImpl.java:57)
	at sun.reflect.DelegatingMethodAccessorImpl.invoke(DelegatingMethodAccessorImpl.java:43)
	at java.lang.reflect.Method.invoke(Method.java:606)
	at org.gradle.messaging.dispatch.ReflectionDispatch.dispatch(ReflectionDispatch.java:35)
	at org.gradle.messaging.dispatch.ReflectionDispatch.dispatch(ReflectionDispatch.java:24)
	at org.gradle.messaging.remote.internal.hub.MessageHub$Handler.run(MessageHub.java:360)
	at org.gradle.internal.concurrent.DefaultExecutorFactory$StoppableExecutorImpl$1.run(DefaultExecutorFactory.java:64)
	at java.util.concurrent.ThreadPoolExecutor.runWorker(ThreadPoolExecutor.java:1145)
	at java.util.concurrent.ThreadPoolExecutor$Worker.run(ThreadPoolExecutor.java:615)
	at java.lang.Thread.run(Thread.java:745)
CostToCompany.hra must be less than or equal to 9223372000000000000
java.lang.SecurityException: CostToCompany.hra must be less than or equal to 9223372000000000000
	at com.athena.server.pluggable.utils.helper.EntityValidatorHelper.validateEntity(EntityValidatorHelper.java:37)
	at com.hresource.app.shared.humanresourceboundedcontext.payroll.CostToCompany.isValid(CostToCompany.java:275)
	at com.hresource.app.server.service.humanresourceboundedcontext.payroll.CostToCompanyTestCase.validateCostToCompany(CostToCompanyTestCase.java:499)
	at com.hresource.app.server.service.humanresourceboundedcontext.payroll.CostToCompanyTestCase.test5NegativeTesting(CostToCompanyTestCase.java:565)
	at sun.reflect.NativeMethodAccessorImpl.invoke0(Native Method)
	at sun.reflect.NativeMethodAccessorImpl.invoke(NativeMethodAccessorImpl.java:57)
	at sun.reflect.DelegatingMethodAccessorImpl.invoke(DelegatingMethodAccessorImpl.java:43)
	at java.lang.reflect.Method.invoke(Method.java:606)
	at org.junit.runners.model.FrameworkMethod$1.runReflectiveCall(FrameworkMethod.java:47)
	at org.junit.internal.runners.model.ReflectiveCallable.run(ReflectiveCallable.java:12)
	at org.junit.runners.model.FrameworkMethod.invokeExplosively(FrameworkMethod.java:44)
	at org.junit.internal.runners.statements.InvokeMethod.evaluate(InvokeMethod.java:17)
	at org.junit.internal.runners.statements.RunBefores.evaluate(RunBefores.java:26)
	at org.springframework.test.context.junit4.statements.RunBeforeTestMethodCallbacks.evaluate(RunBeforeTestMethodCallbacks.java:74)
	at org.junit.internal.runners.statements.RunAfters.evaluate(RunAfters.java:27)
	at org.springframework.test.context.junit4.statements.RunAfterTestMethodCallbacks.evaluate(RunAfterTestMethodCallbacks.java:83)
	at org.springframework.test.context.junit4.statements.SpringRepeat.evaluate(SpringRepeat.java:72)
	at org.springframework.test.context.junit4.SpringJUnit4ClassRunner.runChild(SpringJUnit4ClassRunner.java:233)
	at org.springframework.test.context.junit4.SpringJUnit4ClassRunner.runChild(SpringJUnit4ClassRunner.java:87)
	at org.junit.runners.ParentRunner$3.run(ParentRunner.java:238)
	at org.junit.runners.ParentRunner$1.schedule(ParentRunner.java:63)
	at org.junit.runners.ParentRunner.runChildren(ParentRunner.java:236)
	at org.junit.runners.ParentRunner.access$000(ParentRunner.java:53)
	at org.junit.runners.ParentRunner$2.evaluate(ParentRunner.java:229)
	at org.junit.internal.runners.statements.RunBefores.evaluate(RunBefores.java:26)
	at org.springframework.test.context.junit4.statements.RunBeforeTestClassCallbacks.evaluate(RunBeforeTestClassCallbacks.java:61)
	at org.springframework.test.context.junit4.statements.RunAfterTestClassCallbacks.evaluate(RunAfterTestClassCallbacks.java:71)
	at org.junit.runners.ParentRunner.run(ParentRunner.java:309)
	at org.springframework.test.context.junit4.SpringJUnit4ClassRunner.run(SpringJUnit4ClassRunner.java:176)
	at org.gradle.api.internal.tasks.testing.junit.JUnitTestClassExecuter.runTestClass(JUnitTestClassExecuter.java:86)
	at org.gradle.api.internal.tasks.testing.junit.JUnitTestClassExecuter.execute(JUnitTestClassExecuter.java:49)
	at org.gradle.api.internal.tasks.testing.junit.JUnitTestClassProcessor.processTestClass(JUnitTestClassProcessor.java:64)
	at org.gradle.api.internal.tasks.testing.SuiteTestClassProcessor.processTestClass(SuiteTestClassProcessor.java:50)
	at sun.reflect.NativeMethodAccessorImpl.invoke0(Native Method)
	at sun.reflect.NativeMethodAccessorImpl.invoke(NativeMethodAccessorImpl.java:57)
	at sun.reflect.DelegatingMethodAccessorImpl.invoke(DelegatingMethodAccessorImpl.java:43)
	at java.lang.reflect.Method.invoke(Method.java:606)
	at org.gradle.messaging.dispatch.ReflectionDispatch.dispatch(ReflectionDispatch.java:35)
	at org.gradle.messaging.dispatch.ReflectionDispatch.dispatch(ReflectionDispatch.java:24)
	at org.gradle.messaging.dispatch.ContextClassLoaderDispatch.dispatch(ContextClassLoaderDispatch.java:32)
	at org.gradle.messaging.dispatch.ProxyDispatchAdapter$DispatchingInvocationHandler.invoke(ProxyDispatchAdapter.java:93)
	at com.sun.proxy.$Proxy2.processTestClass(Unknown Source)
	at org.gradle.api.internal.tasks.testing.worker.TestWorker.processTestClass(TestWorker.java:106)
	at sun.reflect.NativeMethodAccessorImpl.invoke0(Native Method)
	at sun.reflect.NativeMethodAccessorImpl.invoke(NativeMethodAccessorImpl.java:57)
	at sun.reflect.DelegatingMethodAccessorImpl.invoke(DelegatingMethodAccessorImpl.java:43)
	at java.lang.reflect.Method.invoke(Method.java:606)
	at org.gradle.messaging.dispatch.ReflectionDispatch.dispatch(ReflectionDispatch.java:35)
	at org.gradle.messaging.dispatch.ReflectionDispatch.dispatch(ReflectionDispatch.java:24)
	at org.gradle.messaging.remote.internal.hub.MessageHub$Handler.run(MessageHub.java:360)
	at org.gradle.internal.concurrent.DefaultExecutorFactory$StoppableExecutorImpl$1.run(DefaultExecutorFactory.java:64)
	at java.util.concurrent.ThreadPoolExecutor.runWorker(ThreadPoolExecutor.java:1145)
	at java.util.concurrent.ThreadPoolExecutor$Worker.run(ThreadPoolExecutor.java:615)
	at java.lang.Thread.run(Thread.java:745)
CostToCompany.convenceAllowance must be less than or equal to 9223372000000000000
java.lang.SecurityException: CostToCompany.convenceAllowance must be less than or equal to 9223372000000000000
	at com.athena.server.pluggable.utils.helper.EntityValidatorHelper.validateEntity(EntityValidatorHelper.java:37)
	at com.hresource.app.shared.humanresourceboundedcontext.payroll.CostToCompany.isValid(CostToCompany.java:275)
	at com.hresource.app.server.service.humanresourceboundedcontext.payroll.CostToCompanyTestCase.validateCostToCompany(CostToCompanyTestCase.java:499)
	at com.hresource.app.server.service.humanresourceboundedcontext.payroll.CostToCompanyTestCase.test5NegativeTesting(CostToCompanyTestCase.java:570)
	at sun.reflect.NativeMethodAccessorImpl.invoke0(Native Method)
	at sun.reflect.NativeMethodAccessorImpl.invoke(NativeMethodAccessorImpl.java:57)
	at sun.reflect.DelegatingMethodAccessorImpl.invoke(DelegatingMethodAccessorImpl.java:43)
	at java.lang.reflect.Method.invoke(Method.java:606)
	at org.junit.runners.model.FrameworkMethod$1.runReflectiveCall(FrameworkMethod.java:47)
	at org.junit.internal.runners.model.ReflectiveCallable.run(ReflectiveCallable.java:12)
	at org.junit.runners.model.FrameworkMethod.invokeExplosively(FrameworkMethod.java:44)
	at org.junit.internal.runners.statements.InvokeMethod.evaluate(InvokeMethod.java:17)
	at org.junit.internal.runners.statements.RunBefores.evaluate(RunBefores.java:26)
	at org.springframework.test.context.junit4.statements.RunBeforeTestMethodCallbacks.evaluate(RunBeforeTestMethodCallbacks.java:74)
	at org.junit.internal.runners.statements.RunAfters.evaluate(RunAfters.java:27)
	at org.springframework.test.context.junit4.statements.RunAfterTestMethodCallbacks.evaluate(RunAfterTestMethodCallbacks.java:83)
	at org.springframework.test.context.junit4.statements.SpringRepeat.evaluate(SpringRepeat.java:72)
	at org.springframework.test.context.junit4.SpringJUnit4ClassRunner.runChild(SpringJUnit4ClassRunner.java:233)
	at org.springframework.test.context.junit4.SpringJUnit4ClassRunner.runChild(SpringJUnit4ClassRunner.java:87)
	at org.junit.runners.ParentRunner$3.run(ParentRunner.java:238)
	at org.junit.runners.ParentRunner$1.schedule(ParentRunner.java:63)
	at org.junit.runners.ParentRunner.runChildren(ParentRunner.java:236)
	at org.junit.runners.ParentRunner.access$000(ParentRunner.java:53)
	at org.junit.runners.ParentRunner$2.evaluate(ParentRunner.java:229)
	at org.junit.internal.runners.statements.RunBefores.evaluate(RunBefores.java:26)
	at org.springframework.test.context.junit4.statements.RunBeforeTestClassCallbacks.evaluate(RunBeforeTestClassCallbacks.java:61)
	at org.springframework.test.context.junit4.statements.RunAfterTestClassCallbacks.evaluate(RunAfterTestClassCallbacks.java:71)
	at org.junit.runners.ParentRunner.run(ParentRunner.java:309)
	at org.springframework.test.context.junit4.SpringJUnit4ClassRunner.run(SpringJUnit4ClassRunner.java:176)
	at org.gradle.api.internal.tasks.testing.junit.JUnitTestClassExecuter.runTestClass(JUnitTestClassExecuter.java:86)
	at org.gradle.api.internal.tasks.testing.junit.JUnitTestClassExecuter.execute(JUnitTestClassExecuter.java:49)
	at org.gradle.api.internal.tasks.testing.junit.JUnitTestClassProcessor.processTestClass(JUnitTestClassProcessor.java:64)
	at org.gradle.api.internal.tasks.testing.SuiteTestClassProcessor.processTestClass(SuiteTestClassProcessor.java:50)
	at sun.reflect.NativeMethodAccessorImpl.invoke0(Native Method)
	at sun.reflect.NativeMethodAccessorImpl.invoke(NativeMethodAccessorImpl.java:57)
	at sun.reflect.DelegatingMethodAccessorImpl.invoke(DelegatingMethodAccessorImpl.java:43)
	at java.lang.reflect.Method.invoke(Method.java:606)
	at org.gradle.messaging.dispatch.ReflectionDispatch.dispatch(ReflectionDispatch.java:35)
	at org.gradle.messaging.dispatch.ReflectionDispatch.dispatch(ReflectionDispatch.java:24)
	at org.gradle.messaging.dispatch.ContextClassLoaderDispatch.dispatch(ContextClassLoaderDispatch.java:32)
	at org.gradle.messaging.dispatch.ProxyDispatchAdapter$DispatchingInvocationHandler.invoke(ProxyDispatchAdapter.java:93)
	at com.sun.proxy.$Proxy2.processTestClass(Unknown Source)
	at org.gradle.api.internal.tasks.testing.worker.TestWorker.processTestClass(TestWorker.java:106)
	at sun.reflect.NativeMethodAccessorImpl.invoke0(Native Method)
	at sun.reflect.NativeMethodAccessorImpl.invoke(NativeMethodAccessorImpl.java:57)
	at sun.reflect.DelegatingMethodAccessorImpl.invoke(DelegatingMethodAccessorImpl.java:43)
	at java.lang.reflect.Method.invoke(Method.java:606)
	at org.gradle.messaging.dispatch.ReflectionDispatch.dispatch(ReflectionDispatch.java:35)
	at org.gradle.messaging.dispatch.ReflectionDispatch.dispatch(ReflectionDispatch.java:24)
	at org.gradle.messaging.remote.internal.hub.MessageHub$Handler.run(MessageHub.java:360)
	at org.gradle.internal.concurrent.DefaultExecutorFactory$StoppableExecutorImpl$1.run(DefaultExecutorFactory.java:64)
	at java.util.concurrent.ThreadPoolExecutor.runWorker(ThreadPoolExecutor.java:1145)
	at java.util.concurrent.ThreadPoolExecutor$Worker.run(ThreadPoolExecutor.java:615)
	at java.lang.Thread.run(Thread.java:745)
CostToCompany.medicalAllowance must be less than or equal to 9223372000000000000
java.lang.SecurityException: CostToCompany.medicalAllowance must be less than or equal to 9223372000000000000
	at com.athena.server.pluggable.utils.helper.EntityValidatorHelper.validateEntity(EntityValidatorHelper.java:37)
	at com.hresource.app.shared.humanresourceboundedcontext.payroll.CostToCompany.isValid(CostToCompany.java:275)
	at com.hresource.app.server.service.humanresourceboundedcontext.payroll.CostToCompanyTestCase.validateCostToCompany(CostToCompanyTestCase.java:499)
	at com.hresource.app.server.service.humanresourceboundedcontext.payroll.CostToCompanyTestCase.test5NegativeTesting(CostToCompanyTestCase.java:575)
	at sun.reflect.NativeMethodAccessorImpl.invoke0(Native Method)
	at sun.reflect.NativeMethodAccessorImpl.invoke(NativeMethodAccessorImpl.java:57)
	at sun.reflect.DelegatingMethodAccessorImpl.invoke(DelegatingMethodAccessorImpl.java:43)
	at java.lang.reflect.Method.invoke(Method.java:606)
	at org.junit.runners.model.FrameworkMethod$1.runReflectiveCall(FrameworkMethod.java:47)
	at org.junit.internal.runners.model.ReflectiveCallable.run(ReflectiveCallable.java:12)
	at org.junit.runners.model.FrameworkMethod.invokeExplosively(FrameworkMethod.java:44)
	at org.junit.internal.runners.statements.InvokeMethod.evaluate(InvokeMethod.java:17)
	at org.junit.internal.runners.statements.RunBefores.evaluate(RunBefores.java:26)
	at org.springframework.test.context.junit4.statements.RunBeforeTestMethodCallbacks.evaluate(RunBeforeTestMethodCallbacks.java:74)
	at org.junit.internal.runners.statements.RunAfters.evaluate(RunAfters.java:27)
	at org.springframework.test.context.junit4.statements.RunAfterTestMethodCallbacks.evaluate(RunAfterTestMethodCallbacks.java:83)
	at org.springframework.test.context.junit4.statements.SpringRepeat.evaluate(SpringRepeat.java:72)
	at org.springframework.test.context.junit4.SpringJUnit4ClassRunner.runChild(SpringJUnit4ClassRunner.java:233)
	at org.springframework.test.context.junit4.SpringJUnit4ClassRunner.runChild(SpringJUnit4ClassRunner.java:87)
	at org.junit.runners.ParentRunner$3.run(ParentRunner.java:238)
	at org.junit.runners.ParentRunner$1.schedule(ParentRunner.java:63)
	at org.junit.runners.ParentRunner.runChildren(ParentRunner.java:236)
	at org.junit.runners.ParentRunner.access$000(ParentRunner.java:53)
	at org.junit.runners.ParentRunner$2.evaluate(ParentRunner.java:229)
	at org.junit.internal.runners.statements.RunBefores.evaluate(RunBefores.java:26)
	at org.springframework.test.context.junit4.statements.RunBeforeTestClassCallbacks.evaluate(RunBeforeTestClassCallbacks.java:61)
	at org.springframework.test.context.junit4.statements.RunAfterTestClassCallbacks.evaluate(RunAfterTestClassCallbacks.java:71)
	at org.junit.runners.ParentRunner.run(ParentRunner.java:309)
	at org.springframework.test.context.junit4.SpringJUnit4ClassRunner.run(SpringJUnit4ClassRunner.java:176)
	at org.gradle.api.internal.tasks.testing.junit.JUnitTestClassExecuter.runTestClass(JUnitTestClassExecuter.java:86)
	at org.gradle.api.internal.tasks.testing.junit.JUnitTestClassExecuter.execute(JUnitTestClassExecuter.java:49)
	at org.gradle.api.internal.tasks.testing.junit.JUnitTestClassProcessor.processTestClass(JUnitTestClassProcessor.java:64)
	at org.gradle.api.internal.tasks.testing.SuiteTestClassProcessor.processTestClass(SuiteTestClassProcessor.java:50)
	at sun.reflect.NativeMethodAccessorImpl.invoke0(Native Method)
	at sun.reflect.NativeMethodAccessorImpl.invoke(NativeMethodAccessorImpl.java:57)
	at sun.reflect.DelegatingMethodAccessorImpl.invoke(DelegatingMethodAccessorImpl.java:43)
	at java.lang.reflect.Method.invoke(Method.java:606)
	at org.gradle.messaging.dispatch.ReflectionDispatch.dispatch(ReflectionDispatch.java:35)
	at org.gradle.messaging.dispatch.ReflectionDispatch.dispatch(ReflectionDispatch.java:24)
	at org.gradle.messaging.dispatch.ContextClassLoaderDispatch.dispatch(ContextClassLoaderDispatch.java:32)
	at org.gradle.messaging.dispatch.ProxyDispatchAdapter$DispatchingInvocationHandler.invoke(ProxyDispatchAdapter.java:93)
	at com.sun.proxy.$Proxy2.processTestClass(Unknown Source)
	at org.gradle.api.internal.tasks.testing.worker.TestWorker.processTestClass(TestWorker.java:106)
	at sun.reflect.NativeMethodAccessorImpl.invoke0(Native Method)
	at sun.reflect.NativeMethodAccessorImpl.invoke(NativeMethodAccessorImpl.java:57)
	at sun.reflect.DelegatingMethodAccessorImpl.invoke(DelegatingMethodAccessorImpl.java:43)
	at java.lang.reflect.Method.invoke(Method.java:606)
	at org.gradle.messaging.dispatch.ReflectionDispatch.dispatch(ReflectionDispatch.java:35)
	at org.gradle.messaging.dispatch.ReflectionDispatch.dispatch(ReflectionDispatch.java:24)
	at org.gradle.messaging.remote.internal.hub.MessageHub$Handler.run(MessageHub.java:360)
	at org.gradle.internal.concurrent.DefaultExecutorFactory$StoppableExecutorImpl$1.run(DefaultExecutorFactory.java:64)
	at java.util.concurrent.ThreadPoolExecutor.runWorker(ThreadPoolExecutor.java:1145)
	at java.util.concurrent.ThreadPoolExecutor$Worker.run(ThreadPoolExecutor.java:615)
	at java.lang.Thread.run(Thread.java:745)
CostToCompany.educationalAllowance must be less than or equal to 9223372000000000000
java.lang.SecurityException: CostToCompany.educationalAllowance must be less than or equal to 9223372000000000000
	at com.athena.server.pluggable.utils.helper.EntityValidatorHelper.validateEntity(EntityValidatorHelper.java:37)
	at com.hresource.app.shared.humanresourceboundedcontext.payroll.CostToCompany.isValid(CostToCompany.java:275)
	at com.hresource.app.server.service.humanresourceboundedcontext.payroll.CostToCompanyTestCase.validateCostToCompany(CostToCompanyTestCase.java:499)
	at com.hresource.app.server.service.humanresourceboundedcontext.payroll.CostToCompanyTestCase.test5NegativeTesting(CostToCompanyTestCase.java:580)
	at sun.reflect.NativeMethodAccessorImpl.invoke0(Native Method)
	at sun.reflect.NativeMethodAccessorImpl.invoke(NativeMethodAccessorImpl.java:57)
	at sun.reflect.DelegatingMethodAccessorImpl.invoke(DelegatingMethodAccessorImpl.java:43)
	at java.lang.reflect.Method.invoke(Method.java:606)
	at org.junit.runners.model.FrameworkMethod$1.runReflectiveCall(FrameworkMethod.java:47)
	at org.junit.internal.runners.model.ReflectiveCallable.run(ReflectiveCallable.java:12)
	at org.junit.runners.model.FrameworkMethod.invokeExplosively(FrameworkMethod.java:44)
	at org.junit.internal.runners.statements.InvokeMethod.evaluate(InvokeMethod.java:17)
	at org.junit.internal.runners.statements.RunBefores.evaluate(RunBefores.java:26)
	at org.springframework.test.context.junit4.statements.RunBeforeTestMethodCallbacks.evaluate(RunBeforeTestMethodCallbacks.java:74)
	at org.junit.internal.runners.statements.RunAfters.evaluate(RunAfters.java:27)
	at org.springframework.test.context.junit4.statements.RunAfterTestMethodCallbacks.evaluate(RunAfterTestMethodCallbacks.java:83)
	at org.springframework.test.context.junit4.statements.SpringRepeat.evaluate(SpringRepeat.java:72)
	at org.springframework.test.context.junit4.SpringJUnit4ClassRunner.runChild(SpringJUnit4ClassRunner.java:233)
	at org.springframework.test.context.junit4.SpringJUnit4ClassRunner.runChild(SpringJUnit4ClassRunner.java:87)
	at org.junit.runners.ParentRunner$3.run(ParentRunner.java:238)
	at org.junit.runners.ParentRunner$1.schedule(ParentRunner.java:63)
	at org.junit.runners.ParentRunner.runChildren(ParentRunner.java:236)
	at org.junit.runners.ParentRunner.access$000(ParentRunner.java:53)
	at org.junit.runners.ParentRunner$2.evaluate(ParentRunner.java:229)
	at org.junit.internal.runners.statements.RunBefores.evaluate(RunBefores.java:26)
	at org.springframework.test.context.junit4.statements.RunBeforeTestClassCallbacks.evaluate(RunBeforeTestClassCallbacks.java:61)
	at org.springframework.test.context.junit4.statements.RunAfterTestClassCallbacks.evaluate(RunAfterTestClassCallbacks.java:71)
	at org.junit.runners.ParentRunner.run(ParentRunner.java:309)
	at org.springframework.test.context.junit4.SpringJUnit4ClassRunner.run(SpringJUnit4ClassRunner.java:176)
	at org.gradle.api.internal.tasks.testing.junit.JUnitTestClassExecuter.runTestClass(JUnitTestClassExecuter.java:86)
	at org.gradle.api.internal.tasks.testing.junit.JUnitTestClassExecuter.execute(JUnitTestClassExecuter.java:49)
	at org.gradle.api.internal.tasks.testing.junit.JUnitTestClassProcessor.processTestClass(JUnitTestClassProcessor.java:64)
	at org.gradle.api.internal.tasks.testing.SuiteTestClassProcessor.processTestClass(SuiteTestClassProcessor.java:50)
	at sun.reflect.NativeMethodAccessorImpl.invoke0(Native Method)
	at sun.reflect.NativeMethodAccessorImpl.invoke(NativeMethodAccessorImpl.java:57)
	at sun.reflect.DelegatingMethodAccessorImpl.invoke(DelegatingMethodAccessorImpl.java:43)
	at java.lang.reflect.Method.invoke(Method.java:606)
	at org.gradle.messaging.dispatch.ReflectionDispatch.dispatch(ReflectionDispatch.java:35)
	at org.gradle.messaging.dispatch.ReflectionDispatch.dispatch(ReflectionDispatch.java:24)
	at org.gradle.messaging.dispatch.ContextClassLoaderDispatch.dispatch(ContextClassLoaderDispatch.java:32)
	at org.gradle.messaging.dispatch.ProxyDispatchAdapter$DispatchingInvocationHandler.invoke(ProxyDispatchAdapter.java:93)
	at com.sun.proxy.$Proxy2.processTestClass(Unknown Source)
	at org.gradle.api.internal.tasks.testing.worker.TestWorker.processTestClass(TestWorker.java:106)
	at sun.reflect.NativeMethodAccessorImpl.invoke0(Native Method)
	at sun.reflect.NativeMethodAccessorImpl.invoke(NativeMethodAccessorImpl.java:57)
	at sun.reflect.DelegatingMethodAccessorImpl.invoke(DelegatingMethodAccessorImpl.java:43)
	at java.lang.reflect.Method.invoke(Method.java:606)
	at org.gradle.messaging.dispatch.ReflectionDispatch.dispatch(ReflectionDispatch.java:35)
	at org.gradle.messaging.dispatch.ReflectionDispatch.dispatch(ReflectionDispatch.java:24)
	at org.gradle.messaging.remote.internal.hub.MessageHub$Handler.run(MessageHub.java:360)
	at org.gradle.internal.concurrent.DefaultExecutorFactory$StoppableExecutorImpl$1.run(DefaultExecutorFactory.java:64)
	at java.util.concurrent.ThreadPoolExecutor.runWorker(ThreadPoolExecutor.java:1145)
	at java.util.concurrent.ThreadPoolExecutor$Worker.run(ThreadPoolExecutor.java:615)
	at java.lang.Thread.run(Thread.java:745)
CostToCompany.specialAllowance must be less than or equal to 9223372000000000000
java.lang.SecurityException: CostToCompany.specialAllowance must be less than or equal to 9223372000000000000
	at com.athena.server.pluggable.utils.helper.EntityValidatorHelper.validateEntity(EntityValidatorHelper.java:37)
	at com.hresource.app.shared.humanresourceboundedcontext.payroll.CostToCompany.isValid(CostToCompany.java:275)
	at com.hresource.app.server.service.humanresourceboundedcontext.payroll.CostToCompanyTestCase.validateCostToCompany(CostToCompanyTestCase.java:499)
	at com.hresource.app.server.service.humanresourceboundedcontext.payroll.CostToCompanyTestCase.test5NegativeTesting(CostToCompanyTestCase.java:585)
	at sun.reflect.NativeMethodAccessorImpl.invoke0(Native Method)
	at sun.reflect.NativeMethodAccessorImpl.invoke(NativeMethodAccessorImpl.java:57)
	at sun.reflect.DelegatingMethodAccessorImpl.invoke(DelegatingMethodAccessorImpl.java:43)
	at java.lang.reflect.Method.invoke(Method.java:606)
	at org.junit.runners.model.FrameworkMethod$1.runReflectiveCall(FrameworkMethod.java:47)
	at org.junit.internal.runners.model.ReflectiveCallable.run(ReflectiveCallable.java:12)
	at org.junit.runners.model.FrameworkMethod.invokeExplosively(FrameworkMethod.java:44)
	at org.junit.internal.runners.statements.InvokeMethod.evaluate(InvokeMethod.java:17)
	at org.junit.internal.runners.statements.RunBefores.evaluate(RunBefores.java:26)
	at org.springframework.test.context.junit4.statements.RunBeforeTestMethodCallbacks.evaluate(RunBeforeTestMethodCallbacks.java:74)
	at org.junit.internal.runners.statements.RunAfters.evaluate(RunAfters.java:27)
	at org.springframework.test.context.junit4.statements.RunAfterTestMethodCallbacks.evaluate(RunAfterTestMethodCallbacks.java:83)
	at org.springframework.test.context.junit4.statements.SpringRepeat.evaluate(SpringRepeat.java:72)
	at org.springframework.test.context.junit4.SpringJUnit4ClassRunner.runChild(SpringJUnit4ClassRunner.java:233)
	at org.springframework.test.context.junit4.SpringJUnit4ClassRunner.runChild(SpringJUnit4ClassRunner.java:87)
	at org.junit.runners.ParentRunner$3.run(ParentRunner.java:238)
	at org.junit.runners.ParentRunner$1.schedule(ParentRunner.java:63)
	at org.junit.runners.ParentRunner.runChildren(ParentRunner.java:236)
	at org.junit.runners.ParentRunner.access$000(ParentRunner.java:53)
	at org.junit.runners.ParentRunner$2.evaluate(ParentRunner.java:229)
	at org.junit.internal.runners.statements.RunBefores.evaluate(RunBefores.java:26)
	at org.springframework.test.context.junit4.statements.RunBeforeTestClassCallbacks.evaluate(RunBeforeTestClassCallbacks.java:61)
	at org.springframework.test.context.junit4.statements.RunAfterTestClassCallbacks.evaluate(RunAfterTestClassCallbacks.java:71)
	at org.junit.runners.ParentRunner.run(ParentRunner.java:309)
	at org.springframework.test.context.junit4.SpringJUnit4ClassRunner.run(SpringJUnit4ClassRunner.java:176)
	at org.gradle.api.internal.tasks.testing.junit.JUnitTestClassExecuter.runTestClass(JUnitTestClassExecuter.java:86)
	at org.gradle.api.internal.tasks.testing.junit.JUnitTestClassExecuter.execute(JUnitTestClassExecuter.java:49)
	at org.gradle.api.internal.tasks.testing.junit.JUnitTestClassProcessor.processTestClass(JUnitTestClassProcessor.java:64)
	at org.gradle.api.internal.tasks.testing.SuiteTestClassProcessor.processTestClass(SuiteTestClassProcessor.java:50)
	at sun.reflect.NativeMethodAccessorImpl.invoke0(Native Method)
	at sun.reflect.NativeMethodAccessorImpl.invoke(NativeMethodAccessorImpl.java:57)
	at sun.reflect.DelegatingMethodAccessorImpl.invoke(DelegatingMethodAccessorImpl.java:43)
	at java.lang.reflect.Method.invoke(Method.java:606)
	at org.gradle.messaging.dispatch.ReflectionDispatch.dispatch(ReflectionDispatch.java:35)
	at org.gradle.messaging.dispatch.ReflectionDispatch.dispatch(ReflectionDispatch.java:24)
	at org.gradle.messaging.dispatch.ContextClassLoaderDispatch.dispatch(ContextClassLoaderDispatch.java:32)
	at org.gradle.messaging.dispatch.ProxyDispatchAdapter$DispatchingInvocationHandler.invoke(ProxyDispatchAdapter.java:93)
	at com.sun.proxy.$Proxy2.processTestClass(Unknown Source)
	at org.gradle.api.internal.tasks.testing.worker.TestWorker.processTestClass(TestWorker.java:106)
	at sun.reflect.NativeMethodAccessorImpl.invoke0(Native Method)
	at sun.reflect.NativeMethodAccessorImpl.invoke(NativeMethodAccessorImpl.java:57)
	at sun.reflect.DelegatingMethodAccessorImpl.invoke(DelegatingMethodAccessorImpl.java:43)
	at java.lang.reflect.Method.invoke(Method.java:606)
	at org.gradle.messaging.dispatch.ReflectionDispatch.dispatch(ReflectionDispatch.java:35)
	at org.gradle.messaging.dispatch.ReflectionDispatch.dispatch(ReflectionDispatch.java:24)
	at org.gradle.messaging.remote.internal.hub.MessageHub$Handler.run(MessageHub.java:360)
	at org.gradle.internal.concurrent.DefaultExecutorFactory$StoppableExecutorImpl$1.run(DefaultExecutorFactory.java:64)
	at java.util.concurrent.ThreadPoolExecutor.runWorker(ThreadPoolExecutor.java:1145)
	at java.util.concurrent.ThreadPoolExecutor$Worker.run(ThreadPoolExecutor.java:615)
	at java.lang.Thread.run(Thread.java:745)
]]></system-err>
</testsuite>
