<?xml version="1.0" encoding="UTF-8"?>
<testsuite name="com.hresource.app.server.service.humanresourceboundedcontext.employee.DesignationTypeTestCase" tests="5" skipped="0" failures="0" errors="0" timestamp="2016-06-06T13:31:20" hostname="9873ee8edf99" time="28.499">
  <properties/>
  <testcase name="test1Save" classname="com.hresource.app.server.service.humanresourceboundedcontext.employee.DesignationTypeTestCase" time="28.254"/>
  <testcase name="test2Update" classname="com.hresource.app.server.service.humanresourceboundedcontext.employee.DesignationTypeTestCase" time="0.077"/>
  <testcase name="test3FindById" classname="com.hresource.app.server.service.humanresourceboundedcontext.employee.DesignationTypeTestCase" time="0.009"/>
  <testcase name="test5NegativeTesting" classname="com.hresource.app.server.service.humanresourceboundedcontext.employee.DesignationTypeTestCase" time="0.027"/>
  <testcase name="test6Delete" classname="com.hresource.app.server.service.humanresourceboundedcontext.employee.DesignationTypeTestCase" time="0.128"/>
  <system-out><![CDATA[Mon Jun 06 13:31:19 UTC 2016|Log Manager Factory|Initialization Process started.....
Mon Jun 06 13:31:19 UTC 2016|Log Manager|Initialized with Path = [/home/applifire/workspace/hresource/src/main/webapp/WEB-INF/conf]
Mon Jun 06 13:31:19 UTC 2016|Alarm Manager|Initialized with Path = [/home/applifire/workspace/hresource/src/main/webapp/WEB-INF/conf]
Mon Jun 06 13:31:19 UTC 2016|Alarm Manager|Loading Alarms ......
Mon Jun 06 13:31:20 UTC 2016|Alarm XML Parser|FWA|XML Parsing Complete........ 
Mon Jun 06 13:31:19 UTC 2016|Alarm File Manager|FWA|Alarm File Status.. [ApplicationFrameworkAlarms.xml]|Version=15|Status=Done 
Mon Jun 06 13:31:20 UTC 2016|Alarm File Manager|FWA|Alarm Stats = ( BC/AL=4/564 SYS=4/10 [564/0]  TPL=0/0 [0/0]  APP= A.Map=[645]  E.Map EC/RC=[238/66] )
Mon Jun 06 13:31:20 UTC 2016|Alarm XML Parser|APP|XML Parsing Complete........ 
Mon Jun 06 13:31:20 UTC 2016|Alarm File Manager|APP|Alarm File Status.. [ApplicationAlarms.xml]|Version=1|Status=Done 
Mon Jun 06 13:31:20 UTC 2016|Alarm File Manager|APP|Alarm Stats = ( BC/AL=7/1212 SYS=4/10 [564/0]  TPL=0/0 [0/0]  APP=3/8 [648/0]  A.Map=[1137]  E.Map EC/RC=[474/110] )
Mon Jun 06 13:31:20 UTC 2016|ApplicationAlarmContext| <><><><><> Create App Alarms ....  <><><><><> 
Mon Jun 06 13:31:20 UTC 2016|ApplicationAlarmContext|Alarms are generated ONLY in Development Mode.. 
Mon Jun 06 13:31:20 UTC 2016|Alarm Manager|APP|Alarm Stats = ( BC/AL=7/1212 SYS=4/10 [564/0]  TPL=0/0 [0/0]  APP=3/8 [648/0]  A.Map=[1137]  E.Map EC/RC=[474/110] )
Mon Jun 06 13:31:20 UTC 2016|Alarm Manager|Initialized Exception Lookup...
Mon Jun 06 13:31:20 UTC 2016|Log Manager|Initialize Log Config File ......
Mon Jun 06 13:31:20 UTC 2016|Pluggable Connectors|Adding Connectors : StandardOutputConnector isEnabled=true isDefault=false isFallBack=true
Mon Jun 06 13:31:20 UTC 2016|Pluggable Connectors|Adding Connectors : StandardFileConnector isEnabled=true isDefault=false isFallBack=false
Mon Jun 06 13:31:20 UTC 2016|Pluggable Connectors|Adding Connectors : Sprinkler isEnabled=true isDefault=true isFallBack=false
Mon Jun 06 13:31:20 UTC 2016|Pluggable Connectors|Default Connector Name : com.spartan.logger.core.LogMessenger
Mon Jun 06 13:31:20 UTC 2016|Log Config Parser|Connector Least Log Level =[4]  FallBack Log Level =[3]
Mon Jun 06 13:31:20 UTC 2016|Log Manager|Loading Default Connector for Logging ......
Mon Jun 06 13:31:20 UTC 2016|Log Manager|Loading class .. com.spartan.logger.core.LogMessenger
Mon Jun 06 13:31:20 UTC 2016|Plugggable Connector|Connector class com.spartan.logger.core.LogMessenger Initialized... @ Log Level = 3
Mon Jun 06 13:31:20 UTC 2016|Log Manager|Starting the Default Connector [com.spartan.logger.core.LogMessenger@f52327c] ....
Mon Jun 06 13:31:20 UTC 2016|Scheduler|Starting the Scheduler ......
Mon Jun 06 13:31:20 UTC 2016|Scheduler|Adding [LMID=[7918462d-8802-4997-81a1-df4c252630b1]] Delay=5 Time Unit=MINUTES
Mon Jun 06 13:31:20 UTC 2016|Scheduler|Adding [App Alarm Manager File=[ApplicationAlarms.xml]] Delay=30 Time Unit=MINUTES
Mon Jun 06 13:31:20 UTC 2016|Scheduler|Adding [FW Alarm Manager File=[ApplicationFrameworkAlarms.xml]] Delay=3 Time Unit=MINUTES
Mon Jun 06 13:31:20 UTC 2016|Scheduler|Startup Completed..
Mon Jun 06 13:31:20 UTC 2016|Log Manager|Initialization Process Complete ......
Mon Jun 06 13:31:20 UTC 2016|Log Manager Factory|Log Manager READY! ID = 7918462d-8802-4997-81a1-df4c252630b1
[EL Config]: metadata: 2016-06-06 13:31:27.365--ServerSession(691663889)--Thread(Thread[Test worker,5,main])--The access type for the persistent class [class com.hresource.app.shared.organization.locationmanagement.AddressType] is set to [FIELD].
[EL Config]: metadata: 2016-06-06 13:31:27.405--ServerSession(691663889)--Thread(Thread[Test worker,5,main])--The access type for the persistent class [class com.hresource.app.shared.organization.contactmanagement.ContactType] is set to [FIELD].
[EL Config]: metadata: 2016-06-06 13:31:27.406--ServerSession(691663889)--Thread(Thread[Test worker,5,main])--The access type for the persistent class [class com.hresource.app.shared.appbasicsetup.userrolemanagement.Roles] is set to [FIELD].
[EL Config]: metadata: 2016-06-06 13:31:27.417--ServerSession(691663889)--Thread(Thread[Test worker,5,main])--The target entity (reference) class for the one to many mapping element [field roleMenuBridge] is being defaulted to: class com.hresource.app.shared.appbasicsetup.userrolemanagement.RoleMenuBridge.
[EL Config]: metadata: 2016-06-06 13:31:27.418--ServerSession(691663889)--Thread(Thread[Test worker,5,main])--The access type for the persistent class [class com.hresource.app.shared.humanresourceboundedcontext.payroll.CostToCompany] is set to [FIELD].
[EL Config]: metadata: 2016-06-06 13:31:27.419--ServerSession(691663889)--Thread(Thread[Test worker,5,main])--The access type for the persistent class [class com.hresource.app.shared.appinsight.alarms.ArtLogStatus] is set to [FIELD].
[EL Config]: metadata: 2016-06-06 13:31:27.42--ServerSession(691663889)--Thread(Thread[Test worker,5,main])--The access type for the persistent class [class com.hresource.app.shared.appbasicsetup.usermanagement.UserAccessLevel] is set to [FIELD].
[EL Config]: metadata: 2016-06-06 13:31:27.42--ServerSession(691663889)--Thread(Thread[Test worker,5,main])--The access type for the persistent class [class com.spartan.healthmeter.entity.ArtHealthStatusConfiguration] is set to [FIELD].
[EL Config]: metadata: 2016-06-06 13:31:27.421--ServerSession(691663889)--Thread(Thread[Test worker,5,main])--The access type for the persistent class [class com.athena.shared.pluggable.entity.AuditPropertiesEntity] is set to [FIELD].
[EL Config]: metadata: 2016-06-06 13:31:27.426--ServerSession(691663889)--Thread(Thread[Test worker,5,main])--The access type for the persistent class [class com.hresource.app.shared.appinsight.alarms.ArtLogAlarm] is set to [FIELD].
[EL Config]: metadata: 2016-06-06 13:31:27.427--ServerSession(691663889)--Thread(Thread[Test worker,5,main])--The access type for the persistent class [class com.hresource.app.shared.humanresourceboundedcontext.payroll.SalaryStucFinWise] is set to [FIELD].
[EL Config]: metadata: 2016-06-06 13:31:27.429--ServerSession(691663889)--Thread(Thread[Test worker,5,main])--The access type for the persistent class [class com.hresource.app.shared.appbasicsetup.usermanagement.PassRecovery] is set to [FIELD].
[EL Config]: metadata: 2016-06-06 13:31:27.434--ServerSession(691663889)--Thread(Thread[Test worker,5,main])--The target entity (reference) class for the one to one mapping element [field user] is being defaulted to: class com.hresource.app.shared.appbasicsetup.usermanagement.User.
[EL Config]: metadata: 2016-06-06 13:31:27.435--ServerSession(691663889)--Thread(Thread[Test worker,5,main])--The access type for the persistent class [class com.hresource.app.shared.appbasicsetup.userrolemanagement.UserRoleBridge] is set to [FIELD].
[EL Config]: metadata: 2016-06-06 13:31:27.435--ServerSession(691663889)--Thread(Thread[Test worker,5,main])--The access type for the persistent class [class com.hresource.app.shared.appbasicsetup.usermanagement.Question] is set to [FIELD].
[EL Config]: metadata: 2016-06-06 13:31:27.436--ServerSession(691663889)--Thread(Thread[Test worker,5,main])--The access type for the persistent class [class com.spartan.healthmeter.entity.ZenHealthGauge] is set to [FIELD].
[EL Config]: metadata: 2016-06-06 13:31:27.438--ServerSession(691663889)--Thread(Thread[Test worker,5,main])--The access type for the persistent class [class com.hresource.app.shared.organization.contactmanagement.CommunicationType] is set to [FIELD].
[EL Config]: metadata: 2016-06-06 13:31:27.439--ServerSession(691663889)--Thread(Thread[Test worker,5,main])--The access type for the persistent class [class com.hresource.app.shared.organization.contactmanagement.CommunicationGroup] is set to [FIELD].
[EL Config]: metadata: 2016-06-06 13:31:27.44--ServerSession(691663889)--Thread(Thread[Test worker,5,main])--The access type for the persistent class [class com.hresource.app.shared.appinsight.alarms.ArtLogConfig] is set to [FIELD].
[EL Config]: metadata: 2016-06-06 13:31:27.441--ServerSession(691663889)--Thread(Thread[Test worker,5,main])--The access type for the persistent class [class com.hresource.app.shared.appbasicsetup.usermanagement.PasswordAlgo] is set to [FIELD].
[EL Config]: metadata: 2016-06-06 13:31:27.442--ServerSession(691663889)--Thread(Thread[Test worker,5,main])--The access type for the persistent class [class com.hresource.app.shared.appbasicsetup.usermanagement.PasswordPolicy] is set to [FIELD].
[EL Config]: metadata: 2016-06-06 13:31:27.443--ServerSession(691663889)--Thread(Thread[Test worker,5,main])--The access type for the persistent class [class com.spartan.healthmeter.entity.HealthSchedulerConfiguration] is set to [FIELD].
[EL Config]: metadata: 2016-06-06 13:31:27.445--ServerSession(691663889)--Thread(Thread[Test worker,5,main])--The access type for the persistent class [class com.hresource.app.shared.humanresourceboundedcontext.employee.EmployeeInfo] is set to [FIELD].
[EL Config]: metadata: 2016-06-06 13:31:27.446--ServerSession(691663889)--Thread(Thread[Test worker,5,main])--The target entity (reference) class for the one to one mapping element [field coreContacts] is being defaulted to: class com.hresource.app.shared.organization.contactmanagement.CoreContacts.
[EL Config]: metadata: 2016-06-06 13:31:27.446--ServerSession(691663889)--Thread(Thread[Test worker,5,main])--The access type for the persistent class [class com.hresource.app.shared.organization.locationmanagement.Address] is set to [FIELD].
[EL Config]: metadata: 2016-06-06 13:31:27.448--ServerSession(691663889)--Thread(Thread[Test worker,5,main])--The access type for the persistent class [class com.spartan.healthmeter.entity.ZenSchedulerHealth] is set to [FIELD].
[EL Config]: metadata: 2016-06-06 13:31:27.508--ServerSession(691663889)--Thread(Thread[Test worker,5,main])--The access type for the persistent class [class com.hresource.app.shared.appbasicsetup.usermanagement.Login] is set to [FIELD].
[EL Config]: metadata: 2016-06-06 13:31:27.509--ServerSession(691663889)--Thread(Thread[Test worker,5,main])--The target entity (reference) class for the one to one mapping element [field coreContacts] is being defaulted to: class com.hresource.app.shared.organization.contactmanagement.CoreContacts.
[EL Config]: metadata: 2016-06-06 13:31:27.51--ServerSession(691663889)--Thread(Thread[Test worker,5,main])--The target entity (reference) class for the one to one mapping element [field user] is being defaulted to: class com.hresource.app.shared.appbasicsetup.usermanagement.User.
[EL Config]: metadata: 2016-06-06 13:31:27.51--ServerSession(691663889)--Thread(Thread[Test worker,5,main])--The access type for the persistent class [class com.hresource.app.shared.humanresourceboundedcontext.employee.DesignationType] is set to [FIELD].
[EL Config]: metadata: 2016-06-06 13:31:27.511--ServerSession(691663889)--Thread(Thread[Test worker,5,main])--The access type for the persistent class [class com.hresource.app.shared.appbasicsetup.usermanagement.UserData] is set to [FIELD].
[EL Config]: metadata: 2016-06-06 13:31:27.513--ServerSession(691663889)--Thread(Thread[Test worker,5,main])--The target entity (reference) class for the one to one mapping element [field user] is being defaulted to: class com.hresource.app.shared.appbasicsetup.usermanagement.User.
[EL Config]: metadata: 2016-06-06 13:31:27.514--ServerSession(691663889)--Thread(Thread[Test worker,5,main])--The access type for the persistent class [class com.hresource.app.shared.organization.contactmanagement.CoreContacts] is set to [FIELD].
[EL Config]: metadata: 2016-06-06 13:31:27.516--ServerSession(691663889)--Thread(Thread[Test worker,5,main])--The target entity (reference) class for the one to one mapping element [field timezone] is being defaulted to: class com.hresource.app.shared.organization.locationmanagement.Timezone.
[EL Config]: metadata: 2016-06-06 13:31:27.518--ServerSession(691663889)--Thread(Thread[Test worker,5,main])--The target entity (reference) class for the one to many mapping element [field address] is being defaulted to: class com.hresource.app.shared.organization.locationmanagement.Address.
[EL Config]: metadata: 2016-06-06 13:31:27.525--ServerSession(691663889)--Thread(Thread[Test worker,5,main])--The target entity (reference) class for the one to many mapping element [field communicationData] is being defaulted to: class com.hresource.app.shared.organization.contactmanagement.CommunicationData.
[EL Config]: metadata: 2016-06-06 13:31:27.532--ServerSession(691663889)--Thread(Thread[Test worker,5,main])--The access type for the persistent class [class com.hresource.app.shared.appinsight.alarms.ArtLogEvents] is set to [FIELD].
[EL Config]: metadata: 2016-06-06 13:31:27.533--ServerSession(691663889)--Thread(Thread[Test worker,5,main])--The access type for the persistent class [class com.hresource.app.shared.organization.locationmanagement.Language] is set to [FIELD].
[EL Config]: metadata: 2016-06-06 13:31:27.534--ServerSession(691663889)--Thread(Thread[Test worker,5,main])--The access type for the persistent class [class com.hresource.app.shared.organization.locationmanagement.City] is set to [FIELD].
[EL Config]: metadata: 2016-06-06 13:31:27.538--ServerSession(691663889)--Thread(Thread[Test worker,5,main])--The access type for the persistent class [class com.spartan.healthmeter.entity.ZenHealthStatus] is set to [FIELD].
[EL Config]: metadata: 2016-06-06 13:31:27.539--ServerSession(691663889)--Thread(Thread[Test worker,5,main])--The access type for the persistent class [class com.hresource.app.shared.organization.contactmanagement.Gender] is set to [FIELD].
[EL Config]: metadata: 2016-06-06 13:31:27.543--ServerSession(691663889)--Thread(Thread[Test worker,5,main])--The access type for the persistent class [class com.hresource.app.shared.organization.contactmanagement.CommunicationData] is set to [FIELD].
[EL Config]: metadata: 2016-06-06 13:31:27.544--ServerSession(691663889)--Thread(Thread[Test worker,5,main])--The access type for the persistent class [class com.hresource.app.shared.appbasicsetup.usermanagement.UserAccessDomain] is set to [FIELD].
[EL Config]: metadata: 2016-06-06 13:31:27.547--ServerSession(691663889)--Thread(Thread[Test worker,5,main])--The access type for the persistent class [class com.hresource.app.shared.humanresourceboundedcontext.attendance.AttendanceSummary] is set to [FIELD].
[EL Config]: metadata: 2016-06-06 13:31:27.548--ServerSession(691663889)--Thread(Thread[Test worker,5,main])--The access type for the persistent class [class com.hresource.app.shared.organization.contactmanagement.Title] is set to [FIELD].
[EL Config]: metadata: 2016-06-06 13:31:27.549--ServerSession(691663889)--Thread(Thread[Test worker,5,main])--The access type for the persistent class [class com.athena.shared.pluggable.entity.ArtEntity] is set to [FIELD].
[EL Config]: metadata: 2016-06-06 13:31:27.55--ServerSession(691663889)--Thread(Thread[Test worker,5,main])--The access type for the persistent class [class com.hresource.app.shared.appbasicsetup.aaa.ArtUserLastStatus] is set to [FIELD].
[EL Config]: metadata: 2016-06-06 13:31:27.555--ServerSession(691663889)--Thread(Thread[Test worker,5,main])--The access type for the persistent class [class com.hresource.app.shared.appbasicsetup.userrolemanagement.AppMenus] is set to [FIELD].
[EL Config]: metadata: 2016-06-06 13:31:27.557--ServerSession(691663889)--Thread(Thread[Test worker,5,main])--The access type for the persistent class [class com.spartan.healthmeter.entity.ZenRequestDetails] is set to [FIELD].
[EL Config]: metadata: 2016-06-06 13:31:27.559--ServerSession(691663889)--Thread(Thread[Test worker,5,main])--The access type for the persistent class [class com.spartan.healthmeter.entity.ArtHealthSchedulerConfiguration] is set to [FIELD].
[EL Config]: metadata: 2016-06-06 13:31:27.56--ServerSession(691663889)--Thread(Thread[Test worker,5,main])--The access type for the persistent class [class com.hresource.app.shared.humanresourceboundedcontext.employee.DepartmentType] is set to [FIELD].
[EL Config]: metadata: 2016-06-06 13:31:27.561--ServerSession(691663889)--Thread(Thread[Test worker,5,main])--The access type for the persistent class [class com.athena.shared.dataengine.report.ArtReportUI] is set to [FIELD].
[EL Config]: metadata: 2016-06-06 13:31:27.562--ServerSession(691663889)--Thread(Thread[Test worker,5,main])--The access type for the persistent class [class com.hresource.app.shared.appbasicsetup.userrolemanagement.RoleMenuBridge] is set to [FIELD].
[EL Config]: metadata: 2016-06-06 13:31:27.562--ServerSession(691663889)--Thread(Thread[Test worker,5,main])--The target entity (reference) class for the one to one mapping element [field roles] is being defaulted to: class com.hresource.app.shared.appbasicsetup.userrolemanagement.Roles.
[EL Config]: metadata: 2016-06-06 13:31:27.563--ServerSession(691663889)--Thread(Thread[Test worker,5,main])--The access type for the persistent class [class com.hresource.app.shared.appbasicsetup.usermanagement.LoginSession] is set to [FIELD].
[EL Config]: metadata: 2016-06-06 13:31:27.564--ServerSession(691663889)--Thread(Thread[Test worker,5,main])--The access type for the persistent class [class com.spartan.healthmeter.entity.ZenHealthCounter] is set to [FIELD].
[EL Config]: metadata: 2016-06-06 13:31:27.565--ServerSession(691663889)--Thread(Thread[Test worker,5,main])--The access type for the persistent class [class com.hresource.app.shared.organization.locationmanagement.State] is set to [FIELD].
[EL Config]: metadata: 2016-06-06 13:31:27.566--ServerSession(691663889)--Thread(Thread[Test worker,5,main])--The access type for the persistent class [class com.spartan.healthmeter.entity.ZenHealth] is set to [FIELD].
[EL Config]: metadata: 2016-06-06 13:31:27.568--ServerSession(691663889)--Thread(Thread[Test worker,5,main])--The access type for the persistent class [class com.hresource.app.shared.appbasicsetup.usermanagement.User] is set to [FIELD].
[EL Config]: metadata: 2016-06-06 13:31:27.568--ServerSession(691663889)--Thread(Thread[Test worker,5,main])--The target entity (reference) class for the one to one mapping element [field userData] is being defaulted to: class com.hresource.app.shared.appbasicsetup.usermanagement.UserData.
[EL Config]: metadata: 2016-06-06 13:31:27.569--ServerSession(691663889)--Thread(Thread[Test worker,5,main])--The target entity (reference) class for the one to many mapping element [field passRecovery] is being defaulted to: class com.hresource.app.shared.appbasicsetup.usermanagement.PassRecovery.
[EL Config]: metadata: 2016-06-06 13:31:27.57--ServerSession(691663889)--Thread(Thread[Test worker,5,main])--The access type for the persistent class [class com.hresource.app.shared.appbasicsetup.usermanagement.SessionData] is set to [FIELD].
[EL Config]: metadata: 2016-06-06 13:31:27.57--ServerSession(691663889)--Thread(Thread[Test worker,5,main])--The access type for the persistent class [class com.spartan.server.session.entity.AppSessionConfig] is set to [FIELD].
[EL Config]: metadata: 2016-06-06 13:31:27.571--ServerSession(691663889)--Thread(Thread[Test worker,5,main])--The access type for the persistent class [class com.hresource.app.shared.humanresourceboundedcontext.employee.JobType] is set to [FIELD].
[EL Config]: metadata: 2016-06-06 13:31:27.572--ServerSession(691663889)--Thread(Thread[Test worker,5,main])--The access type for the persistent class [class com.hresource.app.shared.appbasicsetup.usermanagement.ArtAppNotificationTemplate] is set to [FIELD].
[EL Config]: metadata: 2016-06-06 13:31:27.572--ServerSession(691663889)--Thread(Thread[Test worker,5,main])--The access type for the persistent class [class com.hresource.app.shared.organization.locationmanagement.Timezone] is set to [FIELD].
[EL Config]: metadata: 2016-06-06 13:31:27.573--ServerSession(691663889)--Thread(Thread[Test worker,5,main])--The access type for the persistent class [class com.hresource.app.shared.appinsight.alarms.ArtLogEventAction] is set to [FIELD].
[EL Config]: metadata: 2016-06-06 13:31:27.573--ServerSession(691663889)--Thread(Thread[Test worker,5,main])--The access type for the persistent class [class com.hresource.app.shared.appinsight.alarms.ArtLogArchitectureLayer] is set to [FIELD].
[EL Config]: metadata: 2016-06-06 13:31:27.574--ServerSession(691663889)--Thread(Thread[Test worker,5,main])--The access type for the persistent class [class com.hresource.app.shared.organization.locationmanagement.Country] is set to [FIELD].
[EL Config]: metadata: 2016-06-06 13:31:27.574--ServerSession(691663889)--Thread(Thread[Test worker,5,main])--The access type for the persistent class [class com.hresource.app.shared.appbasicsetup.usermanagement.ArtPasswordAlgorithm] is set to [FIELD].
[EL Config]: metadata: 2016-06-06 13:31:27.575--ServerSession(691663889)--Thread(Thread[Test worker,5,main])--The access type for the persistent class [class com.hresource.app.shared.appinsight.alarms.ArtLogSeverity] is set to [FIELD].
[EL Config]: metadata: 2016-06-06 13:31:27.575--ServerSession(691663889)--Thread(Thread[Test worker,5,main])--The access type for the persistent class [class com.hresource.app.shared.appbasicsetup.usermanagement.ArtPasswordPolicy] is set to [FIELD].
[EL Config]: metadata: 2016-06-06 13:31:27.576--ServerSession(691663889)--Thread(Thread[Test worker,5,main])--The access type for the persistent class [class com.athena.shared.dataengine.query.ArtQuery] is set to [FIELD].
[EL Config]: metadata: 2016-06-06 13:31:27.577--ServerSession(691663889)--Thread(Thread[Test worker,5,main])--The access type for the persistent class [class com.spartan.healthmeter.shared.EntityAudit] is set to [FIELD].
[EL Config]: metadata: 2016-06-06 13:31:27.579--ServerSession(691663889)--Thread(Thread[Test worker,5,main])--The access type for the persistent class [class com.hresource.app.shared.EntityAudit] is set to [FIELD].
[EL Config]: metadata: 2016-06-06 13:31:27.579--ServerSession(691663889)--Thread(Thread[Test worker,5,main])--The access type for the persistent class [class com.spartan.healthmeter.shared.SystemInfo] is set to [FIELD].
[EL Config]: metadata: 2016-06-06 13:31:27.579--ServerSession(691663889)--Thread(Thread[Test worker,5,main])--The access type for the persistent class [class com.hresource.app.shared.SystemInfo] is set to [FIELD].
[EL Config]: metadata: 2016-06-06 13:31:27.589--ServerSession(691663889)--Thread(Thread[Test worker,5,main])--The alias name for the entity class [class com.hresource.app.shared.organization.locationmanagement.AddressType] is being defaulted to: AddressType.
[EL Config]: metadata: 2016-06-06 13:31:27.611--ServerSession(691663889)--Thread(Thread[Test worker,5,main])--The alias name for the entity class [class com.hresource.app.shared.organization.contactmanagement.ContactType] is being defaulted to: ContactType.
[EL Config]: metadata: 2016-06-06 13:31:27.612--ServerSession(691663889)--Thread(Thread[Test worker,5,main])--The alias name for the entity class [class com.hresource.app.shared.appbasicsetup.userrolemanagement.Roles] is being defaulted to: Roles.
[EL Config]: metadata: 2016-06-06 13:31:27.612--ServerSession(691663889)--Thread(Thread[Test worker,5,main])--The alias name for the entity class [class com.hresource.app.shared.humanresourceboundedcontext.payroll.CostToCompany] is being defaulted to: CostToCompany.
[EL Config]: metadata: 2016-06-06 13:31:27.613--ServerSession(691663889)--Thread(Thread[Test worker,5,main])--The alias name for the entity class [class com.hresource.app.shared.appinsight.alarms.ArtLogStatus] is being defaulted to: ArtLogStatus.
[EL Config]: metadata: 2016-06-06 13:31:27.614--ServerSession(691663889)--Thread(Thread[Test worker,5,main])--The alias name for the entity class [class com.hresource.app.shared.appbasicsetup.usermanagement.UserAccessLevel] is being defaulted to: UserAccessLevel.
[EL Config]: metadata: 2016-06-06 13:31:27.614--ServerSession(691663889)--Thread(Thread[Test worker,5,main])--The alias name for the entity class [class com.spartan.healthmeter.entity.ArtHealthStatusConfiguration] is being defaulted to: ArtHealthStatusConfiguration.
[EL Config]: metadata: 2016-06-06 13:31:27.615--ServerSession(691663889)--Thread(Thread[Test worker,5,main])--The alias name for the entity class [class com.hresource.app.shared.appinsight.alarms.ArtLogAlarm] is being defaulted to: ArtLogAlarm.
[EL Config]: metadata: 2016-06-06 13:31:27.616--ServerSession(691663889)--Thread(Thread[Test worker,5,main])--The alias name for the entity class [class com.hresource.app.shared.humanresourceboundedcontext.payroll.SalaryStucFinWise] is being defaulted to: SalaryStucFinWise.
[EL Config]: metadata: 2016-06-06 13:31:27.617--ServerSession(691663889)--Thread(Thread[Test worker,5,main])--The alias name for the entity class [class com.hresource.app.shared.appbasicsetup.usermanagement.PassRecovery] is being defaulted to: PassRecovery.
[EL Config]: metadata: 2016-06-06 13:31:27.618--ServerSession(691663889)--Thread(Thread[Test worker,5,main])--The alias name for the entity class [class com.hresource.app.shared.appbasicsetup.userrolemanagement.UserRoleBridge] is being defaulted to: UserRoleBridge.
[EL Config]: metadata: 2016-06-06 13:31:27.618--ServerSession(691663889)--Thread(Thread[Test worker,5,main])--The alias name for the entity class [class com.hresource.app.shared.appbasicsetup.usermanagement.Question] is being defaulted to: Question.
[EL Config]: metadata: 2016-06-06 13:31:27.619--ServerSession(691663889)--Thread(Thread[Test worker,5,main])--The alias name for the entity class [class com.spartan.healthmeter.entity.ZenHealthGauge] is being defaulted to: ZenHealthGauge.
[EL Config]: metadata: 2016-06-06 13:31:27.62--ServerSession(691663889)--Thread(Thread[Test worker,5,main])--The alias name for the entity class [class com.hresource.app.shared.organization.contactmanagement.CommunicationType] is being defaulted to: CommunicationType.
[EL Config]: metadata: 2016-06-06 13:31:27.621--ServerSession(691663889)--Thread(Thread[Test worker,5,main])--The alias name for the entity class [class com.hresource.app.shared.organization.contactmanagement.CommunicationGroup] is being defaulted to: CommunicationGroup.
[EL Config]: metadata: 2016-06-06 13:31:27.621--ServerSession(691663889)--Thread(Thread[Test worker,5,main])--The alias name for the entity class [class com.hresource.app.shared.appinsight.alarms.ArtLogConfig] is being defaulted to: ArtLogConfig.
[EL Config]: metadata: 2016-06-06 13:31:27.622--ServerSession(691663889)--Thread(Thread[Test worker,5,main])--The alias name for the entity class [class com.hresource.app.shared.appbasicsetup.usermanagement.PasswordAlgo] is being defaulted to: PasswordAlgo.
[EL Config]: metadata: 2016-06-06 13:31:27.622--ServerSession(691663889)--Thread(Thread[Test worker,5,main])--The alias name for the entity class [class com.hresource.app.shared.appbasicsetup.usermanagement.PasswordPolicy] is being defaulted to: PasswordPolicy.
[EL Config]: metadata: 2016-06-06 13:31:27.623--ServerSession(691663889)--Thread(Thread[Test worker,5,main])--The alias name for the entity class [class com.spartan.healthmeter.entity.HealthSchedulerConfiguration] is being defaulted to: HealthSchedulerConfiguration.
[EL Config]: metadata: 2016-06-06 13:31:27.624--ServerSession(691663889)--Thread(Thread[Test worker,5,main])--The alias name for the entity class [class com.hresource.app.shared.humanresourceboundedcontext.employee.EmployeeInfo] is being defaulted to: EmployeeInfo.
[EL Config]: metadata: 2016-06-06 13:31:27.625--ServerSession(691663889)--Thread(Thread[Test worker,5,main])--The alias name for the entity class [class com.hresource.app.shared.organization.locationmanagement.Address] is being defaulted to: Address.
[EL Config]: metadata: 2016-06-06 13:31:27.626--ServerSession(691663889)--Thread(Thread[Test worker,5,main])--The alias name for the entity class [class com.spartan.healthmeter.entity.ZenSchedulerHealth] is being defaulted to: ZenSchedulerHealth.
[EL Config]: metadata: 2016-06-06 13:31:27.627--ServerSession(691663889)--Thread(Thread[Test worker,5,main])--The alias name for the entity class [class com.hresource.app.shared.appbasicsetup.usermanagement.Login] is being defaulted to: Login.
[EL Config]: metadata: 2016-06-06 13:31:27.628--ServerSession(691663889)--Thread(Thread[Test worker,5,main])--The alias name for the entity class [class com.hresource.app.shared.humanresourceboundedcontext.employee.DesignationType] is being defaulted to: DesignationType.
[EL Config]: metadata: 2016-06-06 13:31:27.628--ServerSession(691663889)--Thread(Thread[Test worker,5,main])--The alias name for the entity class [class com.hresource.app.shared.appbasicsetup.usermanagement.UserData] is being defaulted to: UserData.
[EL Config]: metadata: 2016-06-06 13:31:27.629--ServerSession(691663889)--Thread(Thread[Test worker,5,main])--The alias name for the entity class [class com.hresource.app.shared.organization.contactmanagement.CoreContacts] is being defaulted to: CoreContacts.
[EL Config]: metadata: 2016-06-06 13:31:27.63--ServerSession(691663889)--Thread(Thread[Test worker,5,main])--The alias name for the entity class [class com.hresource.app.shared.appinsight.alarms.ArtLogEvents] is being defaulted to: ArtLogEvents.
[EL Config]: metadata: 2016-06-06 13:31:27.631--ServerSession(691663889)--Thread(Thread[Test worker,5,main])--The alias name for the entity class [class com.hresource.app.shared.organization.locationmanagement.Language] is being defaulted to: Language.
[EL Config]: metadata: 2016-06-06 13:31:27.632--ServerSession(691663889)--Thread(Thread[Test worker,5,main])--The alias name for the entity class [class com.hresource.app.shared.organization.locationmanagement.City] is being defaulted to: City.
[EL Config]: metadata: 2016-06-06 13:31:27.633--ServerSession(691663889)--Thread(Thread[Test worker,5,main])--The alias name for the entity class [class com.spartan.healthmeter.entity.ZenHealthStatus] is being defaulted to: ZenHealthStatus.
[EL Config]: metadata: 2016-06-06 13:31:27.634--ServerSession(691663889)--Thread(Thread[Test worker,5,main])--The alias name for the entity class [class com.hresource.app.shared.organization.contactmanagement.Gender] is being defaulted to: Gender.
[EL Config]: metadata: 2016-06-06 13:31:27.634--ServerSession(691663889)--Thread(Thread[Test worker,5,main])--The alias name for the entity class [class com.hresource.app.shared.organization.contactmanagement.CommunicationData] is being defaulted to: CommunicationData.
[EL Config]: metadata: 2016-06-06 13:31:27.635--ServerSession(691663889)--Thread(Thread[Test worker,5,main])--The alias name for the entity class [class com.hresource.app.shared.appbasicsetup.usermanagement.UserAccessDomain] is being defaulted to: UserAccessDomain.
[EL Config]: metadata: 2016-06-06 13:31:27.636--ServerSession(691663889)--Thread(Thread[Test worker,5,main])--The alias name for the entity class [class com.hresource.app.shared.humanresourceboundedcontext.attendance.AttendanceSummary] is being defaulted to: AttendanceSummary.
[EL Config]: metadata: 2016-06-06 13:31:27.637--ServerSession(691663889)--Thread(Thread[Test worker,5,main])--The alias name for the entity class [class com.hresource.app.shared.organization.contactmanagement.Title] is being defaulted to: Title.
[EL Config]: metadata: 2016-06-06 13:31:27.637--ServerSession(691663889)--Thread(Thread[Test worker,5,main])--The alias name for the entity class [class com.hresource.app.shared.appbasicsetup.aaa.ArtUserLastStatus] is being defaulted to: ArtUserLastStatus.
[EL Config]: metadata: 2016-06-06 13:31:27.638--ServerSession(691663889)--Thread(Thread[Test worker,5,main])--The alias name for the entity class [class com.hresource.app.shared.appbasicsetup.userrolemanagement.AppMenus] is being defaulted to: AppMenus.
[EL Config]: metadata: 2016-06-06 13:31:27.639--ServerSession(691663889)--Thread(Thread[Test worker,5,main])--The alias name for the entity class [class com.spartan.healthmeter.entity.ZenRequestDetails] is being defaulted to: ZenRequestDetails.
[EL Config]: metadata: 2016-06-06 13:31:27.64--ServerSession(691663889)--Thread(Thread[Test worker,5,main])--The alias name for the entity class [class com.spartan.healthmeter.entity.ArtHealthSchedulerConfiguration] is being defaulted to: ArtHealthSchedulerConfiguration.
[EL Config]: metadata: 2016-06-06 13:31:27.641--ServerSession(691663889)--Thread(Thread[Test worker,5,main])--The alias name for the entity class [class com.hresource.app.shared.humanresourceboundedcontext.employee.DepartmentType] is being defaulted to: DepartmentType.
[EL Config]: metadata: 2016-06-06 13:31:27.642--ServerSession(691663889)--Thread(Thread[Test worker,5,main])--The alias name for the entity class [class com.athena.shared.dataengine.report.ArtReportUI] is being defaulted to: ArtReportUI.
[EL Config]: metadata: 2016-06-06 13:31:27.643--ServerSession(691663889)--Thread(Thread[Test worker,5,main])--The alias name for the entity class [class com.hresource.app.shared.appbasicsetup.userrolemanagement.RoleMenuBridge] is being defaulted to: RoleMenuBridge.
[EL Config]: metadata: 2016-06-06 13:31:27.643--ServerSession(691663889)--Thread(Thread[Test worker,5,main])--The alias name for the entity class [class com.hresource.app.shared.appbasicsetup.usermanagement.LoginSession] is being defaulted to: LoginSession.
[EL Config]: metadata: 2016-06-06 13:31:27.644--ServerSession(691663889)--Thread(Thread[Test worker,5,main])--The alias name for the entity class [class com.spartan.healthmeter.entity.ZenHealthCounter] is being defaulted to: ZenHealthCounter.
[EL Config]: metadata: 2016-06-06 13:31:27.645--ServerSession(691663889)--Thread(Thread[Test worker,5,main])--The alias name for the entity class [class com.hresource.app.shared.organization.locationmanagement.State] is being defaulted to: State.
[EL Config]: metadata: 2016-06-06 13:31:27.646--ServerSession(691663889)--Thread(Thread[Test worker,5,main])--The alias name for the entity class [class com.spartan.healthmeter.entity.ZenHealth] is being defaulted to: ZenHealth.
[EL Config]: metadata: 2016-06-06 13:31:27.647--ServerSession(691663889)--Thread(Thread[Test worker,5,main])--The alias name for the entity class [class com.hresource.app.shared.appbasicsetup.usermanagement.User] is being defaulted to: User.
[EL Config]: metadata: 2016-06-06 13:31:27.648--ServerSession(691663889)--Thread(Thread[Test worker,5,main])--The alias name for the entity class [class com.hresource.app.shared.appbasicsetup.usermanagement.SessionData] is being defaulted to: SessionData.
[EL Config]: metadata: 2016-06-06 13:31:27.649--ServerSession(691663889)--Thread(Thread[Test worker,5,main])--The alias name for the entity class [class com.spartan.server.session.entity.AppSessionConfig] is being defaulted to: AppSessionConfig.
[EL Config]: metadata: 2016-06-06 13:31:27.65--ServerSession(691663889)--Thread(Thread[Test worker,5,main])--The alias name for the entity class [class com.hresource.app.shared.humanresourceboundedcontext.employee.JobType] is being defaulted to: JobType.
[EL Config]: metadata: 2016-06-06 13:31:27.65--ServerSession(691663889)--Thread(Thread[Test worker,5,main])--The alias name for the entity class [class com.hresource.app.shared.appbasicsetup.usermanagement.ArtAppNotificationTemplate] is being defaulted to: ArtAppNotificationTemplate.
[EL Config]: metadata: 2016-06-06 13:31:27.651--ServerSession(691663889)--Thread(Thread[Test worker,5,main])--The alias name for the entity class [class com.hresource.app.shared.organization.locationmanagement.Timezone] is being defaulted to: Timezone.
[EL Config]: metadata: 2016-06-06 13:31:27.652--ServerSession(691663889)--Thread(Thread[Test worker,5,main])--The alias name for the entity class [class com.hresource.app.shared.appinsight.alarms.ArtLogEventAction] is being defaulted to: ArtLogEventAction.
[EL Config]: metadata: 2016-06-06 13:31:27.652--ServerSession(691663889)--Thread(Thread[Test worker,5,main])--The alias name for the entity class [class com.hresource.app.shared.appinsight.alarms.ArtLogArchitectureLayer] is being defaulted to: ArtLogArchitectureLayer.
[EL Config]: metadata: 2016-06-06 13:31:27.653--ServerSession(691663889)--Thread(Thread[Test worker,5,main])--The alias name for the entity class [class com.hresource.app.shared.organization.locationmanagement.Country] is being defaulted to: Country.
[EL Config]: metadata: 2016-06-06 13:31:27.653--ServerSession(691663889)--Thread(Thread[Test worker,5,main])--The alias name for the entity class [class com.hresource.app.shared.appbasicsetup.usermanagement.ArtPasswordAlgorithm] is being defaulted to: ArtPasswordAlgorithm.
[EL Config]: metadata: 2016-06-06 13:31:27.654--ServerSession(691663889)--Thread(Thread[Test worker,5,main])--The alias name for the entity class [class com.hresource.app.shared.appinsight.alarms.ArtLogSeverity] is being defaulted to: ArtLogSeverity.
[EL Config]: metadata: 2016-06-06 13:31:27.654--ServerSession(691663889)--Thread(Thread[Test worker,5,main])--The alias name for the entity class [class com.hresource.app.shared.appbasicsetup.usermanagement.ArtPasswordPolicy] is being defaulted to: ArtPasswordPolicy.
[EL Config]: metadata: 2016-06-06 13:31:27.655--ServerSession(691663889)--Thread(Thread[Test worker,5,main])--The alias name for the entity class [class com.athena.shared.dataengine.query.ArtQuery] is being defaulted to: ArtQuery.
[EL Info]: 2016-06-06 13:31:28.337--ServerSession(691663889)--Thread(Thread[Test worker,5,main])--EclipseLink, version: Eclipse Persistence Services - 2.5.1.v20130918-f2b9fc5
[EL Fine]: connection: 2016-06-06 13:31:28.54--Thread(Thread[Test worker,5,main])--Detected database platform: org.eclipse.persistence.platform.database.MySQLPlatform
[EL Config]: connection: 2016-06-06 13:31:28.557--ServerSession(691663889)--Connection(625781639)--Thread(Thread[Test worker,5,main])--connecting(DatabaseLogin(
	platform=>MySQLPlatform
	user name=> "hrdb"
	datasource URL=> "jdbc:mysql://localhost-MYSQL:3306/hrdb"
))
[EL Config]: connection: 2016-06-06 13:31:28.565--ServerSession(691663889)--Connection(71488385)--Thread(Thread[Test worker,5,main])--Connected: jdbc:mysql://localhost-MYSQL:3306/hrdb
	User: hrdb@172.17.0.5
	Database: MySQL  Version: 5.7.7-rc
	Driver: MySQL Connector Java  Version: mysql-connector-java-5.1.31 ( Revision: alexander.soklakov@oracle.com-20140520065950-groqzzbvxprqdmnz )
[EL Config]: connection: 2016-06-06 13:31:28.566--ServerSession(691663889)--Connection(1061928022)--Thread(Thread[Test worker,5,main])--connecting(DatabaseLogin(
	platform=>MySQLPlatform
	user name=> "hrdb"
	datasource URL=> "jdbc:mysql://localhost-MYSQL:3306/hrdb"
))
[EL Config]: connection: 2016-06-06 13:31:28.576--ServerSession(691663889)--Connection(1313206134)--Thread(Thread[Test worker,5,main])--Connected: jdbc:mysql://localhost-MYSQL:3306/hrdb
	User: hrdb@172.17.0.5
	Database: MySQL  Version: 5.7.7-rc
	Driver: MySQL Connector Java  Version: mysql-connector-java-5.1.31 ( Revision: alexander.soklakov@oracle.com-20140520065950-groqzzbvxprqdmnz )
[EL Config]: connection: 2016-06-06 13:31:28.576--ServerSession(691663889)--Connection(1366053919)--Thread(Thread[Test worker,5,main])--connecting(DatabaseLogin(
	platform=>MySQLPlatform
	user name=> "hrdb"
	datasource URL=> "jdbc:mysql://localhost-MYSQL:3306/hrdb"
))
[EL Config]: connection: 2016-06-06 13:31:28.584--ServerSession(691663889)--Connection(1249185186)--Thread(Thread[Test worker,5,main])--Connected: jdbc:mysql://localhost-MYSQL:3306/hrdb
	User: hrdb@172.17.0.5
	Database: MySQL  Version: 5.7.7-rc
	Driver: MySQL Connector Java  Version: mysql-connector-java-5.1.31 ( Revision: alexander.soklakov@oracle.com-20140520065950-groqzzbvxprqdmnz )
[EL Config]: connection: 2016-06-06 13:31:28.584--ServerSession(691663889)--Connection(1255288030)--Thread(Thread[Test worker,5,main])--connecting(DatabaseLogin(
	platform=>MySQLPlatform
	user name=> "hrdb"
	datasource URL=> "jdbc:mysql://localhost-MYSQL:3306/hrdb"
))
[EL Config]: connection: 2016-06-06 13:31:28.594--ServerSession(691663889)--Connection(1309939999)--Thread(Thread[Test worker,5,main])--Connected: jdbc:mysql://localhost-MYSQL:3306/hrdb
	User: hrdb@172.17.0.5
	Database: MySQL  Version: 5.7.7-rc
	Driver: MySQL Connector Java  Version: mysql-connector-java-5.1.31 ( Revision: alexander.soklakov@oracle.com-20140520065950-groqzzbvxprqdmnz )
[EL Config]: connection: 2016-06-06 13:31:28.594--ServerSession(691663889)--Connection(159214149)--Thread(Thread[Test worker,5,main])--connecting(DatabaseLogin(
	platform=>MySQLPlatform
	user name=> "hrdb"
	datasource URL=> "jdbc:mysql://localhost-MYSQL:3306/hrdb"
))
[EL Config]: connection: 2016-06-06 13:31:28.603--ServerSession(691663889)--Connection(1150237360)--Thread(Thread[Test worker,5,main])--Connected: jdbc:mysql://localhost-MYSQL:3306/hrdb
	User: hrdb@172.17.0.5
	Database: MySQL  Version: 5.7.7-rc
	Driver: MySQL Connector Java  Version: mysql-connector-java-5.1.31 ( Revision: alexander.soklakov@oracle.com-20140520065950-groqzzbvxprqdmnz )
[EL Config]: connection: 2016-06-06 13:31:28.603--ServerSession(691663889)--Connection(391519226)--Thread(Thread[Test worker,5,main])--connecting(DatabaseLogin(
	platform=>MySQLPlatform
	user name=> "hrdb"
	datasource URL=> "jdbc:mysql://localhost-MYSQL:3306/hrdb"
))
[EL Config]: connection: 2016-06-06 13:31:28.612--ServerSession(691663889)--Connection(1562858407)--Thread(Thread[Test worker,5,main])--Connected: jdbc:mysql://localhost-MYSQL:3306/hrdb
	User: hrdb@172.17.0.5
	Database: MySQL  Version: 5.7.7-rc
	Driver: MySQL Connector Java  Version: mysql-connector-java-5.1.31 ( Revision: alexander.soklakov@oracle.com-20140520065950-groqzzbvxprqdmnz )
[EL Config]: connection: 2016-06-06 13:31:28.614--ServerSession(691663889)--Connection(1088759992)--Thread(Thread[Test worker,5,main])--connecting(DatabaseLogin(
	platform=>MySQLPlatform
	user name=> "hrdb"
	datasource URL=> "jdbc:mysql://localhost-MYSQL:3306/hrdb"
))
[EL Config]: connection: 2016-06-06 13:31:28.628--ServerSession(691663889)--Connection(2090203783)--Thread(Thread[Test worker,5,main])--Connected: jdbc:mysql://localhost-MYSQL:3306/hrdb
	User: hrdb@172.17.0.5
	Database: MySQL  Version: 5.7.7-rc
	Driver: MySQL Connector Java  Version: mysql-connector-java-5.1.31 ( Revision: alexander.soklakov@oracle.com-20140520065950-groqzzbvxprqdmnz )
[EL Config]: connection: 2016-06-06 13:31:28.629--ServerSession(691663889)--Connection(1517483255)--Thread(Thread[Test worker,5,main])--connecting(DatabaseLogin(
	platform=>MySQLPlatform
	user name=> "hrdb"
	datasource URL=> "jdbc:mysql://localhost-MYSQL:3306/hrdb"
))
[EL Config]: connection: 2016-06-06 13:31:28.643--ServerSession(691663889)--Connection(1257515583)--Thread(Thread[Test worker,5,main])--Connected: jdbc:mysql://localhost-MYSQL:3306/hrdb
	User: hrdb@172.17.0.5
	Database: MySQL  Version: 5.7.7-rc
	Driver: MySQL Connector Java  Version: mysql-connector-java-5.1.31 ( Revision: alexander.soklakov@oracle.com-20140520065950-groqzzbvxprqdmnz )
[EL Config]: connection: 2016-06-06 13:31:28.643--ServerSession(691663889)--Connection(1677833354)--Thread(Thread[Test worker,5,main])--connecting(DatabaseLogin(
	platform=>MySQLPlatform
	user name=> "hrdb"
	datasource URL=> "jdbc:mysql://localhost-MYSQL:3306/hrdb"
))
[EL Config]: connection: 2016-06-06 13:31:28.649--ServerSession(691663889)--Connection(1822299140)--Thread(Thread[Test worker,5,main])--Connected: jdbc:mysql://localhost-MYSQL:3306/hrdb
	User: hrdb@172.17.0.5
	Database: MySQL  Version: 5.7.7-rc
	Driver: MySQL Connector Java  Version: mysql-connector-java-5.1.31 ( Revision: alexander.soklakov@oracle.com-20140520065950-groqzzbvxprqdmnz )
[EL Config]: connection: 2016-06-06 13:31:28.649--ServerSession(691663889)--Connection(2117356113)--Thread(Thread[Test worker,5,main])--connecting(DatabaseLogin(
	platform=>MySQLPlatform
	user name=> "hrdb"
	datasource URL=> "jdbc:mysql://localhost-MYSQL:3306/hrdb"
))
[EL Config]: connection: 2016-06-06 13:31:28.656--ServerSession(691663889)--Connection(2020307088)--Thread(Thread[Test worker,5,main])--Connected: jdbc:mysql://localhost-MYSQL:3306/hrdb
	User: hrdb@172.17.0.5
	Database: MySQL  Version: 5.7.7-rc
	Driver: MySQL Connector Java  Version: mysql-connector-java-5.1.31 ( Revision: alexander.soklakov@oracle.com-20140520065950-groqzzbvxprqdmnz )
[EL Config]: connection: 2016-06-06 13:31:28.656--ServerSession(691663889)--Connection(1437285299)--Thread(Thread[Test worker,5,main])--connecting(DatabaseLogin(
	platform=>MySQLPlatform
	user name=> "hrdb"
	datasource URL=> "jdbc:mysql://localhost-MYSQL:3306/hrdb"
))
[EL Config]: connection: 2016-06-06 13:31:28.663--ServerSession(691663889)--Connection(260604924)--Thread(Thread[Test worker,5,main])--Connected: jdbc:mysql://localhost-MYSQL:3306/hrdb
	User: hrdb@172.17.0.5
	Database: MySQL  Version: 5.7.7-rc
	Driver: MySQL Connector Java  Version: mysql-connector-java-5.1.31 ( Revision: alexander.soklakov@oracle.com-20140520065950-groqzzbvxprqdmnz )
[EL Config]: connection: 2016-06-06 13:31:28.663--ServerSession(691663889)--Connection(1267801435)--Thread(Thread[Test worker,5,main])--connecting(DatabaseLogin(
	platform=>MySQLPlatform
	user name=> "hrdb"
	datasource URL=> "jdbc:mysql://localhost-MYSQL:3306/hrdb"
))
[EL Config]: connection: 2016-06-06 13:31:28.668--ServerSession(691663889)--Connection(240805554)--Thread(Thread[Test worker,5,main])--Connected: jdbc:mysql://localhost-MYSQL:3306/hrdb
	User: hrdb@172.17.0.5
	Database: MySQL  Version: 5.7.7-rc
	Driver: MySQL Connector Java  Version: mysql-connector-java-5.1.31 ( Revision: alexander.soklakov@oracle.com-20140520065950-groqzzbvxprqdmnz )
[EL Config]: connection: 2016-06-06 13:31:28.669--ServerSession(691663889)--Connection(1359755130)--Thread(Thread[Test worker,5,main])--connecting(DatabaseLogin(
	platform=>MySQLPlatform
	user name=> "hrdb"
	datasource URL=> "jdbc:mysql://localhost-MYSQL:3306/hrdb"
))
[EL Config]: connection: 2016-06-06 13:31:28.674--ServerSession(691663889)--Connection(358898252)--Thread(Thread[Test worker,5,main])--Connected: jdbc:mysql://localhost-MYSQL:3306/hrdb
	User: hrdb@172.17.0.5
	Database: MySQL  Version: 5.7.7-rc
	Driver: MySQL Connector Java  Version: mysql-connector-java-5.1.31 ( Revision: alexander.soklakov@oracle.com-20140520065950-groqzzbvxprqdmnz )
[EL Config]: connection: 2016-06-06 13:31:28.674--ServerSession(691663889)--Connection(1868840588)--Thread(Thread[Test worker,5,main])--connecting(DatabaseLogin(
	platform=>MySQLPlatform
	user name=> "hrdb"
	datasource URL=> "jdbc:mysql://localhost-MYSQL:3306/hrdb"
))
[EL Config]: connection: 2016-06-06 13:31:28.679--ServerSession(691663889)--Connection(499276901)--Thread(Thread[Test worker,5,main])--Connected: jdbc:mysql://localhost-MYSQL:3306/hrdb
	User: hrdb@172.17.0.5
	Database: MySQL  Version: 5.7.7-rc
	Driver: MySQL Connector Java  Version: mysql-connector-java-5.1.31 ( Revision: alexander.soklakov@oracle.com-20140520065950-groqzzbvxprqdmnz )
[EL Config]: connection: 2016-06-06 13:31:28.68--ServerSession(691663889)--Connection(1128266278)--Thread(Thread[Test worker,5,main])--connecting(DatabaseLogin(
	platform=>MySQLPlatform
	user name=> "hrdb"
	datasource URL=> "jdbc:mysql://localhost-MYSQL:3306/hrdb"
))
[EL Config]: connection: 2016-06-06 13:31:28.686--ServerSession(691663889)--Connection(1013723725)--Thread(Thread[Test worker,5,main])--Connected: jdbc:mysql://localhost-MYSQL:3306/hrdb
	User: hrdb@172.17.0.5
	Database: MySQL  Version: 5.7.7-rc
	Driver: MySQL Connector Java  Version: mysql-connector-java-5.1.31 ( Revision: alexander.soklakov@oracle.com-20140520065950-groqzzbvxprqdmnz )
[EL Config]: connection: 2016-06-06 13:31:28.686--ServerSession(691663889)--Connection(1013723725)--Thread(Thread[Test worker,5,main])--disconnect
[EL Warning]: metadata: 2016-06-06 13:31:28.694--ServerSession(691663889)--Thread(Thread[Test worker,5,main])--Reverting the lazy setting on the OneToOne or ManyToOne attribute [user] for the entity class [class com.hresource.app.shared.appbasicsetup.usermanagement.PassRecovery] since weaving was not enabled or did not occur.
[EL Warning]: metadata: 2016-06-06 13:31:28.696--ServerSession(691663889)--Thread(Thread[Test worker,5,main])--Reverting the lazy setting on the OneToOne or ManyToOne attribute [coreContacts] for the entity class [class com.hresource.app.shared.humanresourceboundedcontext.employee.EmployeeInfo] since weaving was not enabled or did not occur.
[EL Warning]: metadata: 2016-06-06 13:31:28.696--ServerSession(691663889)--Thread(Thread[Test worker,5,main])--Reverting the lazy setting on the OneToOne or ManyToOne attribute [coreContacts] for the entity class [class com.hresource.app.shared.appbasicsetup.usermanagement.Login] since weaving was not enabled or did not occur.
[EL Warning]: metadata: 2016-06-06 13:31:28.697--ServerSession(691663889)--Thread(Thread[Test worker,5,main])--Reverting the lazy setting on the OneToOne or ManyToOne attribute [user] for the entity class [class com.hresource.app.shared.appbasicsetup.usermanagement.Login] since weaving was not enabled or did not occur.
[EL Warning]: metadata: 2016-06-06 13:31:28.697--ServerSession(691663889)--Thread(Thread[Test worker,5,main])--Reverting the lazy setting on the OneToOne or ManyToOne attribute [timezone] for the entity class [class com.hresource.app.shared.organization.contactmanagement.CoreContacts] since weaving was not enabled or did not occur.
[EL Warning]: metadata: 2016-06-06 13:31:28.702--ServerSession(691663889)--Thread(Thread[Test worker,5,main])--Reverting the lazy setting on the OneToOne or ManyToOne attribute [user] for the entity class [class com.hresource.app.shared.appbasicsetup.usermanagement.UserData] since weaving was not enabled or did not occur.
[EL Info]: connection: 2016-06-06 13:31:28.947--ServerSession(691663889)--Thread(Thread[Test worker,5,main])--file:/home/applifire/workspace/hresource/build/resources/main_hresource login successful
[EL Fine]: sql: 2016-06-06 13:31:38.605--ClientSession(8892154)--Connection(499276901)--Thread(Thread[Test worker,5,main])--SELECT query_id, active_status, app_creator_id, created_by, created_date, hidden_name, jpql_query, name, project_id, project_version_id, query_json, query_type, sql_query, updated_by, updated_date, user_access, version_id FROM art_query WHERE (active_status = ?)
	bind => [true]
Repository handle
[EL Config]: connection: 2016-06-06 13:31:38.623--ServerSession(691663889)--Connection(499276901)--Thread(Thread[Test worker,5,main])--disconnect
[EL Fine]: sql: 2016-06-06 13:31:38.629--ClientSession(1127183573)--Connection(358898252)--Thread(Thread[Test worker,5,main])--SELECT query_id, active_status, app_creator_id, created_by, created_date, hidden_name, jpql_query, name, project_id, project_version_id, query_json, query_type, sql_query, updated_by, updated_date, user_access, version_id FROM art_query WHERE (query_id = ?)
	bind => [3E78BC79-C881-416A-9C01-C665B4EF9753]
SELECT dataId, appSessionId, booleanValue, customerId, dataType, dateTimeValue, jsonValue, numberValue, sessionKey, stringValue, userId, versionId, createdBy, createdDate, updatedBy, updatedDate, activeStatus, txnAccessCode FROM ast_SessionData_T WHERE ((activeStatus = ?) AND (appSessionId = ?))
[EL Fine]: sql: 2016-06-06 13:31:38.632--ClientSession(1127183573)--Connection(358898252)--Thread(Thread[Test worker,5,main])--UPDATE art_query SET sql_query = ? WHERE (query_id = ?)
	bind => [SELECT dataId, appSessionId, booleanValue, customerId, dataType, dateTimeValue, jsonValue, numberValue, sessionKey, stringValue, userId, versionId, createdBy, createdDate, updatedBy, updatedDate, activeStatus, txnAccessCode FROM ast_SessionData_T WHERE ((activeStatus = ?) AND (appSessionId = ?)), 3E78BC79-C881-416A-9C01-C665B4EF9753]
[EL Config]: connection: 2016-06-06 13:31:38.701--ServerSession(691663889)--Connection(358898252)--Thread(Thread[Test worker,5,main])--disconnect
[EL Fine]: sql: 2016-06-06 13:31:38.706--ClientSession(1626515244)--Connection(240805554)--Thread(Thread[Test worker,5,main])--SELECT query_id, active_status, app_creator_id, created_by, created_date, hidden_name, jpql_query, name, project_id, project_version_id, query_json, query_type, sql_query, updated_by, updated_date, user_access, version_id FROM art_query WHERE (query_id = ?)
	bind => [4484C2B2-2E69-4961-8753-D614C5C8EE55]
SELECT t0.loginPk, t0.failedLoginAttempts, t0.loginId, t0.serverAuthImage, t0.serverAuthText, t0.versionId, t0.createdBy, t0.createdDate, t0.updatedBy, t0.updatedDate, t0.activeStatus, t0.txnAccessCode, t0.contactId, t0.userId FROM ast_Login_T t0, ast_User_T t1 WHERE (((t0.activeStatus = ?) AND t1.userId IN (SELECT t2.userId FROM ast_UserRoleBridge_T t2)) AND (t1.userId = t0.userId))
[EL Fine]: sql: 2016-06-06 13:31:38.709--ClientSession(1626515244)--Connection(240805554)--Thread(Thread[Test worker,5,main])--UPDATE art_query SET sql_query = ? WHERE (query_id = ?)
	bind => [SELECT t0.loginPk, t0.failedLoginAttempts, t0.loginId, t0.serverAuthImage, t0.serverAuthText, t0.versionId, t0.createdBy, t0.createdDate, t0.updatedBy, t0.updatedDate, t0.activeStatus, t0.txnAccessCode, t0.contactId, t0.userId FROM ast_Login_T t0, ast_User_T t1 WHERE (((t0.activeStatus = ?) AND t1.userId IN (SELECT t2.userId FROM ast_UserRoleBridge_T t2)) AND (t1.userId = t0.userId)), 4484C2B2-2E69-4961-8753-D614C5C8EE55]
[EL Config]: connection: 2016-06-06 13:31:38.749--ServerSession(691663889)--Connection(240805554)--Thread(Thread[Test worker,5,main])--disconnect
[EL Fine]: sql: 2016-06-06 13:31:38.751--ClientSession(528690869)--Connection(260604924)--Thread(Thread[Test worker,5,main])--SELECT query_id, active_status, app_creator_id, created_by, created_date, hidden_name, jpql_query, name, project_id, project_version_id, query_json, query_type, sql_query, updated_by, updated_date, user_access, version_id FROM art_query WHERE (query_id = ?)
	bind => [6040A2CF-6824-4391-8A8F-B90346CFA9E4]
SELECT dataId, appSessionId, booleanValue, customerId, dataType, dateTimeValue, jsonValue, numberValue, sessionKey, stringValue, userId, versionId, createdBy, createdDate, updatedBy, updatedDate, activeStatus, txnAccessCode FROM ast_SessionData_T WHERE (((activeStatus = ?) AND (appSessionId = ?)) AND (sessionKey = ?))
[EL Fine]: sql: 2016-06-06 13:31:38.753--ClientSession(528690869)--Connection(260604924)--Thread(Thread[Test worker,5,main])--UPDATE art_query SET sql_query = ? WHERE (query_id = ?)
	bind => [SELECT dataId, appSessionId, booleanValue, customerId, dataType, dateTimeValue, jsonValue, numberValue, sessionKey, stringValue, userId, versionId, createdBy, createdDate, updatedBy, updatedDate, activeStatus, txnAccessCode FROM ast_SessionData_T WHERE (((activeStatus = ?) AND (appSessionId = ?)) AND (sessionKey = ?)), 6040A2CF-6824-4391-8A8F-B90346CFA9E4]
[EL Config]: connection: 2016-06-06 13:31:38.782--ServerSession(691663889)--Connection(260604924)--Thread(Thread[Test worker,5,main])--disconnect
[EL Fine]: sql: 2016-06-06 13:31:38.791--ClientSession(1365690119)--Connection(2020307088)--Thread(Thread[Test worker,5,main])--SELECT query_id, active_status, app_creator_id, created_by, created_date, hidden_name, jpql_query, name, project_id, project_version_id, query_json, query_type, sql_query, updated_by, updated_date, user_access, version_id FROM art_query WHERE (query_id = ?)
	bind => [73A88949-D329-47E8-A845-FE986F20BE28]
SELECT CONCAT(t0.firstName, t0.lastName), t2.perk, t2.totalCTC, t2.takeHome, t2.yearValue, t2.basic, t2.hra, t2.convenceAllowance, t2.medicalAllowance, t2.educationalAllowance, t2.specialAllowance FROM ast_CoreContacts_T t0, ast_CostToCompany_M t2, ast_EmployeeInfo_M t1 WHERE (((t2.empId = t1.empId) AND (t1.empId = ?)) AND (t0.contactId = t1.contactId))
[EL Fine]: sql: 2016-06-06 13:31:38.793--ClientSession(1365690119)--Connection(2020307088)--Thread(Thread[Test worker,5,main])--UPDATE art_query SET sql_query = ? WHERE (query_id = ?)
	bind => [SELECT CONCAT(t0.firstName, t0.lastName), t2.perk, t2.totalCTC, t2.takeHome, t2.yearValue, t2.basic, t2.hra, t2.convenceAllowance, t2.medicalAllowance, t2.educationalAllowance, t2.specialAllowance FROM ast_CoreContacts_T t0, ast_CostToCompany_M t2, ast_EmployeeInfo_M t1 WHERE (((t2.empId = t1.empId) AND (t1.empId = ?)) AND (t0.contactId = t1.contactId)), 73A88949-D329-47E8-A845-FE986F20BE28]
[EL Config]: connection: 2016-06-06 13:31:38.823--ServerSession(691663889)--Connection(2020307088)--Thread(Thread[Test worker,5,main])--disconnect
[EL Fine]: sql: 2016-06-06 13:31:38.827--ClientSession(1012245464)--Connection(1822299140)--Thread(Thread[Test worker,5,main])--SELECT query_id, active_status, app_creator_id, created_by, created_date, hidden_name, jpql_query, name, project_id, project_version_id, query_json, query_type, sql_query, updated_by, updated_date, user_access, version_id FROM art_query WHERE (query_id = ?)
	bind => [7BFFAF32-08F9-471F-9E7E-BDD551AFF1FE]
SELECT t0.loginPk, t0.failedLoginAttempts, t0.loginId, t0.serverAuthImage, t0.serverAuthText, t0.versionId, t0.createdBy, t0.createdDate, t0.updatedBy, t0.updatedDate, t0.activeStatus, t0.txnAccessCode, t0.contactId, t0.userId FROM ast_Login_T t0, ast_User_T t1 WHERE (((t0.activeStatus = ?) AND t1.userId NOT IN (SELECT t2.userId FROM ast_UserRoleBridge_T t2)) AND (t1.userId = t0.userId))
[EL Fine]: sql: 2016-06-06 13:31:38.83--ClientSession(1012245464)--Connection(1822299140)--Thread(Thread[Test worker,5,main])--UPDATE art_query SET sql_query = ? WHERE (query_id = ?)
	bind => [SELECT t0.loginPk, t0.failedLoginAttempts, t0.loginId, t0.serverAuthImage, t0.serverAuthText, t0.versionId, t0.createdBy, t0.createdDate, t0.updatedBy, t0.updatedDate, t0.activeStatus, t0.txnAccessCode, t0.contactId, t0.userId FROM ast_Login_T t0, ast_User_T t1 WHERE (((t0.activeStatus = ?) AND t1.userId NOT IN (SELECT t2.userId FROM ast_UserRoleBridge_T t2)) AND (t1.userId = t0.userId)), 7BFFAF32-08F9-471F-9E7E-BDD551AFF1FE]
[EL Config]: connection: 2016-06-06 13:31:38.856--ServerSession(691663889)--Connection(1822299140)--Thread(Thread[Test worker,5,main])--disconnect
[EL Fine]: sql: 2016-06-06 13:31:38.859--ClientSession(1344358734)--Connection(1257515583)--Thread(Thread[Test worker,5,main])--SELECT query_id, active_status, app_creator_id, created_by, created_date, hidden_name, jpql_query, name, project_id, project_version_id, query_json, query_type, sql_query, updated_by, updated_date, user_access, version_id FROM art_query WHERE (query_id = ?)
	bind => [C2753BF6-B5C1-4C61-AB3C-9A368C31998A]
DELETE FROM ast_SessionData_T WHERE ((activeStatus = ?) AND (appSessionId = ?))
[EL Fine]: sql: 2016-06-06 13:31:38.861--ClientSession(1344358734)--Connection(1257515583)--Thread(Thread[Test worker,5,main])--UPDATE art_query SET sql_query = ? WHERE (query_id = ?)
	bind => [DELETE FROM ast_SessionData_T WHERE ((activeStatus = ?) AND (appSessionId = ?)), C2753BF6-B5C1-4C61-AB3C-9A368C31998A]
[EL Config]: connection: 2016-06-06 13:31:38.889--ServerSession(691663889)--Connection(1257515583)--Thread(Thread[Test worker,5,main])--disconnect
[EL Fine]: sql: 2016-06-06 13:31:38.901--ClientSession(1752860746)--Connection(2090203783)--Thread(Thread[Test worker,5,main])--SELECT query_id, active_status, app_creator_id, created_by, created_date, hidden_name, jpql_query, name, project_id, project_version_id, query_json, query_type, sql_query, updated_by, updated_date, user_access, version_id FROM art_query WHERE (query_id = ?)
	bind => [D1DD55CD-31A5-43C8-BD63-66D12B6B8AED]
SELECT monitorId, scheduledDateTime, serverInstanceId, serverIpAddress, totalClass, classLoaded, classUnloaded, gcCollectionTime, gcMemoryName, ((nonHeapCommitted / ?) / ?), ((nonHeapUsed / ?) / ?), ((heapCommitted / ?) / ?), ((maxMemory / ?) / ?), (? - ((usedMemory / totalMemory) * ?)), ((heapUsed / ?) / ?), ((totalMemory / ?) / ?), startTime, upTime, cpuTime, ((freePhysicalSize / ?) / ?), ((totalPhysicalMemorySize / ?) / ?), cpuLoadTime, ROUND(((freeSwapSize / ?) / ?)), systemLoadAverage, ROUND(((totalSwapSize / ?) / ?)), availableProcessor, totalThread, threadPeakCount, threadStartedCount, threadDaemonCount, threadCpuTime, threadUserTime, cpuLoad, ((usedMemory / totalMemory) * ?), ((usedSwapSize / ?) / ?), ((usedPhysicalMemory / ?) / ?) FROM zen_health ORDER BY scheduledDateTime DESC
[EL Fine]: sql: 2016-06-06 13:31:38.904--ClientSession(1752860746)--Connection(2090203783)--Thread(Thread[Test worker,5,main])--UPDATE art_query SET sql_query = ? WHERE (query_id = ?)
	bind => [SELECT monitorId, scheduledDateTime, serverInstanceId, serverIpAddress, totalClass, classLoaded, classUnloaded, gcCollectionTime, gcMemoryName, ((nonHeapCommitted / ?) / ?), ((nonHeapUsed / ?) / ?), ((heapCommitted / ?) / ?), ((maxMemory / ?) / ?), (? - ((usedMemory / totalMemory) * ?)), ((heapUsed / ?) / ?), ((totalMemory / ?) / ?), startTime, upTime, cpuTime, ((freePhysicalSize / ?) / ?), ((totalPhysicalMemorySize / ?) / ?), cpuLoadTime, ROUND(((freeSwapSize / ?) / ?)), systemLoadAverage, ROUND(((totalSwapSize / ?) / ?)), availableProcessor, totalThread, threadPeakCount, threadStartedCount, threadDaemonCount, threadCpuTime, threadUserTime, cpuLoad, ((usedMemory / totalMemory) * ?), ((usedSwapSize / ?) / ?), ((usedPhysicalMemory / ?) / ?) FROM zen_health ORDER BY scheduledDateTime DESC, D1DD55CD-31A5-43C8-BD63-66D12B6B8AED]
[EL Config]: connection: 2016-06-06 13:31:38.971--ServerSession(691663889)--Connection(2090203783)--Thread(Thread[Test worker,5,main])--disconnect
[EL Fine]: sql: 2016-06-06 13:31:38.974--ClientSession(1024492388)--Connection(1562858407)--Thread(Thread[Test worker,5,main])--SELECT query_id, active_status, app_creator_id, created_by, created_date, hidden_name, jpql_query, name, project_id, project_version_id, query_json, query_type, sql_query, updated_by, updated_date, user_access, version_id FROM art_query WHERE (query_id = ?)
	bind => [D29738A5-FF5C-477E-861D-A6D315E764C7]
SELECT healthId, scheduledDateTime, serverInstanceId, serverIpAddress, ROUND((? - ((usedSpace / totalSpace) * ?))), ROUND(((usedSpace / totalSpace) * ?)), ROUND(((totalSpace / ?) / ?)), status FROM zen_health_status ORDER BY scheduledDateTime DESC
[EL Fine]: sql: 2016-06-06 13:31:38.976--ClientSession(1024492388)--Connection(1562858407)--Thread(Thread[Test worker,5,main])--UPDATE art_query SET sql_query = ? WHERE (query_id = ?)
	bind => [SELECT healthId, scheduledDateTime, serverInstanceId, serverIpAddress, ROUND((? - ((usedSpace / totalSpace) * ?))), ROUND(((usedSpace / totalSpace) * ?)), ROUND(((totalSpace / ?) / ?)), status FROM zen_health_status ORDER BY scheduledDateTime DESC, D29738A5-FF5C-477E-861D-A6D315E764C7]
[EL Fine]: sql: 2016-06-06 13:31:39.011--ClientSession(1627465489)--Connection(1562858407)--Thread(Thread[Test worker,5,main])--SELECT query_id, active_status, app_creator_id, created_by, created_date, hidden_name, jpql_query, name, project_id, project_version_id, query_json, query_type, sql_query, updated_by, updated_date, user_access, version_id FROM art_query WHERE (query_id = ?)
	bind => [E6AE1D9D-42A8-4DA7-A9BD-83D44C8C996E]
SELECT CONCAT(CONCAT(CONCAT(CONCAT(CONCAT(CONCAT(t0.firstName, ?), t2.ipAddress), ?), t2.requestId), ?), t2.appSessionId), t2.requestId, t2.className, t2.requestTime, t2.requestMethod, t2.httpStatus, t2.returnStatus, t2.executionTime, t2.methodName, t2.startTime, t2.endTime, t2.typeofClass, t2.callSeqId, t2.exceptionId, t2.userId, t2.appSessionId FROM ast_User_T t3, zen_request_details t2, ast_Login_T t1, ast_CoreContacts_T t0 WHERE ((((t3.userId = t2.userId) AND (t2.requestTime >= ?)) AND (t2.requestTime <= ?)) AND ((t3.userId = t1.userId) AND (t0.contactId = t1.contactId))) ORDER BY t2.requestTime DESC, t2.requestId, t2.callSeqId ASC
[EL Fine]: sql: 2016-06-06 13:31:39.012--ClientSession(1627465489)--Connection(1562858407)--Thread(Thread[Test worker,5,main])--UPDATE art_query SET sql_query = ? WHERE (query_id = ?)
	bind => [SELECT CONCAT(CONCAT(CONCAT(CONCAT(CONCAT(CONCAT(t0.firstName, ?), t2.ipAddress), ?), t2.requestId), ?), t2.appSessionId), t2.requestId, t2.className, t2.requestTime, t2.requestMethod, t2.httpStatus, t2.returnStatus, t2.executionTime, t2.methodName, t2.startTime, t2.endTime, t2.typeofClass, t2.callSeqId, t2.exceptionId, t2.userId, t2.appSessionId FROM ast_User_T t3, zen_request_details t2, ast_Login_T t1, ast_CoreContacts_T t0 WHERE ((((t3.userId = t2.userId) AND (t2.requestTime >= ?)) AND (t2.requestTime <= ?)) AND ((t3.userId = t1.userId) AND (t0.contactId = t1.contactId))) ORDER BY t2.requestTime DESC, t2.requestId, t2.callSeqId ASC, E6AE1D9D-42A8-4DA7-A9BD-83D44C8C996E]
[EL Fine]: sql: 2016-06-06 13:31:39.049--ClientSession(1350232106)--Connection(1562858407)--Thread(Thread[Test worker,5,main])--SELECT query_id, active_status, app_creator_id, created_by, created_date, hidden_name, jpql_query, name, project_id, project_version_id, query_json, query_type, sql_query, updated_by, updated_date, user_access, version_id FROM art_query WHERE (query_id = ?)
	bind => [FCB0AA0E-3A75-4938-A9E3-7518F80308D7]
SELECT CONCAT(t0.firstName, t0.lastName), t2.designationTypeDesc, t3.gender, t4.departmentTypeDesc, t5.jobTypeDesc, t1.reportingOfficer, t1.pan, t0.emailId, t0.phoneNumber, t1.empId FROM ast_JobType_M t5, ast_DepartmentType_M t4, ast_Gender_M t3, ast_DesignationType_M t2, ast_EmployeeInfo_M t1, ast_CoreContacts_T t0 WHERE (((((t1.jobTypeCode = t5.jobTypeCode) AND (t1.designationTypeCode = t2.designationTypeCode)) AND (t1.deptTypeCode = t4.departmentTypeCode)) AND (t0.genderId = t3.genderId)) AND (t0.contactId = t1.contactId))
[EL Fine]: sql: 2016-06-06 13:31:39.051--ClientSession(1350232106)--Connection(1562858407)--Thread(Thread[Test worker,5,main])--UPDATE art_query SET sql_query = ? WHERE (query_id = ?)
	bind => [SELECT CONCAT(t0.firstName, t0.lastName), t2.designationTypeDesc, t3.gender, t4.departmentTypeDesc, t5.jobTypeDesc, t1.reportingOfficer, t1.pan, t0.emailId, t0.phoneNumber, t1.empId FROM ast_JobType_M t5, ast_DepartmentType_M t4, ast_Gender_M t3, ast_DesignationType_M t2, ast_EmployeeInfo_M t1, ast_CoreContacts_T t0 WHERE (((((t1.jobTypeCode = t5.jobTypeCode) AND (t1.designationTypeCode = t2.designationTypeCode)) AND (t1.deptTypeCode = t4.departmentTypeCode)) AND (t0.genderId = t3.genderId)) AND (t0.contactId = t1.contactId)), FCB0AA0E-3A75-4938-A9E3-7518F80308D7]
Setting logged in user info for ADD
[EL Fine]: sql: 2016-06-06 13:31:48.455--ClientSession(89929548)--Connection(1562858407)--Thread(Thread[Test worker,5,main])--INSERT INTO ast_DesignationType_M (designationTypeCode, designationTypeDesc, versionId, createdBy, createdDate, updatedBy, updatedDate, activeStatus, txnAccessCode) VALUES (?, ?, ?, ?, ?, ?, ?, ?, ?)
	bind => [BAF4EEA9-53F4-4AB9-AAE0-D14A61D7094D, Xe8wfdojvBqAfyoq6S8ECgXPyL4m7sSUa4sfOGxtEIxoj6ATRg, 1, AAAAA, 2016-06-06 13:31:48.435, AAAAA, 2016-06-06 13:31:48.435, 1, 51000]
[EL Fine]: sql: 2016-06-06 13:31:48.585--ClientSession(1287531884)--Connection(1562858407)--Thread(Thread[Test worker,5,main])--SELECT designationTypeCode, designationTypeDesc, versionId, createdBy, createdDate, updatedBy, updatedDate, activeStatus, txnAccessCode FROM ast_DesignationType_M WHERE ((activeStatus = ?) AND (designationTypeCode = ?))
	bind => [1, BAF4EEA9-53F4-4AB9-AAE0-D14A61D7094D]
Setting logged in user info for UPDATE
[EL Fine]: sql: 2016-06-06 13:31:48.593--ClientSession(126560853)--Connection(1562858407)--Thread(Thread[Test worker,5,main])--SELECT designationTypeCode, designationTypeDesc, versionId, createdBy, createdDate, updatedBy, updatedDate, activeStatus, txnAccessCode FROM ast_DesignationType_M WHERE (designationTypeCode = ?)
	bind => [BAF4EEA9-53F4-4AB9-AAE0-D14A61D7094D]
[EL Fine]: sql: 2016-06-06 13:31:48.595--ClientSession(126560853)--Connection(1562858407)--Thread(Thread[Test worker,5,main])--UPDATE ast_DesignationType_M SET designationTypeDesc = ?, versionId = ? WHERE ((designationTypeCode = ?) AND (versionId = ?))
	bind => [pr1PrQhIi6hZ0t9ZjVv6lpv2S1mykiu0yz8V3ESFOp4jbiTyjD, 2, BAF4EEA9-53F4-4AB9-AAE0-D14A61D7094D, 1]
[EL Fine]: sql: 2016-06-06 13:31:48.661--ClientSession(1746096603)--Connection(1562858407)--Thread(Thread[Test worker,5,main])--SELECT designationTypeCode, designationTypeDesc, versionId, createdBy, createdDate, updatedBy, updatedDate, activeStatus, txnAccessCode FROM ast_DesignationType_M WHERE ((activeStatus = ?) AND (designationTypeCode = ?))
	bind => [1, BAF4EEA9-53F4-4AB9-AAE0-D14A61D7094D]
[EL Fine]: sql: 2016-06-06 13:31:48.703--ClientSession(444852282)--Connection(1562858407)--Thread(Thread[Test worker,5,main])--SELECT designationTypeCode, designationTypeDesc, versionId, createdBy, createdDate, updatedBy, updatedDate, activeStatus, txnAccessCode FROM ast_DesignationType_M WHERE (designationTypeCode = ?)
	bind => [BAF4EEA9-53F4-4AB9-AAE0-D14A61D7094D]
[EL Fine]: sql: 2016-06-06 13:31:48.706--ClientSession(444852282)--Connection(1562858407)--Thread(Thread[Test worker,5,main])--DELETE FROM ast_DesignationType_M WHERE ((designationTypeCode = ?) AND (versionId = ?))
	bind => [BAF4EEA9-53F4-4AB9-AAE0-D14A61D7094D, 2]
]]></system-out>
  <system-err><![CDATA[log4j:WARN No appenders could be found for logger (org.springframework.test.context.junit4.SpringJUnit4ClassRunner).
log4j:WARN Please initialize the log4j system properly.
log4j:WARN See http://logging.apache.org/log4j/1.2/faq.html#noconfig for more info.
DesignationType.designationTypeDesc may not be null
java.lang.SecurityException: DesignationType.designationTypeDesc may not be null
	at com.athena.server.pluggable.utils.helper.EntityValidatorHelper.validateEntity(EntityValidatorHelper.java:37)
	at com.hresource.app.shared.humanresourceboundedcontext.employee.DesignationType.isValid(DesignationType.java:135)
	at com.hresource.app.server.service.humanresourceboundedcontext.employee.DesignationTypeTestCase.validateDesignationType(DesignationTypeTestCase.java:178)
	at com.hresource.app.server.service.humanresourceboundedcontext.employee.DesignationTypeTestCase.test5NegativeTesting(DesignationTypeTestCase.java:209)
	at sun.reflect.NativeMethodAccessorImpl.invoke0(Native Method)
	at sun.reflect.NativeMethodAccessorImpl.invoke(NativeMethodAccessorImpl.java:57)
	at sun.reflect.DelegatingMethodAccessorImpl.invoke(DelegatingMethodAccessorImpl.java:43)
	at java.lang.reflect.Method.invoke(Method.java:606)
	at org.junit.runners.model.FrameworkMethod$1.runReflectiveCall(FrameworkMethod.java:47)
	at org.junit.internal.runners.model.ReflectiveCallable.run(ReflectiveCallable.java:12)
	at org.junit.runners.model.FrameworkMethod.invokeExplosively(FrameworkMethod.java:44)
	at org.junit.internal.runners.statements.InvokeMethod.evaluate(InvokeMethod.java:17)
	at org.junit.internal.runners.statements.RunBefores.evaluate(RunBefores.java:26)
	at org.springframework.test.context.junit4.statements.RunBeforeTestMethodCallbacks.evaluate(RunBeforeTestMethodCallbacks.java:74)
	at org.junit.internal.runners.statements.RunAfters.evaluate(RunAfters.java:27)
	at org.springframework.test.context.junit4.statements.RunAfterTestMethodCallbacks.evaluate(RunAfterTestMethodCallbacks.java:83)
	at org.springframework.test.context.junit4.statements.SpringRepeat.evaluate(SpringRepeat.java:72)
	at org.springframework.test.context.junit4.SpringJUnit4ClassRunner.runChild(SpringJUnit4ClassRunner.java:233)
	at org.springframework.test.context.junit4.SpringJUnit4ClassRunner.runChild(SpringJUnit4ClassRunner.java:87)
	at org.junit.runners.ParentRunner$3.run(ParentRunner.java:238)
	at org.junit.runners.ParentRunner$1.schedule(ParentRunner.java:63)
	at org.junit.runners.ParentRunner.runChildren(ParentRunner.java:236)
	at org.junit.runners.ParentRunner.access$000(ParentRunner.java:53)
	at org.junit.runners.ParentRunner$2.evaluate(ParentRunner.java:229)
	at org.junit.internal.runners.statements.RunBefores.evaluate(RunBefores.java:26)
	at org.springframework.test.context.junit4.statements.RunBeforeTestClassCallbacks.evaluate(RunBeforeTestClassCallbacks.java:61)
	at org.springframework.test.context.junit4.statements.RunAfterTestClassCallbacks.evaluate(RunAfterTestClassCallbacks.java:71)
	at org.junit.runners.ParentRunner.run(ParentRunner.java:309)
	at org.springframework.test.context.junit4.SpringJUnit4ClassRunner.run(SpringJUnit4ClassRunner.java:176)
	at org.gradle.api.internal.tasks.testing.junit.JUnitTestClassExecuter.runTestClass(JUnitTestClassExecuter.java:86)
	at org.gradle.api.internal.tasks.testing.junit.JUnitTestClassExecuter.execute(JUnitTestClassExecuter.java:49)
	at org.gradle.api.internal.tasks.testing.junit.JUnitTestClassProcessor.processTestClass(JUnitTestClassProcessor.java:64)
	at org.gradle.api.internal.tasks.testing.SuiteTestClassProcessor.processTestClass(SuiteTestClassProcessor.java:50)
	at sun.reflect.NativeMethodAccessorImpl.invoke0(Native Method)
	at sun.reflect.NativeMethodAccessorImpl.invoke(NativeMethodAccessorImpl.java:57)
	at sun.reflect.DelegatingMethodAccessorImpl.invoke(DelegatingMethodAccessorImpl.java:43)
	at java.lang.reflect.Method.invoke(Method.java:606)
	at org.gradle.messaging.dispatch.ReflectionDispatch.dispatch(ReflectionDispatch.java:35)
	at org.gradle.messaging.dispatch.ReflectionDispatch.dispatch(ReflectionDispatch.java:24)
	at org.gradle.messaging.dispatch.ContextClassLoaderDispatch.dispatch(ContextClassLoaderDispatch.java:32)
	at org.gradle.messaging.dispatch.ProxyDispatchAdapter$DispatchingInvocationHandler.invoke(ProxyDispatchAdapter.java:93)
	at com.sun.proxy.$Proxy2.processTestClass(Unknown Source)
	at org.gradle.api.internal.tasks.testing.worker.TestWorker.processTestClass(TestWorker.java:106)
	at sun.reflect.NativeMethodAccessorImpl.invoke0(Native Method)
	at sun.reflect.NativeMethodAccessorImpl.invoke(NativeMethodAccessorImpl.java:57)
	at sun.reflect.DelegatingMethodAccessorImpl.invoke(DelegatingMethodAccessorImpl.java:43)
	at java.lang.reflect.Method.invoke(Method.java:606)
	at org.gradle.messaging.dispatch.ReflectionDispatch.dispatch(ReflectionDispatch.java:35)
	at org.gradle.messaging.dispatch.ReflectionDispatch.dispatch(ReflectionDispatch.java:24)
	at org.gradle.messaging.remote.internal.hub.MessageHub$Handler.run(MessageHub.java:360)
	at org.gradle.internal.concurrent.DefaultExecutorFactory$StoppableExecutorImpl$1.run(DefaultExecutorFactory.java:64)
	at java.util.concurrent.ThreadPoolExecutor.runWorker(ThreadPoolExecutor.java:1145)
	at java.util.concurrent.ThreadPoolExecutor$Worker.run(ThreadPoolExecutor.java:615)
	at java.lang.Thread.run(Thread.java:745)
DesignationType.designationTypeDesc size must be between 1 and 256
java.lang.SecurityException: DesignationType.designationTypeDesc size must be between 1 and 256
	at com.athena.server.pluggable.utils.helper.EntityValidatorHelper.validateEntity(EntityValidatorHelper.java:37)
	at com.hresource.app.shared.humanresourceboundedcontext.employee.DesignationType.isValid(DesignationType.java:135)
	at com.hresource.app.server.service.humanresourceboundedcontext.employee.DesignationTypeTestCase.validateDesignationType(DesignationTypeTestCase.java:176)
	at com.hresource.app.server.service.humanresourceboundedcontext.employee.DesignationTypeTestCase.test5NegativeTesting(DesignationTypeTestCase.java:214)
	at sun.reflect.NativeMethodAccessorImpl.invoke0(Native Method)
	at sun.reflect.NativeMethodAccessorImpl.invoke(NativeMethodAccessorImpl.java:57)
	at sun.reflect.DelegatingMethodAccessorImpl.invoke(DelegatingMethodAccessorImpl.java:43)
	at java.lang.reflect.Method.invoke(Method.java:606)
	at org.junit.runners.model.FrameworkMethod$1.runReflectiveCall(FrameworkMethod.java:47)
	at org.junit.internal.runners.model.ReflectiveCallable.run(ReflectiveCallable.java:12)
	at org.junit.runners.model.FrameworkMethod.invokeExplosively(FrameworkMethod.java:44)
	at org.junit.internal.runners.statements.InvokeMethod.evaluate(InvokeMethod.java:17)
	at org.junit.internal.runners.statements.RunBefores.evaluate(RunBefores.java:26)
	at org.springframework.test.context.junit4.statements.RunBeforeTestMethodCallbacks.evaluate(RunBeforeTestMethodCallbacks.java:74)
	at org.junit.internal.runners.statements.RunAfters.evaluate(RunAfters.java:27)
	at org.springframework.test.context.junit4.statements.RunAfterTestMethodCallbacks.evaluate(RunAfterTestMethodCallbacks.java:83)
	at org.springframework.test.context.junit4.statements.SpringRepeat.evaluate(SpringRepeat.java:72)
	at org.springframework.test.context.junit4.SpringJUnit4ClassRunner.runChild(SpringJUnit4ClassRunner.java:233)
	at org.springframework.test.context.junit4.SpringJUnit4ClassRunner.runChild(SpringJUnit4ClassRunner.java:87)
	at org.junit.runners.ParentRunner$3.run(ParentRunner.java:238)
	at org.junit.runners.ParentRunner$1.schedule(ParentRunner.java:63)
	at org.junit.runners.ParentRunner.runChildren(ParentRunner.java:236)
	at org.junit.runners.ParentRunner.access$000(ParentRunner.java:53)
	at org.junit.runners.ParentRunner$2.evaluate(ParentRunner.java:229)
	at org.junit.internal.runners.statements.RunBefores.evaluate(RunBefores.java:26)
	at org.springframework.test.context.junit4.statements.RunBeforeTestClassCallbacks.evaluate(RunBeforeTestClassCallbacks.java:61)
	at org.springframework.test.context.junit4.statements.RunAfterTestClassCallbacks.evaluate(RunAfterTestClassCallbacks.java:71)
	at org.junit.runners.ParentRunner.run(ParentRunner.java:309)
	at org.springframework.test.context.junit4.SpringJUnit4ClassRunner.run(SpringJUnit4ClassRunner.java:176)
	at org.gradle.api.internal.tasks.testing.junit.JUnitTestClassExecuter.runTestClass(JUnitTestClassExecuter.java:86)
	at org.gradle.api.internal.tasks.testing.junit.JUnitTestClassExecuter.execute(JUnitTestClassExecuter.java:49)
	at org.gradle.api.internal.tasks.testing.junit.JUnitTestClassProcessor.processTestClass(JUnitTestClassProcessor.java:64)
	at org.gradle.api.internal.tasks.testing.SuiteTestClassProcessor.processTestClass(SuiteTestClassProcessor.java:50)
	at sun.reflect.NativeMethodAccessorImpl.invoke0(Native Method)
	at sun.reflect.NativeMethodAccessorImpl.invoke(NativeMethodAccessorImpl.java:57)
	at sun.reflect.DelegatingMethodAccessorImpl.invoke(DelegatingMethodAccessorImpl.java:43)
	at java.lang.reflect.Method.invoke(Method.java:606)
	at org.gradle.messaging.dispatch.ReflectionDispatch.dispatch(ReflectionDispatch.java:35)
	at org.gradle.messaging.dispatch.ReflectionDispatch.dispatch(ReflectionDispatch.java:24)
	at org.gradle.messaging.dispatch.ContextClassLoaderDispatch.dispatch(ContextClassLoaderDispatch.java:32)
	at org.gradle.messaging.dispatch.ProxyDispatchAdapter$DispatchingInvocationHandler.invoke(ProxyDispatchAdapter.java:93)
	at com.sun.proxy.$Proxy2.processTestClass(Unknown Source)
	at org.gradle.api.internal.tasks.testing.worker.TestWorker.processTestClass(TestWorker.java:106)
	at sun.reflect.NativeMethodAccessorImpl.invoke0(Native Method)
	at sun.reflect.NativeMethodAccessorImpl.invoke(NativeMethodAccessorImpl.java:57)
	at sun.reflect.DelegatingMethodAccessorImpl.invoke(DelegatingMethodAccessorImpl.java:43)
	at java.lang.reflect.Method.invoke(Method.java:606)
	at org.gradle.messaging.dispatch.ReflectionDispatch.dispatch(ReflectionDispatch.java:35)
	at org.gradle.messaging.dispatch.ReflectionDispatch.dispatch(ReflectionDispatch.java:24)
	at org.gradle.messaging.remote.internal.hub.MessageHub$Handler.run(MessageHub.java:360)
	at org.gradle.internal.concurrent.DefaultExecutorFactory$StoppableExecutorImpl$1.run(DefaultExecutorFactory.java:64)
	at java.util.concurrent.ThreadPoolExecutor.runWorker(ThreadPoolExecutor.java:1145)
	at java.util.concurrent.ThreadPoolExecutor$Worker.run(ThreadPoolExecutor.java:615)
	at java.lang.Thread.run(Thread.java:745)
]]></system-err>
</testsuite>
